v ATLAS
# This file was created by ATLAS version 5.32.1.R on Mon May 25 22:21:18 2026.
#SSF 2.0 generic
##############################################################################
#                    Copyright (c) 1984 - 2021                               #
#                    Silvaco Inc. All rights reserved                        #
#                                                                            #
# This file format and the following Key are copyright Silvaco Inc.          #
# You may not use, this format or key without reproducing this message in    #
# full and obtaining express written permission from Silvaco Inc.            #
#                                                                            #
# To obtain such permission please contact: Silvaco Inc.                     #
#                                           support@silvaco.com              #
#                                                                            #
# KEY=SVC86hn7562asdx                       PROD=345                         #
##############################################################################
y 3 700 711 15
z 1 0.02 300
f 4 "source" "drain" "gate" "substrate" 
p 12 2 601 20 3 602 21 4 603 22 5 604 23 
d 0.000000000e+00 0.000000000e+00 -8.321983886e-19 0.000000000e+00 0.000000000e+00 -8.419889579e-19 5.000000000e-01 5.000000000e-01 0.000000000e+00 0.000000000e+00 0.000000000e+00 2.744553154e-22 
d 0.000000000e+00 0.000000000e+00 -3.478203277e-10 1.000000000e-02 1.000000000e-02 3.478204545e-10 5.000000000e-01 5.000000000e-01 0.000000000e+00 0.000000000e+00 0.000000000e+00 -1.208393799e-16 
d 0.000000000e+00 0.000000000e+00 -5.885807561e-10 2.000000000e-02 2.000000000e-02 5.885809611e-10 5.000000000e-01 5.000000000e-01 0.000000000e+00 0.000000000e+00 0.000000000e+00 -2.131715857e-16 
d 0.000000000e+00 0.000000000e+00 -7.557156698e-10 3.000000000e-02 3.000000000e-02 7.557159654e-10 5.000000000e-01 5.000000000e-01 0.000000000e+00 0.000000000e+00 0.000000000e+00 -2.848555858e-16 
d 0.000000000e+00 0.000000000e+00 -8.722781330e-10 4.000000000e-02 4.000000000e-02 8.722784895e-10 5.000000000e-01 5.000000000e-01 0.000000000e+00 0.000000000e+00 0.000000000e+00 -3.414620637e-16 
d 0.000000000e+00 0.000000000e+00 -9.541298283e-10 5.000000000e-02 5.000000000e-02 9.541302035e-10 5.000000000e-01 5.000000000e-01 0.000000000e+00 0.000000000e+00 0.000000000e+00 -3.869674508e-16 
d 0.000000000e+00 0.000000000e+00 -1.012167605e-09 6.000000000e-02 6.000000000e-02 1.012168027e-09 5.000000000e-01 5.000000000e-01 0.000000000e+00 0.000000000e+00 0.000000000e+00 -4.242212278e-16 
d 0.000000000e+00 0.000000000e+00 -1.053869202e-09 7.000000000e-02 7.000000000e-02 1.053869657e-09 5.000000000e-01 5.000000000e-01 0.000000000e+00 0.000000000e+00 0.000000000e+00 -4.552752559e-16 
d 0.000000000e+00 0.000000000e+00 -1.084361904e-09 8.000000000e-02 8.000000000e-02 1.084362390e-09 5.000000000e-01 5.000000000e-01 0.000000000e+00 0.000000000e+00 0.000000000e+00 -4.816161427e-16 
d 0.000000000e+00 0.000000000e+00 -1.107159345e-09 9.000000000e-02 9.000000000e-02 1.107159835e-09 5.000000000e-01 5.000000000e-01 0.000000000e+00 0.000000000e+00 0.000000000e+00 -5.043238661e-16 
d 0.000000000e+00 0.000000000e+00 -1.124668478e-09 1.000000000e-01 1.000000000e-01 1.124669003e-09 5.000000000e-01 5.000000000e-01 0.000000000e+00 0.000000000e+00 0.000000000e+00 -5.241955930e-16 
d 0.000000000e+00 0.000000000e+00 -1.138537821e-09 1.100000000e-01 1.100000000e-01 1.138538388e-09 5.000000000e-01 5.000000000e-01 0.000000000e+00 0.000000000e+00 0.000000000e+00 -5.418192057e-16 
d 0.000000000e+00 0.000000000e+00 -1.149896414e-09 1.200000000e-01 1.200000000e-01 1.149896970e-09 5.000000000e-01 5.000000000e-01 0.000000000e+00 0.000000000e+00 0.000000000e+00 -5.576348234e-16 
d 0.000000000e+00 0.000000000e+00 -1.159517533e-09 1.300000000e-01 1.300000000e-01 1.159518105e-09 5.000000000e-01 5.000000000e-01 0.000000000e+00 0.000000000e+00 0.000000000e+00 -5.719730940e-16 
d 0.000000000e+00 0.000000000e+00 -1.167931004e-09 1.400000000e-01 1.400000000e-01 1.167931605e-09 5.000000000e-01 5.000000000e-01 0.000000000e+00 0.000000000e+00 0.000000000e+00 -5.850902825e-16 
d 0.000000000e+00 0.000000000e+00 -1.175500027e-09 1.500000000e-01 1.500000000e-01 1.175500617e-09 5.000000000e-01 5.000000000e-01 0.000000000e+00 0.000000000e+00 0.000000000e+00 -5.971817592e-16 
d 0.000000000e+00 0.000000000e+00 -1.182473773e-09 1.600000000e-01 1.600000000e-01 1.182474345e-09 5.000000000e-01 5.000000000e-01 0.000000000e+00 0.000000000e+00 0.000000000e+00 -6.084005958e-16 
d 0.000000000e+00 0.000000000e+00 -1.189023281e-09 1.700000000e-01 1.700000000e-01 1.189023914e-09 5.000000000e-01 5.000000000e-01 0.000000000e+00 0.000000000e+00 0.000000000e+00 -6.188711754e-16 
d 0.000000000e+00 0.000000000e+00 -1.195266331e-09 1.800000000e-01 1.800000000e-01 1.195266965e-09 5.000000000e-01 5.000000000e-01 0.000000000e+00 0.000000000e+00 0.000000000e+00 -6.286911880e-16 
d 0.000000000e+00 0.000000000e+00 -1.201284014e-09 1.900000000e-01 1.900000000e-01 1.201284669e-09 5.000000000e-01 5.000000000e-01 0.000000000e+00 0.000000000e+00 0.000000000e+00 -6.379394021e-16 
d 0.000000000e+00 0.000000000e+00 -1.207132410e-09 2.000000000e-01 2.000000000e-01 1.207133063e-09 5.000000000e-01 5.000000000e-01 0.000000000e+00 0.000000000e+00 0.000000000e+00 -6.466843351e-16 
d 0.000000000e+00 0.000000000e+00 -1.212850451e-09 2.100000000e-01 2.100000000e-01 1.212851137e-09 5.000000000e-01 5.000000000e-01 0.000000000e+00 0.000000000e+00 0.000000000e+00 -6.549789200e-16 
d 0.000000000e+00 0.000000000e+00 -1.218465266e-09 2.200000000e-01 2.200000000e-01 1.218465913e-09 5.000000000e-01 5.000000000e-01 0.000000000e+00 0.000000000e+00 0.000000000e+00 -6.628725505e-16 
d 0.000000000e+00 0.000000000e+00 -1.223995955e-09 2.300000000e-01 2.300000000e-01 1.223996606e-09 5.000000000e-01 5.000000000e-01 0.000000000e+00 0.000000000e+00 0.000000000e+00 -6.704025810e-16 
d 0.000000000e+00 0.000000000e+00 -1.229456013e-09 2.400000000e-01 2.400000000e-01 1.229456698e-09 5.000000000e-01 5.000000000e-01 0.000000000e+00 0.000000000e+00 0.000000000e+00 -6.776044606e-16 
d 0.000000000e+00 0.000000000e+00 -1.234855138e-09 2.500000000e-01 2.500000000e-01 1.234855827e-09 5.000000000e-01 5.000000000e-01 0.000000000e+00 0.000000000e+00 0.000000000e+00 -6.845096112e-16 
d 0.000000000e+00 0.000000000e+00 -1.240200384e-09 2.600000000e-01 2.600000000e-01 1.240201056e-09 5.000000000e-01 5.000000000e-01 0.000000000e+00 0.000000000e+00 0.000000000e+00 -6.911399522e-16 
d 0.000000000e+00 0.000000000e+00 -1.245496951e-09 2.700000000e-01 2.700000000e-01 1.245497637e-09 5.000000000e-01 5.000000000e-01 0.000000000e+00 0.000000000e+00 0.000000000e+00 -6.975214711e-16 
d 0.000000000e+00 0.000000000e+00 -1.250748778e-09 2.800000000e-01 2.800000000e-01 1.250749500e-09 5.000000000e-01 5.000000000e-01 0.000000000e+00 0.000000000e+00 0.000000000e+00 -7.036716669e-16 
d 0.000000000e+00 0.000000000e+00 -1.255958920e-09 2.900000000e-01 2.900000000e-01 1.255959644e-09 5.000000000e-01 5.000000000e-01 0.000000000e+00 0.000000000e+00 0.000000000e+00 -7.096111115e-16 
d 0.000000000e+00 0.000000000e+00 -1.261129815e-09 3.000000000e-01 3.000000000e-01 1.261130508e-09 5.000000000e-01 5.000000000e-01 0.000000000e+00 0.000000000e+00 0.000000000e+00 -7.153537258e-16 
d 0.000000000e+00 0.000000000e+00 -1.266263397e-09 3.100000000e-01 3.100000000e-01 1.266264158e-09 5.000000000e-01 5.000000000e-01 0.000000000e+00 0.000000000e+00 0.000000000e+00 -7.209137711e-16 
d 0.000000000e+00 0.000000000e+00 -1.271361316e-09 3.200000000e-01 3.200000000e-01 1.271362025e-09 5.000000000e-01 5.000000000e-01 0.000000000e+00 0.000000000e+00 0.000000000e+00 -7.263047452e-16 
d 0.000000000e+00 0.000000000e+00 -1.276425006e-09 3.300000000e-01 3.300000000e-01 1.276425743e-09 5.000000000e-01 5.000000000e-01 0.000000000e+00 0.000000000e+00 0.000000000e+00 -7.315392413e-16 
d 0.000000000e+00 0.000000000e+00 -1.281455666e-09 3.400000000e-01 3.400000000e-01 1.281456393e-09 5.000000000e-01 5.000000000e-01 0.000000000e+00 0.000000000e+00 0.000000000e+00 -7.366257601e-16 
d 0.000000000e+00 0.000000000e+00 -1.286454423e-09 3.500000000e-01 3.500000000e-01 1.286455127e-09 5.000000000e-01 5.000000000e-01 0.000000000e+00 0.000000000e+00 0.000000000e+00 -7.415752223e-16 
d 0.000000000e+00 0.000000000e+00 -1.291422266e-09 3.600000000e-01 3.600000000e-01 1.291422998e-09 5.000000000e-01 5.000000000e-01 0.000000000e+00 0.000000000e+00 0.000000000e+00 -7.463959987e-16 
d 0.000000000e+00 0.000000000e+00 -1.296360101e-09 3.700000000e-01 3.700000000e-01 1.296360831e-09 5.000000000e-01 5.000000000e-01 0.000000000e+00 0.000000000e+00 0.000000000e+00 -7.510965238e-16 
d 0.000000000e+00 0.000000000e+00 -1.301268773e-09 3.800000000e-01 3.800000000e-01 1.301269520e-09 5.000000000e-01 5.000000000e-01 0.000000000e+00 0.000000000e+00 0.000000000e+00 -7.556841158e-16 
d 0.000000000e+00 0.000000000e+00 -1.306149107e-09 3.900000000e-01 3.900000000e-01 1.306149884e-09 5.000000000e-01 5.000000000e-01 0.000000000e+00 0.000000000e+00 0.000000000e+00 -7.601654408e-16 
d 0.000000000e+00 0.000000000e+00 -1.311001795e-09 4.000000000e-01 4.000000000e-01 1.311002634e-09 5.000000000e-01 5.000000000e-01 0.000000000e+00 0.000000000e+00 0.000000000e+00 -7.645456425e-16 
d 0.000000000e+00 0.000000000e+00 -1.315827577e-09 4.100000000e-01 4.100000000e-01 1.315828360e-09 5.000000000e-01 5.000000000e-01 0.000000000e+00 0.000000000e+00 0.000000000e+00 -7.688311069e-16 
d 0.000000000e+00 0.000000000e+00 -1.320627112e-09 4.200000000e-01 4.200000000e-01 1.320627967e-09 5.000000000e-01 5.000000000e-01 0.000000000e+00 0.000000000e+00 0.000000000e+00 -7.730281264e-16 
d 0.000000000e+00 0.000000000e+00 -1.325401045e-09 4.300000000e-01 4.300000000e-01 1.325401867e-09 5.000000000e-01 5.000000000e-01 0.000000000e+00 0.000000000e+00 0.000000000e+00 -7.771398194e-16 
d 0.000000000e+00 0.000000000e+00 -1.330149965e-09 4.400000000e-01 4.400000000e-01 1.330150787e-09 5.000000000e-01 5.000000000e-01 0.000000000e+00 0.000000000e+00 0.000000000e+00 -7.811728552e-16 
d 0.000000000e+00 0.000000000e+00 -1.334874467e-09 4.500000000e-01 4.500000000e-01 1.334875233e-09 5.000000000e-01 5.000000000e-01 0.000000000e+00 0.000000000e+00 0.000000000e+00 -7.851302610e-16 
d 0.000000000e+00 0.000000000e+00 -1.339575083e-09 4.600000000e-01 4.600000000e-01 1.339575858e-09 5.000000000e-01 5.000000000e-01 0.000000000e+00 0.000000000e+00 0.000000000e+00 -7.890173526e-16 
d 0.000000000e+00 0.000000000e+00 -1.344252377e-09 4.700000000e-01 4.700000000e-01 1.344253215e-09 5.000000000e-01 5.000000000e-01 0.000000000e+00 0.000000000e+00 0.000000000e+00 -7.928372604e-16 
d 0.000000000e+00 0.000000000e+00 -1.348906832e-09 4.800000000e-01 4.800000000e-01 1.348907695e-09 5.000000000e-01 5.000000000e-01 0.000000000e+00 0.000000000e+00 0.000000000e+00 -7.965954014e-16 
d 0.000000000e+00 0.000000000e+00 -1.353538965e-09 4.900000000e-01 4.900000000e-01 1.353539799e-09 5.000000000e-01 5.000000000e-01 0.000000000e+00 0.000000000e+00 0.000000000e+00 -8.002938466e-16 
d 0.000000000e+00 0.000000000e+00 -1.358149224e-09 5.000000000e-01 5.000000000e-01 1.358149985e-09 5.000000000e-01 5.000000000e-01 0.000000000e+00 0.000000000e+00 0.000000000e+00 -8.039369466e-16 
d 0.000000000e+00 0.000000000e+00 -1.358149225e-09 5.000000000e-01 5.000000000e-01 1.358149987e-09 5.000000000e-01 5.000000000e-01 0.000000000e+00 0.000000000e+00 0.000000000e+00 -8.039373347e-16 
d 0.000000000e+00 0.000000000e+00 -1.380887935e-09 5.500000000e-01 5.500000000e-01 1.380888774e-09 5.000000000e-01 5.000000000e-01 0.000000000e+00 0.000000000e+00 0.000000000e+00 -8.214155936e-16 
d 0.000000000e+00 0.000000000e+00 -1.403141991e-09 6.000000000e-01 6.000000000e-01 1.403142784e-09 5.000000000e-01 5.000000000e-01 0.000000000e+00 0.000000000e+00 0.000000000e+00 -8.378776888e-16 
d 0.000000000e+00 0.000000000e+00 -1.424954788e-09 6.500000000e-01 6.500000000e-01 1.424955693e-09 5.000000000e-01 5.000000000e-01 0.000000000e+00 0.000000000e+00 0.000000000e+00 -8.535871180e-16 
d 0.000000000e+00 0.000000000e+00 -1.446363572e-09 7.000000000e-01 7.000000000e-01 1.446364478e-09 5.000000000e-01 5.000000000e-01 0.000000000e+00 0.000000000e+00 0.000000000e+00 -8.688127846e-16 
d 0.000000000e+00 0.000000000e+00 -1.467400664e-09 7.500000000e-01 7.500000000e-01 1.467401519e-09 5.000000000e-01 5.000000000e-01 0.000000000e+00 0.000000000e+00 0.000000000e+00 -8.837769628e-16 
d 0.000000000e+00 0.000000000e+00 -1.488094386e-09 8.000000000e-01 8.000000000e-01 1.488095172e-09 5.000000000e-01 5.000000000e-01 0.000000000e+00 0.000000000e+00 0.000000000e+00 -8.986376994e-16 
d 0.000000000e+00 0.000000000e+00 -1.508469755e-09 8.500000000e-01 8.500000000e-01 1.508470784e-09 5.000000000e-01 5.000000000e-01 0.000000000e+00 0.000000000e+00 0.000000000e+00 -9.134953552e-16 
d 0.000000000e+00 0.000000000e+00 -1.528549063e-09 9.000000000e-01 9.000000000e-01 1.528549968e-09 5.000000000e-01 5.000000000e-01 0.000000000e+00 0.000000000e+00 0.000000000e+00 -9.284636245e-16 
d 0.000000000e+00 0.000000000e+00 -1.548352276e-09 9.500000000e-01 9.500000000e-01 1.548353251e-09 5.000000000e-01 5.000000000e-01 0.000000000e+00 0.000000000e+00 0.000000000e+00 -9.436330918e-16 
d 0.000000000e+00 0.000000000e+00 -1.567897417e-09 1.000000000e+00 1.000000000e+00 1.567898340e-09 5.000000000e-01 5.000000000e-01 0.000000000e+00 0.000000000e+00 0.000000000e+00 -9.589729954e-16 
d 0.000000000e+00 0.000000000e+00 -1.587200819e-09 1.050000000e+00 1.050000000e+00 1.587201845e-09 5.000000000e-01 5.000000000e-01 0.000000000e+00 0.000000000e+00 0.000000000e+00 -9.742693324e-16 
d 0.000000000e+00 0.000000000e+00 -1.606277428e-09 1.100000000e+00 1.100000000e+00 1.606278499e-09 5.000000000e-01 5.000000000e-01 0.000000000e+00 0.000000000e+00 0.000000000e+00 -9.891344702e-16 
d 0.000000000e+00 0.000000000e+00 -1.625140978e-09 1.150000000e+00 1.150000000e+00 1.625142052e-09 5.000000000e-01 5.000000000e-01 0.000000000e+00 0.000000000e+00 0.000000000e+00 -1.003111079e-15 
d 0.000000000e+00 0.000000000e+00 -1.643804130e-09 1.200000000e+00 1.200000000e+00 1.643805048e-09 5.000000000e-01 5.000000000e-01 0.000000000e+00 0.000000000e+00 0.000000000e+00 -1.015824240e-15 
d 0.000000000e+00 0.000000000e+00 -1.662278655e-09 1.250000000e+00 1.250000000e+00 1.662279728e-09 5.000000000e-01 5.000000000e-01 0.000000000e+00 0.000000000e+00 0.000000000e+00 -1.027096303e-15 
d 0.000000000e+00 0.000000000e+00 -1.680575577e-09 1.300000000e+00 1.300000000e+00 1.680576557e-09 5.000000000e-01 5.000000000e-01 0.000000000e+00 0.000000000e+00 0.000000000e+00 -1.036966604e-15 
d 0.000000000e+00 0.000000000e+00 -1.698705199e-09 1.350000000e+00 1.350000000e+00 1.698706331e-09 5.000000000e-01 5.000000000e-01 0.000000000e+00 0.000000000e+00 0.000000000e+00 -1.045623748e-15 
d 0.000000000e+00 0.000000000e+00 -1.716677191e-09 1.400000000e+00 1.400000000e+00 1.716678183e-09 5.000000000e-01 5.000000000e-01 0.000000000e+00 0.000000000e+00 0.000000000e+00 -1.053311403e-15 
d 0.000000000e+00 0.000000000e+00 -1.734500704e-09 1.450000000e+00 1.450000000e+00 1.734501774e-09 5.000000000e-01 5.000000000e-01 0.000000000e+00 0.000000000e+00 0.000000000e+00 -1.060262024e-15 
d 0.000000000e+00 0.000000000e+00 -1.752184311e-09 1.500000000e+00 1.500000000e+00 1.752185520e-09 5.000000000e-01 5.000000000e-01 0.000000000e+00 0.000000000e+00 0.000000000e+00 -1.066655350e-15 
d 0.000000000e+00 0.000000000e+00 -1.769736123e-09 1.550000000e+00 1.550000000e+00 1.769737238e-09 5.000000000e-01 5.000000000e-01 0.000000000e+00 0.000000000e+00 0.000000000e+00 -1.072612971e-15 
d 0.000000000e+00 0.000000000e+00 -1.787163734e-09 1.600000000e+00 1.600000000e+00 1.787164869e-09 5.000000000e-01 5.000000000e-01 0.000000000e+00 0.000000000e+00 0.000000000e+00 -1.078226069e-15 
d 0.000000000e+00 0.000000000e+00 -1.804474262e-09 1.650000000e+00 1.650000000e+00 1.804475514e-09 5.000000000e-01 5.000000000e-01 0.000000000e+00 0.000000000e+00 0.000000000e+00 -1.083560189e-15 
d 0.000000000e+00 0.000000000e+00 -1.821674415e-09 1.700000000e+00 1.700000000e+00 1.821675492e-09 5.000000000e-01 5.000000000e-01 0.000000000e+00 0.000000000e+00 0.000000000e+00 -1.088668645e-15 
d 0.000000000e+00 0.000000000e+00 -1.838770399e-09 1.750000000e+00 1.750000000e+00 1.838771241e-09 5.000000000e-01 5.000000000e-01 0.000000000e+00 0.000000000e+00 0.000000000e+00 -1.093591982e-15 
d 0.000000000e+00 0.000000000e+00 -1.855768019e-09 1.800000000e+00 1.800000000e+00 1.855768894e-09 5.000000000e-01 5.000000000e-01 0.000000000e+00 0.000000000e+00 0.000000000e+00 -1.098361184e-15 
d 0.000000000e+00 0.000000000e+00 -1.872672662e-09 1.850000000e+00 1.850000000e+00 1.872673694e-09 5.000000000e-01 5.000000000e-01 0.000000000e+00 0.000000000e+00 0.000000000e+00 -1.102997291e-15 
d 0.000000000e+00 0.000000000e+00 -1.889489325e-09 1.900000000e+00 1.900000000e+00 1.889490418e-09 5.000000000e-01 5.000000000e-01 0.000000000e+00 0.000000000e+00 0.000000000e+00 -1.107518314e-15 
d 0.000000000e+00 0.000000000e+00 -1.906222603e-09 1.950000000e+00 1.950000000e+00 1.906223760e-09 5.000000000e-01 5.000000000e-01 0.000000000e+00 0.000000000e+00 0.000000000e+00 -1.111934740e-15 
d 0.000000000e+00 0.000000000e+00 -1.922876780e-09 2.000000000e+00 2.000000000e+00 1.922877949e-09 5.000000000e-01 5.000000000e-01 0.000000000e+00 0.000000000e+00 0.000000000e+00 -1.116256827e-15 
d 0.000000000e+00 0.000000000e+00 -1.939455832e-09 2.050000000e+00 2.050000000e+00 1.939456846e-09 5.000000000e-01 5.000000000e-01 0.000000000e+00 0.000000000e+00 0.000000000e+00 -1.120493024e-15 
d 0.000000000e+00 0.000000000e+00 -1.955963407e-09 2.100000000e+00 2.100000000e+00 1.955964342e-09 5.000000000e-01 5.000000000e-01 0.000000000e+00 0.000000000e+00 0.000000000e+00 -1.124644493e-15 
d 0.000000000e+00 0.000000000e+00 -1.972402897e-09 2.150000000e+00 2.150000000e+00 1.972404506e-09 5.000000000e-01 5.000000000e-01 0.000000000e+00 0.000000000e+00 0.000000000e+00 -1.128707681e-15 
d 0.000000000e+00 0.000000000e+00 -1.988777460e-09 2.200000000e+00 2.200000000e+00 1.988778625e-09 5.000000000e-01 5.000000000e-01 0.000000000e+00 0.000000000e+00 0.000000000e+00 -1.132679135e-15 
d 0.000000000e+00 0.000000000e+00 -2.005090037e-09 2.250000000e+00 2.250000000e+00 2.005090983e-09 5.000000000e-01 5.000000000e-01 0.000000000e+00 0.000000000e+00 0.000000000e+00 -1.136553956e-15 
d 0.000000000e+00 0.000000000e+00 -2.021343335e-09 2.300000000e+00 2.300000000e+00 2.021344473e-09 5.000000000e-01 5.000000000e-01 0.000000000e+00 0.000000000e+00 0.000000000e+00 -1.140333164e-15 
d 0.000000000e+00 0.000000000e+00 -2.037539930e-09 2.350000000e+00 2.350000000e+00 2.037541319e-09 5.000000000e-01 5.000000000e-01 0.000000000e+00 0.000000000e+00 0.000000000e+00 -1.144024180e-15 
d 0.000000000e+00 0.000000000e+00 -2.053682229e-09 2.400000000e+00 2.400000000e+00 2.053683484e-09 5.000000000e-01 5.000000000e-01 0.000000000e+00 0.000000000e+00 0.000000000e+00 -1.147636857e-15 
d 0.000000000e+00 0.000000000e+00 -2.069772430e-09 2.450000000e+00 2.450000000e+00 2.069773366e-09 5.000000000e-01 5.000000000e-01 0.000000000e+00 0.000000000e+00 0.000000000e+00 -1.151182617e-15 
d 0.000000000e+00 0.000000000e+00 -2.085812676e-09 2.500000000e+00 2.500000000e+00 2.085813577e-09 5.000000000e-01 5.000000000e-01 0.000000000e+00 0.000000000e+00 0.000000000e+00 -1.154674474e-15 
d 0.000000000e+00 0.000000000e+00 -2.101804942e-09 2.550000000e+00 2.550000000e+00 2.101805763e-09 5.000000000e-01 5.000000000e-01 0.000000000e+00 0.000000000e+00 0.000000000e+00 -1.158121596e-15 
d 0.000000000e+00 0.000000000e+00 -2.117751110e-09 2.600000000e+00 2.600000000e+00 2.117752295e-09 5.000000000e-01 5.000000000e-01 0.000000000e+00 0.000000000e+00 0.000000000e+00 -1.161528131e-15 
d 0.000000000e+00 0.000000000e+00 -2.133652976e-09 2.650000000e+00 2.650000000e+00 2.133654206e-09 5.000000000e-01 5.000000000e-01 0.000000000e+00 0.000000000e+00 0.000000000e+00 -1.164895676e-15 
d 0.000000000e+00 0.000000000e+00 -2.149512216e-09 2.700000000e+00 2.700000000e+00 2.149513544e-09 5.000000000e-01 5.000000000e-01 0.000000000e+00 0.000000000e+00 0.000000000e+00 -1.168219984e-15 
d 0.000000000e+00 0.000000000e+00 -2.165330439e-09 2.750000000e+00 2.750000000e+00 2.165331543e-09 5.000000000e-01 5.000000000e-01 0.000000000e+00 0.000000000e+00 0.000000000e+00 -1.171496808e-15 
d 0.000000000e+00 0.000000000e+00 -2.181109168e-09 2.800000000e+00 2.800000000e+00 2.181110668e-09 5.000000000e-01 5.000000000e-01 0.000000000e+00 0.000000000e+00 0.000000000e+00 -1.174721374e-15 
d 0.000000000e+00 0.000000000e+00 -2.196849855e-09 2.850000000e+00 2.850000000e+00 2.196851152e-09 5.000000000e-01 5.000000000e-01 0.000000000e+00 0.000000000e+00 0.000000000e+00 -1.177893179e-15 
d 0.000000000e+00 0.000000000e+00 -2.212553934e-09 2.900000000e+00 2.900000000e+00 2.212554973e-09 5.000000000e-01 5.000000000e-01 0.000000000e+00 0.000000000e+00 0.000000000e+00 -1.181014782e-15 
d 0.000000000e+00 0.000000000e+00 -2.228222691e-09 2.950000000e+00 2.950000000e+00 2.228223944e-09 5.000000000e-01 5.000000000e-01 0.000000000e+00 0.000000000e+00 0.000000000e+00 -1.184090089e-15 
d 0.000000000e+00 0.000000000e+00 -2.243857416e-09 3.000000000e+00 3.000000000e+00 2.243858563e-09 5.000000000e-01 5.000000000e-01 0.000000000e+00 0.000000000e+00 0.000000000e+00 -1.187125630e-15 
d 0.000000000e+00 0.000000000e+00 -2.259459359e-09 3.050000000e+00 3.050000000e+00 2.259460609e-09 5.000000000e-01 5.000000000e-01 0.000000000e+00 0.000000000e+00 0.000000000e+00 -1.190127810e-15 
d 0.000000000e+00 0.000000000e+00 -2.275029651e-09 3.100000000e+00 3.100000000e+00 2.275031103e-09 5.000000000e-01 5.000000000e-01 0.000000000e+00 0.000000000e+00 0.000000000e+00 -1.193101553e-15 
d 0.000000000e+00 0.000000000e+00 -2.290569464e-09 3.150000000e+00 3.150000000e+00 2.290570543e-09 5.000000000e-01 5.000000000e-01 0.000000000e+00 0.000000000e+00 0.000000000e+00 -1.196049689e-15 
d 0.000000000e+00 0.000000000e+00 -2.306079857e-09 3.200000000e+00 3.200000000e+00 2.306081054e-09 5.000000000e-01 5.000000000e-01 0.000000000e+00 0.000000000e+00 0.000000000e+00 -1.198975430e-15 
d 0.000000000e+00 0.000000000e+00 -2.321561868e-09 3.250000000e+00 3.250000000e+00 2.321562925e-09 5.000000000e-01 5.000000000e-01 0.000000000e+00 0.000000000e+00 0.000000000e+00 -1.201880511e-15 
d 0.000000000e+00 0.000000000e+00 -2.337016521e-09 3.300000000e+00 3.300000000e+00 2.337017239e-09 5.000000000e-01 5.000000000e-01 0.000000000e+00 0.000000000e+00 0.000000000e+00 -1.204765748e-15 
d 0.000000000e+00 0.000000000e+00 -2.352444787e-09 3.350000000e+00 3.350000000e+00 2.352446408e-09 5.000000000e-01 5.000000000e-01 0.000000000e+00 0.000000000e+00 0.000000000e+00 -1.207629835e-15 
d 0.000000000e+00 0.000000000e+00 -2.367847604e-09 3.400000000e+00 3.400000000e+00 2.367849451e-09 5.000000000e-01 5.000000000e-01 0.000000000e+00 0.000000000e+00 0.000000000e+00 -1.210475374e-15 
d 0.000000000e+00 0.000000000e+00 -2.383225870e-09 3.450000000e+00 3.450000000e+00 2.383226650e-09 5.000000000e-01 5.000000000e-01 0.000000000e+00 0.000000000e+00 0.000000000e+00 -1.213302704e-15 
d 0.000000000e+00 0.000000000e+00 -2.398580459e-09 3.500000000e+00 3.500000000e+00 2.398581480e-09 5.000000000e-01 5.000000000e-01 0.000000000e+00 0.000000000e+00 0.000000000e+00 -1.216113562e-15 
d 0.000000000e+00 0.000000000e+00 -2.413912228e-09 3.550000000e+00 3.550000000e+00 2.413913035e-09 5.000000000e-01 5.000000000e-01 0.000000000e+00 0.000000000e+00 0.000000000e+00 -1.218910889e-15 
d 0.000000000e+00 0.000000000e+00 -2.429221957e-09 3.600000000e+00 3.600000000e+00 2.429223494e-09 5.000000000e-01 5.000000000e-01 0.000000000e+00 0.000000000e+00 0.000000000e+00 -1.221696486e-15 
d 0.000000000e+00 0.000000000e+00 -2.444510473e-09 3.650000000e+00 3.650000000e+00 2.444511436e-09 5.000000000e-01 5.000000000e-01 0.000000000e+00 0.000000000e+00 0.000000000e+00 -1.224472996e-15 
d 0.000000000e+00 0.000000000e+00 -2.459778521e-09 3.700000000e+00 3.700000000e+00 2.459779603e-09 5.000000000e-01 5.000000000e-01 0.000000000e+00 0.000000000e+00 0.000000000e+00 -1.227240708e-15 
d 0.000000000e+00 0.000000000e+00 -2.475026871e-09 3.750000000e+00 3.750000000e+00 2.475028059e-09 5.000000000e-01 5.000000000e-01 0.000000000e+00 0.000000000e+00 0.000000000e+00 -1.230000917e-15 
d 0.000000000e+00 0.000000000e+00 -2.490256196e-09 3.800000000e+00 3.800000000e+00 2.490257220e-09 5.000000000e-01 5.000000000e-01 0.000000000e+00 0.000000000e+00 0.000000000e+00 -1.232754089e-15 
d 0.000000000e+00 0.000000000e+00 -2.505467223e-09 3.850000000e+00 3.850000000e+00 2.505467670e-09 5.000000000e-01 5.000000000e-01 0.000000000e+00 0.000000000e+00 0.000000000e+00 -1.235500134e-15 
d 0.000000000e+00 0.000000000e+00 -2.520660620e-09 3.900000000e+00 3.900000000e+00 2.520662044e-09 5.000000000e-01 5.000000000e-01 0.000000000e+00 0.000000000e+00 0.000000000e+00 -1.238240589e-15 
d 0.000000000e+00 0.000000000e+00 -2.535837049e-09 3.950000000e+00 3.950000000e+00 2.535838756e-09 5.000000000e-01 5.000000000e-01 0.000000000e+00 0.000000000e+00 0.000000000e+00 -1.240976759e-15 
d 0.000000000e+00 0.000000000e+00 -2.550997119e-09 4.000000000e+00 4.000000000e+00 2.550997956e-09 5.000000000e-01 5.000000000e-01 0.000000000e+00 0.000000000e+00 0.000000000e+00 -1.243710195e-15 
d 0.000000000e+00 0.000000000e+00 -2.566141485e-09 4.050000000e+00 4.050000000e+00 2.566142736e-09 5.000000000e-01 5.000000000e-01 0.000000000e+00 0.000000000e+00 0.000000000e+00 -1.246444957e-15 
d 0.000000000e+00 0.000000000e+00 -2.581270711e-09 4.100000000e+00 4.100000000e+00 2.581271562e-09 5.000000000e-01 5.000000000e-01 0.000000000e+00 0.000000000e+00 0.000000000e+00 -1.249182771e-15 
d 0.000000000e+00 0.000000000e+00 -2.596385419e-09 4.150000000e+00 4.150000000e+00 2.596385810e-09 5.000000000e-01 5.000000000e-01 0.000000000e+00 0.000000000e+00 0.000000000e+00 -1.251928199e-15 
d 0.000000000e+00 0.000000000e+00 -2.611486137e-09 4.200000000e+00 4.200000000e+00 2.611486997e-09 5.000000000e-01 5.000000000e-01 0.000000000e+00 0.000000000e+00 0.000000000e+00 -1.254684256e-15 
d 0.000000000e+00 0.000000000e+00 -2.626573429e-09 4.250000000e+00 4.250000000e+00 2.626574736e-09 5.000000000e-01 5.000000000e-01 0.000000000e+00 0.000000000e+00 0.000000000e+00 -1.257454062e-15 
d 0.000000000e+00 0.000000000e+00 -2.641647828e-09 4.300000000e+00 4.300000000e+00 2.641649247e-09 5.000000000e-01 5.000000000e-01 0.000000000e+00 0.000000000e+00 0.000000000e+00 -1.260240837e-15 
d 0.000000000e+00 0.000000000e+00 -2.656709868e-09 4.350000000e+00 4.350000000e+00 2.656710832e-09 5.000000000e-01 5.000000000e-01 0.000000000e+00 0.000000000e+00 0.000000000e+00 -1.263047090e-15 
d 0.000000000e+00 0.000000000e+00 -2.671760034e-09 4.400000000e+00 4.400000000e+00 2.671761117e-09 5.000000000e-01 5.000000000e-01 0.000000000e+00 0.000000000e+00 0.000000000e+00 -1.265876327e-15 
d 0.000000000e+00 0.000000000e+00 -2.686798842e-09 4.450000000e+00 4.450000000e+00 2.686800251e-09 5.000000000e-01 5.000000000e-01 0.000000000e+00 0.000000000e+00 0.000000000e+00 -1.268730832e-15 
d 0.000000000e+00 0.000000000e+00 -2.701826756e-09 4.500000000e+00 4.500000000e+00 2.701828038e-09 5.000000000e-01 5.000000000e-01 0.000000000e+00 0.000000000e+00 0.000000000e+00 -1.271613724e-15 
d 0.000000000e+00 0.000000000e+00 -2.716844254e-09 4.550000000e+00 4.550000000e+00 2.716845575e-09 5.000000000e-01 5.000000000e-01 0.000000000e+00 0.000000000e+00 0.000000000e+00 -1.274526585e-15 
d 0.000000000e+00 0.000000000e+00 -2.731851771e-09 4.600000000e+00 4.600000000e+00 2.731853129e-09 5.000000000e-01 5.000000000e-01 0.000000000e+00 0.000000000e+00 0.000000000e+00 -1.277471718e-15 
d 0.000000000e+00 0.000000000e+00 -2.746849780e-09 4.650000000e+00 4.650000000e+00 2.746850979e-09 5.000000000e-01 5.000000000e-01 0.000000000e+00 0.000000000e+00 0.000000000e+00 -1.280450027e-15 
d 0.000000000e+00 0.000000000e+00 -2.761838694e-09 4.700000000e+00 4.700000000e+00 2.761839760e-09 5.000000000e-01 5.000000000e-01 0.000000000e+00 0.000000000e+00 0.000000000e+00 -1.283461498e-15 
d 0.000000000e+00 0.000000000e+00 -2.776818946e-09 4.750000000e+00 4.750000000e+00 2.776819560e-09 5.000000000e-01 5.000000000e-01 0.000000000e+00 0.000000000e+00 0.000000000e+00 -1.286504922e-15 
d 0.000000000e+00 0.000000000e+00 -2.791790942e-09 4.800000000e+00 4.800000000e+00 2.791792748e-09 5.000000000e-01 5.000000000e-01 0.000000000e+00 0.000000000e+00 0.000000000e+00 -1.289577339e-15 
d 0.000000000e+00 0.000000000e+00 -2.806755080e-09 4.850000000e+00 4.850000000e+00 2.806756195e-09 5.000000000e-01 5.000000000e-01 0.000000000e+00 0.000000000e+00 0.000000000e+00 -1.292674902e-15 
d 0.000000000e+00 0.000000000e+00 -2.821711759e-09 4.900000000e+00 4.900000000e+00 2.821713186e-09 5.000000000e-01 5.000000000e-01 0.000000000e+00 0.000000000e+00 0.000000000e+00 -1.295792223e-15 
d 0.000000000e+00 0.000000000e+00 -2.836661356e-09 4.950000000e+00 4.950000000e+00 2.836662199e-09 5.000000000e-01 5.000000000e-01 0.000000000e+00 0.000000000e+00 0.000000000e+00 -1.298922310e-15 
d 0.000000000e+00 0.000000000e+00 -2.851604257e-09 5.000000000e+00 5.000000000e+00 2.851606172e-09 5.000000000e-01 5.000000000e-01 0.000000000e+00 0.000000000e+00 0.000000000e+00 -1.302055156e-15 
