v ATLAS
# This file was created by ATLAS version 5.32.1.R on Mon May 25 22:21:34 2026.
#SSF 2.0 generic
##############################################################################
#                    Copyright (c) 1984 - 2021                               #
#                    Silvaco Inc. All rights reserved                        #
#                                                                            #
# This file format and the following Key are copyright Silvaco Inc.          #
# You may not use, this format or key without reproducing this message in    #
# full and obtaining express written permission from Silvaco Inc.            #
#                                                                            #
# To obtain such permission please contact: Silvaco Inc.                     #
#                                           support@silvaco.com              #
#                                                                            #
# KEY=SVC86hn7562asdx                       PROD=345                         #
##############################################################################
y 3 700 711 15
z 1 0.02 300
f 4 "source" "drain" "gate" "substrate" 
p 12 2 601 20 3 602 21 4 603 22 5 604 23 
d 0.000000000e+00 0.000000000e+00 4.125093189e-18 0.000000000e+00 0.000000000e+00 2.075600687e-18 1.000000000e+00 1.000000000e+00 0.000000000e+00 0.000000000e+00 0.000000000e+00 4.922746338e-23 
d 0.000000000e+00 0.000000000e+00 -1.757675906e-06 5.000000000e-02 5.000000000e-02 1.757675893e-06 1.000000000e+00 1.000000000e+00 0.000000000e+00 0.000000000e+00 0.000000000e+00 -4.501848049e-16 
d 0.000000000e+00 0.000000000e+00 -3.162158202e-06 1.000000000e-01 1.000000000e-01 3.162158203e-06 1.000000000e+00 1.000000000e+00 0.000000000e+00 0.000000000e+00 0.000000000e+00 -6.499324018e-16 
d 0.000000000e+00 0.000000000e+00 -4.227720926e-06 1.500000000e-01 1.500000000e-01 4.227720927e-06 1.000000000e+00 1.000000000e+00 0.000000000e+00 0.000000000e+00 0.000000000e+00 -7.694036128e-16 
d 0.000000000e+00 0.000000000e+00 -4.983216712e-06 2.000000000e-01 2.000000000e-01 4.983216713e-06 1.000000000e+00 1.000000000e+00 0.000000000e+00 0.000000000e+00 0.000000000e+00 -8.527728463e-16 
d 0.000000000e+00 0.000000000e+00 -5.477268495e-06 2.500000000e-01 2.500000000e-01 5.477268495e-06 1.000000000e+00 1.000000000e+00 0.000000000e+00 0.000000000e+00 0.000000000e+00 -9.136821669e-16 
d 0.000000000e+00 0.000000000e+00 -5.778442140e-06 3.000000000e-01 3.000000000e-01 5.778442141e-06 1.000000000e+00 1.000000000e+00 0.000000000e+00 0.000000000e+00 0.000000000e+00 -9.584664563e-16 
d 0.000000000e+00 0.000000000e+00 -5.961309683e-06 3.500000000e-01 3.500000000e-01 5.961309684e-06 1.000000000e+00 1.000000000e+00 0.000000000e+00 0.000000000e+00 0.000000000e+00 -9.918602124e-16 
d 0.000000000e+00 0.000000000e+00 -6.083704920e-06 4.000000000e-01 4.000000000e-01 6.083704921e-06 1.000000000e+00 1.000000000e+00 0.000000000e+00 0.000000000e+00 0.000000000e+00 -1.017828007e-15 
d 0.000000000e+00 0.000000000e+00 -6.177723779e-06 4.500000000e-01 4.500000000e-01 6.177723780e-06 1.000000000e+00 1.000000000e+00 0.000000000e+00 0.000000000e+00 0.000000000e+00 -1.039152994e-15 
d 0.000000000e+00 0.000000000e+00 -6.257571020e-06 5.000000000e-01 5.000000000e-01 6.257571021e-06 1.000000000e+00 1.000000000e+00 0.000000000e+00 0.000000000e+00 0.000000000e+00 -1.057500352e-15 
d 0.000000000e+00 0.000000000e+00 -6.329153320e-06 5.500000000e-01 5.500000000e-01 6.329153195e-06 1.000000000e+00 1.000000000e+00 0.000000000e+00 0.000000000e+00 0.000000000e+00 -1.068716292e-15 
d 0.000000000e+00 0.000000000e+00 -6.395124676e-06 6.000000000e-01 6.000000000e-01 6.395124597e-06 1.000000000e+00 1.000000000e+00 0.000000000e+00 0.000000000e+00 0.000000000e+00 -1.088166879e-15 
d 0.000000000e+00 0.000000000e+00 -6.456861590e-06 6.500000000e-01 6.500000000e-01 6.456861540e-06 1.000000000e+00 1.000000000e+00 0.000000000e+00 0.000000000e+00 0.000000000e+00 -1.102638268e-15 
d 0.000000000e+00 0.000000000e+00 -6.515186807e-06 7.000000000e-01 7.000000000e-01 6.515186776e-06 1.000000000e+00 1.000000000e+00 0.000000000e+00 0.000000000e+00 0.000000000e+00 -1.116022692e-15 
d 0.000000000e+00 0.000000000e+00 -6.570650867e-06 7.500000000e-01 7.500000000e-01 6.570650848e-06 1.000000000e+00 1.000000000e+00 0.000000000e+00 0.000000000e+00 0.000000000e+00 -1.128930655e-15 
d 0.000000000e+00 0.000000000e+00 -6.623650381e-06 8.000000000e-01 8.000000000e-01 6.623650370e-06 1.000000000e+00 1.000000000e+00 0.000000000e+00 0.000000000e+00 0.000000000e+00 -1.141641005e-15 
d 0.000000000e+00 0.000000000e+00 -6.674488857e-06 8.500000000e-01 8.500000000e-01 6.674488851e-06 1.000000000e+00 1.000000000e+00 0.000000000e+00 0.000000000e+00 0.000000000e+00 -1.154352843e-15 
d 0.000000000e+00 0.000000000e+00 -6.723403219e-06 9.000000000e-01 9.000000000e-01 6.723403216e-06 1.000000000e+00 1.000000000e+00 0.000000000e+00 0.000000000e+00 0.000000000e+00 -1.167193623e-15 
d 0.000000000e+00 0.000000000e+00 -6.770588883e-06 9.500000000e-01 9.500000000e-01 6.770588882e-06 1.000000000e+00 1.000000000e+00 0.000000000e+00 0.000000000e+00 0.000000000e+00 -1.180216657e-15 
d 0.000000000e+00 0.000000000e+00 -6.816204297e-06 1.000000000e+00 1.000000000e+00 6.816204297e-06 1.000000000e+00 1.000000000e+00 0.000000000e+00 0.000000000e+00 0.000000000e+00 -1.193375968e-15 
d 0.000000000e+00 0.000000000e+00 -6.860386851e-06 1.050000000e+00 1.050000000e+00 6.860386851e-06 1.000000000e+00 1.000000000e+00 0.000000000e+00 0.000000000e+00 0.000000000e+00 -1.206487497e-15 
d 0.000000000e+00 0.000000000e+00 -6.903250540e-06 1.100000000e+00 1.100000000e+00 6.903250541e-06 1.000000000e+00 1.000000000e+00 0.000000000e+00 0.000000000e+00 0.000000000e+00 -1.219212370e-15 
d 0.000000000e+00 0.000000000e+00 -6.944896972e-06 1.150000000e+00 1.150000000e+00 6.944896973e-06 1.000000000e+00 1.000000000e+00 0.000000000e+00 0.000000000e+00 0.000000000e+00 -1.231120004e-15 
d 0.000000000e+00 0.000000000e+00 -6.985414612e-06 1.200000000e+00 1.200000000e+00 6.985414614e-06 1.000000000e+00 1.000000000e+00 0.000000000e+00 0.000000000e+00 0.000000000e+00 -1.241815392e-15 
d 0.000000000e+00 0.000000000e+00 -7.024879730e-06 1.250000000e+00 1.250000000e+00 7.024879731e-06 1.000000000e+00 1.000000000e+00 0.000000000e+00 0.000000000e+00 0.000000000e+00 -1.251067783e-15 
d 0.000000000e+00 0.000000000e+00 -7.063363291e-06 1.300000000e+00 1.300000000e+00 7.063363292e-06 1.000000000e+00 1.000000000e+00 0.000000000e+00 0.000000000e+00 0.000000000e+00 -1.258863747e-15 
d 0.000000000e+00 0.000000000e+00 -7.100927632e-06 1.350000000e+00 1.350000000e+00 7.100927633e-06 1.000000000e+00 1.000000000e+00 0.000000000e+00 0.000000000e+00 0.000000000e+00 -1.265361265e-15 
d 0.000000000e+00 0.000000000e+00 -7.137627860e-06 1.400000000e+00 1.400000000e+00 7.137627861e-06 1.000000000e+00 1.000000000e+00 0.000000000e+00 0.000000000e+00 0.000000000e+00 -1.270801649e-15 
d 0.000000000e+00 0.000000000e+00 -7.173516080e-06 1.450000000e+00 1.450000000e+00 7.173516081e-06 1.000000000e+00 1.000000000e+00 0.000000000e+00 0.000000000e+00 0.000000000e+00 -1.275432330e-15 
d 0.000000000e+00 0.000000000e+00 -7.208639798e-06 1.500000000e+00 1.500000000e+00 7.208639799e-06 1.000000000e+00 1.000000000e+00 0.000000000e+00 0.000000000e+00 0.000000000e+00 -1.279460581e-15 
d 0.000000000e+00 0.000000000e+00 -7.243041077e-06 1.550000000e+00 1.550000000e+00 7.243041078e-06 1.000000000e+00 1.000000000e+00 0.000000000e+00 0.000000000e+00 0.000000000e+00 -1.283038852e-15 
d 0.000000000e+00 0.000000000e+00 -7.276759008e-06 1.600000000e+00 1.600000000e+00 7.276759009e-06 1.000000000e+00 1.000000000e+00 0.000000000e+00 0.000000000e+00 0.000000000e+00 -1.286271857e-15 
d 0.000000000e+00 0.000000000e+00 -7.309831498e-06 1.650000000e+00 1.650000000e+00 7.309831500e-06 1.000000000e+00 1.000000000e+00 0.000000000e+00 0.000000000e+00 0.000000000e+00 -1.289233366e-15 
d 0.000000000e+00 0.000000000e+00 -7.342292811e-06 1.700000000e+00 1.700000000e+00 7.342292812e-06 1.000000000e+00 1.000000000e+00 0.000000000e+00 0.000000000e+00 0.000000000e+00 -1.291978940e-15 
d 0.000000000e+00 0.000000000e+00 -7.374172882e-06 1.750000000e+00 1.750000000e+00 7.374172883e-06 1.000000000e+00 1.000000000e+00 0.000000000e+00 0.000000000e+00 0.000000000e+00 -1.294553268e-15 
d 0.000000000e+00 0.000000000e+00 -7.405500973e-06 1.800000000e+00 1.800000000e+00 7.405500975e-06 1.000000000e+00 1.000000000e+00 0.000000000e+00 0.000000000e+00 0.000000000e+00 -1.296994096e-15 
d 0.000000000e+00 0.000000000e+00 -7.436305883e-06 1.850000000e+00 1.850000000e+00 7.436305885e-06 1.000000000e+00 1.000000000e+00 0.000000000e+00 0.000000000e+00 0.000000000e+00 -1.299332854e-15 
d 0.000000000e+00 0.000000000e+00 -7.466613016e-06 1.900000000e+00 1.900000000e+00 7.466613018e-06 1.000000000e+00 1.000000000e+00 0.000000000e+00 0.000000000e+00 0.000000000e+00 -1.301593574e-15 
d 0.000000000e+00 0.000000000e+00 -7.496445133e-06 1.950000000e+00 1.950000000e+00 7.496445134e-06 1.000000000e+00 1.000000000e+00 0.000000000e+00 0.000000000e+00 0.000000000e+00 -1.303793462e-15 
d 0.000000000e+00 0.000000000e+00 -7.525822558e-06 2.000000000e+00 2.000000000e+00 7.525822559e-06 1.000000000e+00 1.000000000e+00 0.000000000e+00 0.000000000e+00 0.000000000e+00 -1.305943039e-15 
d 0.000000000e+00 0.000000000e+00 -7.554767928e-06 2.050000000e+00 2.050000000e+00 7.554767929e-06 1.000000000e+00 1.000000000e+00 0.000000000e+00 0.000000000e+00 0.000000000e+00 -1.308049060e-15 
d 0.000000000e+00 0.000000000e+00 -7.583299920e-06 2.100000000e+00 2.100000000e+00 7.583299921e-06 1.000000000e+00 1.000000000e+00 0.000000000e+00 0.000000000e+00 0.000000000e+00 -1.310111838e-15 
d 0.000000000e+00 0.000000000e+00 -7.611436670e-06 2.150000000e+00 2.150000000e+00 7.611436671e-06 1.000000000e+00 1.000000000e+00 0.000000000e+00 0.000000000e+00 0.000000000e+00 -1.312129068e-15 
d 0.000000000e+00 0.000000000e+00 -7.639191724e-06 2.200000000e+00 2.200000000e+00 7.639191725e-06 1.000000000e+00 1.000000000e+00 0.000000000e+00 0.000000000e+00 0.000000000e+00 -1.314096941e-15 
d 0.000000000e+00 0.000000000e+00 -7.666581269e-06 2.250000000e+00 2.250000000e+00 7.666581270e-06 1.000000000e+00 1.000000000e+00 0.000000000e+00 0.000000000e+00 0.000000000e+00 -1.316015418e-15 
d 0.000000000e+00 0.000000000e+00 -7.693620608e-06 2.300000000e+00 2.300000000e+00 7.693620610e-06 1.000000000e+00 1.000000000e+00 0.000000000e+00 0.000000000e+00 0.000000000e+00 -1.317887583e-15 
d 0.000000000e+00 0.000000000e+00 -7.720322657e-06 2.350000000e+00 2.350000000e+00 7.720322658e-06 1.000000000e+00 1.000000000e+00 0.000000000e+00 0.000000000e+00 0.000000000e+00 -1.319718779e-15 
d 0.000000000e+00 0.000000000e+00 -7.746699826e-06 2.400000000e+00 2.400000000e+00 7.746699827e-06 1.000000000e+00 1.000000000e+00 0.000000000e+00 0.000000000e+00 0.000000000e+00 -1.321515603e-15 
d 0.000000000e+00 0.000000000e+00 -7.772761787e-06 2.450000000e+00 2.450000000e+00 7.772761789e-06 1.000000000e+00 1.000000000e+00 0.000000000e+00 0.000000000e+00 0.000000000e+00 -1.323283768e-15 
d 0.000000000e+00 0.000000000e+00 -7.798519359e-06 2.500000000e+00 2.500000000e+00 7.798519360e-06 1.000000000e+00 1.000000000e+00 0.000000000e+00 0.000000000e+00 0.000000000e+00 -1.325028159e-15 
d 0.000000000e+00 0.000000000e+00 -7.823984050e-06 2.550000000e+00 2.550000000e+00 7.823984052e-06 1.000000000e+00 1.000000000e+00 0.000000000e+00 0.000000000e+00 0.000000000e+00 -1.326751765e-15 
d 0.000000000e+00 0.000000000e+00 -7.849164832e-06 2.600000000e+00 2.600000000e+00 7.849164834e-06 1.000000000e+00 1.000000000e+00 0.000000000e+00 0.000000000e+00 0.000000000e+00 -1.328454812e-15 
d 0.000000000e+00 0.000000000e+00 -7.874071258e-06 2.650000000e+00 2.650000000e+00 7.874071259e-06 1.000000000e+00 1.000000000e+00 0.000000000e+00 0.000000000e+00 0.000000000e+00 -1.330136304e-15 
d 0.000000000e+00 0.000000000e+00 -7.898711254e-06 2.700000000e+00 2.700000000e+00 7.898711255e-06 1.000000000e+00 1.000000000e+00 0.000000000e+00 0.000000000e+00 0.000000000e+00 -1.331794173e-15 
d 0.000000000e+00 0.000000000e+00 -7.923091051e-06 2.750000000e+00 2.750000000e+00 7.923091052e-06 1.000000000e+00 1.000000000e+00 0.000000000e+00 0.000000000e+00 0.000000000e+00 -1.333426696e-15 
d 0.000000000e+00 0.000000000e+00 -7.947219090e-06 2.800000000e+00 2.800000000e+00 7.947219091e-06 1.000000000e+00 1.000000000e+00 0.000000000e+00 0.000000000e+00 0.000000000e+00 -1.335034103e-15 
d 0.000000000e+00 0.000000000e+00 -7.971103299e-06 2.850000000e+00 2.850000000e+00 7.971103300e-06 1.000000000e+00 1.000000000e+00 0.000000000e+00 0.000000000e+00 0.000000000e+00 -1.336618213e-15 
d 0.000000000e+00 0.000000000e+00 -7.994750537e-06 2.900000000e+00 2.900000000e+00 7.994750539e-06 1.000000000e+00 1.000000000e+00 0.000000000e+00 0.000000000e+00 0.000000000e+00 -1.338181657e-15 
d 0.000000000e+00 0.000000000e+00 -8.018167370e-06 2.950000000e+00 2.950000000e+00 8.018167372e-06 1.000000000e+00 1.000000000e+00 0.000000000e+00 0.000000000e+00 0.000000000e+00 -1.339727408e-15 
d 0.000000000e+00 0.000000000e+00 -8.041359804e-06 3.000000000e+00 3.000000000e+00 8.041359806e-06 1.000000000e+00 1.000000000e+00 0.000000000e+00 0.000000000e+00 0.000000000e+00 -1.341258004e-15 
d 0.000000000e+00 0.000000000e+00 -8.064332875e-06 3.050000000e+00 3.050000000e+00 8.064332876e-06 1.000000000e+00 1.000000000e+00 0.000000000e+00 0.000000000e+00 0.000000000e+00 -1.342774798e-15 
d 0.000000000e+00 0.000000000e+00 -8.087091462e-06 3.100000000e+00 3.100000000e+00 8.087091463e-06 1.000000000e+00 1.000000000e+00 0.000000000e+00 0.000000000e+00 0.000000000e+00 -1.344278288e-15 
d 0.000000000e+00 0.000000000e+00 -8.109642667e-06 3.150000000e+00 3.150000000e+00 8.109642668e-06 1.000000000e+00 1.000000000e+00 0.000000000e+00 0.000000000e+00 0.000000000e+00 -1.345768537e-15 
d 0.000000000e+00 0.000000000e+00 -8.131991342e-06 3.200000000e+00 3.200000000e+00 8.131991343e-06 1.000000000e+00 1.000000000e+00 0.000000000e+00 0.000000000e+00 0.000000000e+00 -1.347244545e-15 
d 0.000000000e+00 0.000000000e+00 -8.154142754e-06 3.250000000e+00 3.250000000e+00 8.154142755e-06 1.000000000e+00 1.000000000e+00 0.000000000e+00 0.000000000e+00 0.000000000e+00 -1.348705600e-15 
d 0.000000000e+00 0.000000000e+00 -8.176101698e-06 3.300000000e+00 3.300000000e+00 8.176101700e-06 1.000000000e+00 1.000000000e+00 0.000000000e+00 0.000000000e+00 0.000000000e+00 -1.350151393e-15 
d 0.000000000e+00 0.000000000e+00 -8.197872485e-06 3.350000000e+00 3.350000000e+00 8.197872487e-06 1.000000000e+00 1.000000000e+00 0.000000000e+00 0.000000000e+00 0.000000000e+00 -1.351582556e-15 
d 0.000000000e+00 0.000000000e+00 -8.219458554e-06 3.400000000e+00 3.400000000e+00 8.219458555e-06 1.000000000e+00 1.000000000e+00 0.000000000e+00 0.000000000e+00 0.000000000e+00 -1.353000142e-15 
d 0.000000000e+00 0.000000000e+00 -8.240863865e-06 3.450000000e+00 3.450000000e+00 8.240863865e-06 1.000000000e+00 1.000000000e+00 0.000000000e+00 0.000000000e+00 0.000000000e+00 -1.354406044e-15 
d 0.000000000e+00 0.000000000e+00 -8.262093841e-06 3.500000000e+00 3.500000000e+00 8.262093842e-06 1.000000000e+00 1.000000000e+00 0.000000000e+00 0.000000000e+00 0.000000000e+00 -1.355802602e-15 
d 0.000000000e+00 0.000000000e+00 -8.283152072e-06 3.550000000e+00 3.550000000e+00 8.283152074e-06 1.000000000e+00 1.000000000e+00 0.000000000e+00 0.000000000e+00 0.000000000e+00 -1.357191475e-15 
d 0.000000000e+00 0.000000000e+00 -8.304042798e-06 3.600000000e+00 3.600000000e+00 8.304042800e-06 1.000000000e+00 1.000000000e+00 0.000000000e+00 0.000000000e+00 0.000000000e+00 -1.358574082e-15 
d 0.000000000e+00 0.000000000e+00 -8.324769614e-06 3.650000000e+00 3.650000000e+00 8.324769614e-06 1.000000000e+00 1.000000000e+00 0.000000000e+00 0.000000000e+00 0.000000000e+00 -1.359951237e-15 
d 0.000000000e+00 0.000000000e+00 -8.345335591e-06 3.700000000e+00 3.700000000e+00 8.345335593e-06 1.000000000e+00 1.000000000e+00 0.000000000e+00 0.000000000e+00 0.000000000e+00 -1.361323356e-15 
d 0.000000000e+00 0.000000000e+00 -8.365744643e-06 3.750000000e+00 3.750000000e+00 8.365744644e-06 1.000000000e+00 1.000000000e+00 0.000000000e+00 0.000000000e+00 0.000000000e+00 -1.362691167e-15 
d 0.000000000e+00 0.000000000e+00 -8.385998052e-06 3.800000000e+00 3.800000000e+00 8.385998054e-06 1.000000000e+00 1.000000000e+00 0.000000000e+00 0.000000000e+00 0.000000000e+00 -1.364055076e-15 
d 0.000000000e+00 0.000000000e+00 -8.406100220e-06 3.850000000e+00 3.850000000e+00 8.406100222e-06 1.000000000e+00 1.000000000e+00 0.000000000e+00 0.000000000e+00 0.000000000e+00 -1.365416608e-15 
d 0.000000000e+00 0.000000000e+00 -8.426054714e-06 3.900000000e+00 3.900000000e+00 8.426054715e-06 1.000000000e+00 1.000000000e+00 0.000000000e+00 0.000000000e+00 0.000000000e+00 -1.366777538e-15 
d 0.000000000e+00 0.000000000e+00 -8.445864318e-06 3.950000000e+00 3.950000000e+00 8.445864321e-06 1.000000000e+00 1.000000000e+00 0.000000000e+00 0.000000000e+00 0.000000000e+00 -1.368139803e-15 
d 0.000000000e+00 0.000000000e+00 -8.465532428e-06 4.000000000e+00 4.000000000e+00 8.465532429e-06 1.000000000e+00 1.000000000e+00 0.000000000e+00 0.000000000e+00 0.000000000e+00 -1.369505708e-15 
d 0.000000000e+00 0.000000000e+00 -8.485061336e-06 4.050000000e+00 4.050000000e+00 8.485061337e-06 1.000000000e+00 1.000000000e+00 0.000000000e+00 0.000000000e+00 0.000000000e+00 -1.370877137e-15 
d 0.000000000e+00 0.000000000e+00 -8.504454083e-06 4.100000000e+00 4.100000000e+00 8.504454084e-06 1.000000000e+00 1.000000000e+00 0.000000000e+00 0.000000000e+00 0.000000000e+00 -1.372256375e-15 
d 0.000000000e+00 0.000000000e+00 -8.523713396e-06 4.150000000e+00 4.150000000e+00 8.523713398e-06 1.000000000e+00 1.000000000e+00 0.000000000e+00 0.000000000e+00 0.000000000e+00 -1.373645429e-15 
d 0.000000000e+00 0.000000000e+00 -8.542840338e-06 4.200000000e+00 4.200000000e+00 8.542840339e-06 1.000000000e+00 1.000000000e+00 0.000000000e+00 0.000000000e+00 0.000000000e+00 -1.375046048e-15 
d 0.000000000e+00 0.000000000e+00 -8.561837337e-06 4.250000000e+00 4.250000000e+00 8.561837338e-06 1.000000000e+00 1.000000000e+00 0.000000000e+00 0.000000000e+00 0.000000000e+00 -1.376460547e-15 
d 0.000000000e+00 0.000000000e+00 -8.580707922e-06 4.300000000e+00 4.300000000e+00 8.580707923e-06 1.000000000e+00 1.000000000e+00 0.000000000e+00 0.000000000e+00 0.000000000e+00 -1.377891731e-15 
d 0.000000000e+00 0.000000000e+00 -8.599454267e-06 4.350000000e+00 4.350000000e+00 8.599454267e-06 1.000000000e+00 1.000000000e+00 0.000000000e+00 0.000000000e+00 0.000000000e+00 -1.379342290e-15 
d 0.000000000e+00 0.000000000e+00 -8.618079003e-06 4.400000000e+00 4.400000000e+00 8.618079004e-06 1.000000000e+00 1.000000000e+00 0.000000000e+00 0.000000000e+00 0.000000000e+00 -1.380815005e-15 
d 0.000000000e+00 0.000000000e+00 -8.636584235e-06 4.450000000e+00 4.450000000e+00 8.636584236e-06 1.000000000e+00 1.000000000e+00 0.000000000e+00 0.000000000e+00 0.000000000e+00 -1.382312649e-15 
d 0.000000000e+00 0.000000000e+00 -8.654971986e-06 4.500000000e+00 4.500000000e+00 8.654971988e-06 1.000000000e+00 1.000000000e+00 0.000000000e+00 0.000000000e+00 0.000000000e+00 -1.383837655e-15 
d 0.000000000e+00 0.000000000e+00 -8.673244488e-06 4.550000000e+00 4.550000000e+00 8.673244490e-06 1.000000000e+00 1.000000000e+00 0.000000000e+00 0.000000000e+00 0.000000000e+00 -1.385392232e-15 
d 0.000000000e+00 0.000000000e+00 -8.691403802e-06 4.600000000e+00 4.600000000e+00 8.691403803e-06 1.000000000e+00 1.000000000e+00 0.000000000e+00 0.000000000e+00 0.000000000e+00 -1.386978139e-15 
d 0.000000000e+00 0.000000000e+00 -8.709450681e-06 4.650000000e+00 4.650000000e+00 8.709450682e-06 1.000000000e+00 1.000000000e+00 0.000000000e+00 0.000000000e+00 0.000000000e+00 -1.388596265e-15 
d 0.000000000e+00 0.000000000e+00 -8.727386676e-06 4.700000000e+00 4.700000000e+00 8.727386678e-06 1.000000000e+00 1.000000000e+00 0.000000000e+00 0.000000000e+00 0.000000000e+00 -1.390246937e-15 
d 0.000000000e+00 0.000000000e+00 -8.745214667e-06 4.750000000e+00 4.750000000e+00 8.745214668e-06 1.000000000e+00 1.000000000e+00 0.000000000e+00 0.000000000e+00 0.000000000e+00 -1.391930001e-15 
d 0.000000000e+00 0.000000000e+00 -8.762936485e-06 4.800000000e+00 4.800000000e+00 8.762936487e-06 1.000000000e+00 1.000000000e+00 0.000000000e+00 0.000000000e+00 0.000000000e+00 -1.393643853e-15 
d 0.000000000e+00 0.000000000e+00 -8.780554423e-06 4.850000000e+00 4.850000000e+00 8.780554424e-06 1.000000000e+00 1.000000000e+00 0.000000000e+00 0.000000000e+00 0.000000000e+00 -1.395385937e-15 
d 0.000000000e+00 0.000000000e+00 -8.798069921e-06 4.900000000e+00 4.900000000e+00 8.798069922e-06 1.000000000e+00 1.000000000e+00 0.000000000e+00 0.000000000e+00 0.000000000e+00 -1.397151785e-15 
d 0.000000000e+00 0.000000000e+00 -8.815484507e-06 4.950000000e+00 4.950000000e+00 8.815484508e-06 1.000000000e+00 1.000000000e+00 0.000000000e+00 0.000000000e+00 0.000000000e+00 -1.398935506e-15 
d 0.000000000e+00 0.000000000e+00 -8.832800129e-06 5.000000000e+00 5.000000000e+00 8.832800130e-06 1.000000000e+00 1.000000000e+00 0.000000000e+00 0.000000000e+00 0.000000000e+00 -1.400729681e-15 
