v ATLAS
# This file was created by ATLAS version 5.32.1.R on Mon May 25 22:22:11 2026.
#SSF 2.0 generic
##############################################################################
#                    Copyright (c) 1984 - 2021                               #
#                    Silvaco Inc. All rights reserved                        #
#                                                                            #
# This file format and the following Key are copyright Silvaco Inc.          #
# You may not use, this format or key without reproducing this message in    #
# full and obtaining express written permission from Silvaco Inc.            #
#                                                                            #
# To obtain such permission please contact: Silvaco Inc.                     #
#                                           support@silvaco.com              #
#                                                                            #
# KEY=SVC86hn7562asdx                       PROD=345                         #
##############################################################################
y 3 700 711 15
z 1 0.02 300
f 4 "source" "drain" "gate" "substrate" 
p 12 2 601 20 3 602 21 4 603 22 5 604 23 
d 0.000000000e+00 0.000000000e+00 2.924116691e-18 0.000000000e+00 0.000000000e+00 2.454169366e-18 2.500000000e+00 2.500000000e+00 0.000000000e+00 0.000000000e+00 0.000000000e+00 2.249403490e-23 
d 0.000000000e+00 0.000000000e+00 -9.927001301e-06 5.000000000e-02 5.000000000e-02 9.927001301e-06 2.500000000e+00 2.500000000e+00 0.000000000e+00 0.000000000e+00 0.000000000e+00 -4.588284581e-16 
d 0.000000000e+00 0.000000000e+00 -1.949789943e-05 1.000000000e-01 1.000000000e-01 1.949789943e-05 2.500000000e+00 2.500000000e+00 0.000000000e+00 0.000000000e+00 0.000000000e+00 -6.690389929e-16 
d 0.000000000e+00 0.000000000e+00 -2.868579067e-05 1.500000000e-01 1.500000000e-01 2.868579067e-05 2.500000000e+00 2.500000000e+00 0.000000000e+00 0.000000000e+00 0.000000000e+00 -8.041775474e-16 
d 0.000000000e+00 0.000000000e+00 -3.746643406e-05 2.000000000e-01 2.000000000e-01 3.746643406e-05 2.500000000e+00 2.500000000e+00 0.000000000e+00 0.000000000e+00 0.000000000e+00 -9.087698414e-16 
d 0.000000000e+00 0.000000000e+00 -4.581859049e-05 2.500000000e-01 2.500000000e-01 4.581859049e-05 2.500000000e+00 2.500000000e+00 0.000000000e+00 0.000000000e+00 0.000000000e+00 -9.968982698e-16 
d 0.000000000e+00 0.000000000e+00 -5.372426988e-05 3.000000000e-01 3.000000000e-01 5.372426988e-05 2.500000000e+00 2.500000000e+00 0.000000000e+00 0.000000000e+00 0.000000000e+00 -1.073723842e-15 
d 0.000000000e+00 0.000000000e+00 -6.116889375e-05 3.500000000e-01 3.500000000e-01 6.116889375e-05 2.500000000e+00 2.500000000e+00 0.000000000e+00 0.000000000e+00 0.000000000e+00 -1.141632268e-15 
d 0.000000000e+00 0.000000000e+00 -6.814137516e-05 4.000000000e-01 4.000000000e-01 6.814137516e-05 2.500000000e+00 2.500000000e+00 0.000000000e+00 0.000000000e+00 0.000000000e+00 -1.202191656e-15 
d 0.000000000e+00 0.000000000e+00 -7.463412753e-05 4.500000000e-01 4.500000000e-01 7.463412753e-05 2.500000000e+00 2.500000000e+00 0.000000000e+00 0.000000000e+00 0.000000000e+00 -1.256692084e-15 
d 0.000000000e+00 0.000000000e+00 -8.064301415e-05 5.000000000e-01 5.000000000e-01 8.064301415e-05 2.500000000e+00 2.500000000e+00 0.000000000e+00 0.000000000e+00 0.000000000e+00 -1.306224682e-15 
d 0.000000000e+00 0.000000000e+00 -8.616724798e-05 5.500000000e-01 5.500000000e-01 8.616724798e-05 2.500000000e+00 2.500000000e+00 0.000000000e+00 0.000000000e+00 0.000000000e+00 -1.351658293e-15 
d 0.000000000e+00 0.000000000e+00 -9.120928160e-05 6.000000000e-01 6.000000000e-01 9.120928160e-05 2.500000000e+00 2.500000000e+00 0.000000000e+00 0.000000000e+00 0.000000000e+00 -1.393623181e-15 
d 0.000000000e+00 0.000000000e+00 -9.577469538e-05 6.500000000e-01 6.500000000e-01 9.577469538e-05 2.500000000e+00 2.500000000e+00 0.000000000e+00 0.000000000e+00 0.000000000e+00 -1.432530947e-15 
d 0.000000000e+00 0.000000000e+00 -9.987212373e-05 7.000000000e-01 7.000000000e-01 9.987212373e-05 2.500000000e+00 2.500000000e+00 0.000000000e+00 0.000000000e+00 0.000000000e+00 -1.468622419e-15 
d 0.000000000e+00 0.000000000e+00 -1.035132688e-04 7.500000000e-01 7.500000000e-01 1.035132688e-04 2.500000000e+00 2.500000000e+00 0.000000000e+00 0.000000000e+00 0.000000000e+00 -1.502009648e-15 
d 0.000000000e+00 0.000000000e+00 -1.067130456e-04 8.000000000e-01 8.000000000e-01 1.067130456e-04 2.500000000e+00 2.500000000e+00 0.000000000e+00 0.000000000e+00 0.000000000e+00 -1.532739380e-15 
d 0.000000000e+00 0.000000000e+00 -1.094899339e-04 8.500000000e-01 8.500000000e-01 1.094899339e-04 2.500000000e+00 2.500000000e+00 0.000000000e+00 0.000000000e+00 0.000000000e+00 -1.560815116e-15 
d 0.000000000e+00 0.000000000e+00 -1.118666024e-04 9.000000000e-01 9.000000000e-01 1.118666024e-04 2.500000000e+00 2.500000000e+00 0.000000000e+00 0.000000000e+00 0.000000000e+00 -1.586263342e-15 
d 0.000000000e+00 0.000000000e+00 -1.138708437e-04 9.500000000e-01 9.500000000e-01 1.138708437e-04 2.500000000e+00 2.500000000e+00 0.000000000e+00 0.000000000e+00 0.000000000e+00 -1.609221886e-15 
d 0.000000000e+00 0.000000000e+00 -1.155366871e-04 1.000000000e+00 1.000000000e+00 1.155366871e-04 2.500000000e+00 2.500000000e+00 0.000000000e+00 0.000000000e+00 0.000000000e+00 -1.630125870e-15 
d 0.000000000e+00 0.000000000e+00 -1.169052386e-04 1.050000000e+00 1.050000000e+00 1.169052386e-04 2.500000000e+00 2.500000000e+00 0.000000000e+00 0.000000000e+00 0.000000000e+00 -1.649787133e-15 
d 0.000000000e+00 0.000000000e+00 -1.180242089e-04 1.100000000e+00 1.100000000e+00 1.180242089e-04 2.500000000e+00 2.500000000e+00 0.000000000e+00 0.000000000e+00 0.000000000e+00 -1.669076933e-15 
d 0.000000000e+00 0.000000000e+00 -1.189449066e-04 1.150000000e+00 1.150000000e+00 1.189449066e-04 2.500000000e+00 2.500000000e+00 0.000000000e+00 0.000000000e+00 0.000000000e+00 -1.687925315e-15 
d 0.000000000e+00 0.000000000e+00 -1.197166461e-04 1.200000000e+00 1.200000000e+00 1.197166461e-04 2.500000000e+00 2.500000000e+00 0.000000000e+00 0.000000000e+00 0.000000000e+00 -1.704865650e-15 
d 0.000000000e+00 0.000000000e+00 -1.203809558e-04 1.250000000e+00 1.250000000e+00 1.203809557e-04 2.500000000e+00 2.500000000e+00 0.000000000e+00 0.000000000e+00 0.000000000e+00 -1.718428109e-15 
d 0.000000000e+00 0.000000000e+00 -1.209687230e-04 1.300000000e+00 1.300000000e+00 1.209687230e-04 2.500000000e+00 2.500000000e+00 0.000000000e+00 0.000000000e+00 0.000000000e+00 -1.728641323e-15 
d 0.000000000e+00 0.000000000e+00 -1.215009634e-04 1.350000000e+00 1.350000000e+00 1.215009634e-04 2.500000000e+00 2.500000000e+00 0.000000000e+00 0.000000000e+00 0.000000000e+00 -1.736419988e-15 
d 0.000000000e+00 0.000000000e+00 -1.219914039e-04 1.400000000e+00 1.400000000e+00 1.219914039e-04 2.500000000e+00 2.500000000e+00 0.000000000e+00 0.000000000e+00 0.000000000e+00 -1.742527632e-15 
d 0.000000000e+00 0.000000000e+00 -1.224490360e-04 1.450000000e+00 1.450000000e+00 1.224490360e-04 2.500000000e+00 2.500000000e+00 0.000000000e+00 0.000000000e+00 0.000000000e+00 -1.747423627e-15 
d 0.000000000e+00 0.000000000e+00 -1.228799317e-04 1.500000000e+00 1.500000000e+00 1.228799317e-04 2.500000000e+00 2.500000000e+00 0.000000000e+00 0.000000000e+00 0.000000000e+00 -1.751409309e-15 
d 0.000000000e+00 0.000000000e+00 -1.232883637e-04 1.550000000e+00 1.550000000e+00 1.232883637e-04 2.500000000e+00 2.500000000e+00 0.000000000e+00 0.000000000e+00 0.000000000e+00 -1.754713226e-15 
d 0.000000000e+00 0.000000000e+00 -1.236774611e-04 1.600000000e+00 1.600000000e+00 1.236774611e-04 2.500000000e+00 2.500000000e+00 0.000000000e+00 0.000000000e+00 0.000000000e+00 -1.757518105e-15 
d 0.000000000e+00 0.000000000e+00 -1.240495970e-04 1.650000000e+00 1.650000000e+00 1.240495970e-04 2.500000000e+00 2.500000000e+00 0.000000000e+00 0.000000000e+00 0.000000000e+00 -1.759966180e-15 
d 0.000000000e+00 0.000000000e+00 -1.244066257e-04 1.700000000e+00 1.700000000e+00 1.244066257e-04 2.500000000e+00 2.500000000e+00 0.000000000e+00 0.000000000e+00 0.000000000e+00 -1.762160128e-15 
d 0.000000000e+00 0.000000000e+00 -1.247500358e-04 1.750000000e+00 1.750000000e+00 1.247500358e-04 2.500000000e+00 2.500000000e+00 0.000000000e+00 0.000000000e+00 0.000000000e+00 -1.764165240e-15 
d 0.000000000e+00 0.000000000e+00 -1.250810510e-04 1.800000000e+00 1.800000000e+00 1.250810510e-04 2.500000000e+00 2.500000000e+00 0.000000000e+00 0.000000000e+00 0.000000000e+00 -1.766014391e-15 
d 0.000000000e+00 0.000000000e+00 -1.254007002e-04 1.850000000e+00 1.850000000e+00 1.254007002e-04 2.500000000e+00 2.500000000e+00 0.000000000e+00 0.000000000e+00 0.000000000e+00 -1.767717612e-15 
d 0.000000000e+00 0.000000000e+00 -1.257098665e-04 1.900000000e+00 1.900000000e+00 1.257098665e-04 2.500000000e+00 2.500000000e+00 0.000000000e+00 0.000000000e+00 0.000000000e+00 -1.769275632e-15 
d 0.000000000e+00 0.000000000e+00 -1.260093226e-04 1.950000000e+00 1.950000000e+00 1.260093226e-04 2.500000000e+00 2.500000000e+00 0.000000000e+00 0.000000000e+00 0.000000000e+00 -1.770692082e-15 
d 0.000000000e+00 0.000000000e+00 -1.262997540e-04 2.000000000e+00 2.000000000e+00 1.262997540e-04 2.500000000e+00 2.500000000e+00 0.000000000e+00 0.000000000e+00 0.000000000e+00 -1.771979201e-15 
d 0.000000000e+00 0.000000000e+00 -1.265817829e-04 2.050000000e+00 2.050000000e+00 1.265817829e-04 2.500000000e+00 2.500000000e+00 0.000000000e+00 0.000000000e+00 0.000000000e+00 -1.773156895e-15 
d 0.000000000e+00 0.000000000e+00 -1.268559754e-04 2.100000000e+00 2.100000000e+00 1.268559754e-04 2.500000000e+00 2.500000000e+00 0.000000000e+00 0.000000000e+00 0.000000000e+00 -1.774248621e-15 
d 0.000000000e+00 0.000000000e+00 -1.271228446e-04 2.150000000e+00 2.150000000e+00 1.271228446e-04 2.500000000e+00 2.500000000e+00 0.000000000e+00 0.000000000e+00 0.000000000e+00 -1.775277381e-15 
d 0.000000000e+00 0.000000000e+00 -1.273828674e-04 2.200000000e+00 2.200000000e+00 1.273828674e-04 2.500000000e+00 2.500000000e+00 0.000000000e+00 0.000000000e+00 0.000000000e+00 -1.776263004e-15 
d 0.000000000e+00 0.000000000e+00 -1.276364898e-04 2.250000000e+00 2.250000000e+00 1.276364898e-04 2.500000000e+00 2.500000000e+00 0.000000000e+00 0.000000000e+00 0.000000000e+00 -1.777220118e-15 
d 0.000000000e+00 0.000000000e+00 -1.278841118e-04 2.300000000e+00 2.300000000e+00 1.278841118e-04 2.500000000e+00 2.500000000e+00 0.000000000e+00 0.000000000e+00 0.000000000e+00 -1.778156423e-15 
d 0.000000000e+00 0.000000000e+00 -1.281260988e-04 2.350000000e+00 2.350000000e+00 1.281260988e-04 2.500000000e+00 2.500000000e+00 0.000000000e+00 0.000000000e+00 0.000000000e+00 -1.779072250e-15 
d 0.000000000e+00 0.000000000e+00 -1.283627846e-04 2.400000000e+00 2.400000000e+00 1.283627846e-04 2.500000000e+00 2.500000000e+00 0.000000000e+00 0.000000000e+00 0.000000000e+00 -1.779961723e-15 
d 0.000000000e+00 0.000000000e+00 -1.285944811e-04 2.450000000e+00 2.450000000e+00 1.285944811e-04 2.500000000e+00 2.500000000e+00 0.000000000e+00 0.000000000e+00 0.000000000e+00 -1.780815949e-15 
d 0.000000000e+00 0.000000000e+00 -1.288214630e-04 2.500000000e+00 2.500000000e+00 1.288214630e-04 2.500000000e+00 2.500000000e+00 0.000000000e+00 0.000000000e+00 0.000000000e+00 -1.781626840e-15 
d 0.000000000e+00 0.000000000e+00 -1.290439815e-04 2.550000000e+00 2.550000000e+00 1.290439815e-04 2.500000000e+00 2.500000000e+00 0.000000000e+00 0.000000000e+00 0.000000000e+00 -1.782390426e-15 
d 0.000000000e+00 0.000000000e+00 -1.292622595e-04 2.600000000e+00 2.600000000e+00 1.292622595e-04 2.500000000e+00 2.500000000e+00 0.000000000e+00 0.000000000e+00 0.000000000e+00 -1.783107847e-15 
d 0.000000000e+00 0.000000000e+00 -1.294765061e-04 2.650000000e+00 2.650000000e+00 1.294765061e-04 2.500000000e+00 2.500000000e+00 0.000000000e+00 0.000000000e+00 0.000000000e+00 -1.783784431e-15 
d 0.000000000e+00 0.000000000e+00 -1.296869145e-04 2.700000000e+00 2.700000000e+00 1.296869145e-04 2.500000000e+00 2.500000000e+00 0.000000000e+00 0.000000000e+00 0.000000000e+00 -1.784427414e-15 
d 0.000000000e+00 0.000000000e+00 -1.298936566e-04 2.750000000e+00 2.750000000e+00 1.298936566e-04 2.500000000e+00 2.500000000e+00 0.000000000e+00 0.000000000e+00 0.000000000e+00 -1.785043446e-15 
d 0.000000000e+00 0.000000000e+00 -1.300968918e-04 2.800000000e+00 2.800000000e+00 1.300968918e-04 2.500000000e+00 2.500000000e+00 0.000000000e+00 0.000000000e+00 0.000000000e+00 -1.785636751e-15 
d 0.000000000e+00 0.000000000e+00 -1.302967607e-04 2.850000000e+00 2.850000000e+00 1.302967607e-04 2.500000000e+00 2.500000000e+00 0.000000000e+00 0.000000000e+00 0.000000000e+00 -1.786207899e-15 
d 0.000000000e+00 0.000000000e+00 -1.304933989e-04 2.900000000e+00 2.900000000e+00 1.304933989e-04 2.500000000e+00 2.500000000e+00 0.000000000e+00 0.000000000e+00 0.000000000e+00 -1.786753950e-15 
d 0.000000000e+00 0.000000000e+00 -1.306869370e-04 2.950000000e+00 2.950000000e+00 1.306869370e-04 2.500000000e+00 2.500000000e+00 0.000000000e+00 0.000000000e+00 0.000000000e+00 -1.787269559e-15 
d 0.000000000e+00 0.000000000e+00 -1.308774910e-04 3.000000000e+00 3.000000000e+00 1.308774910e-04 2.500000000e+00 2.500000000e+00 0.000000000e+00 0.000000000e+00 0.000000000e+00 -1.787748396e-15 
d 0.000000000e+00 0.000000000e+00 -1.310651704e-04 3.050000000e+00 3.050000000e+00 1.310651704e-04 2.500000000e+00 2.500000000e+00 0.000000000e+00 0.000000000e+00 0.000000000e+00 -1.788185180e-15 
d 0.000000000e+00 0.000000000e+00 -1.312500761e-04 3.100000000e+00 3.100000000e+00 1.312500761e-04 2.500000000e+00 2.500000000e+00 0.000000000e+00 0.000000000e+00 0.000000000e+00 -1.788576990e-15 
d 0.000000000e+00 0.000000000e+00 -1.314323013e-04 3.150000000e+00 3.150000000e+00 1.314323013e-04 2.500000000e+00 2.500000000e+00 0.000000000e+00 0.000000000e+00 0.000000000e+00 -1.788923635e-15 
d 0.000000000e+00 0.000000000e+00 -1.316119387e-04 3.200000000e+00 3.200000000e+00 1.316119387e-04 2.500000000e+00 2.500000000e+00 0.000000000e+00 0.000000000e+00 0.000000000e+00 -1.789227340e-15 
d 0.000000000e+00 0.000000000e+00 -1.317890742e-04 3.250000000e+00 3.250000000e+00 1.317890742e-04 2.500000000e+00 2.500000000e+00 0.000000000e+00 0.000000000e+00 0.000000000e+00 -1.789491528e-15 
d 0.000000000e+00 0.000000000e+00 -1.319637884e-04 3.300000000e+00 3.300000000e+00 1.319637884e-04 2.500000000e+00 2.500000000e+00 0.000000000e+00 0.000000000e+00 0.000000000e+00 -1.789719644e-15 
d 0.000000000e+00 0.000000000e+00 -1.321361585e-04 3.350000000e+00 3.350000000e+00 1.321361585e-04 2.500000000e+00 2.500000000e+00 0.000000000e+00 0.000000000e+00 0.000000000e+00 -1.789914335e-15 
d 0.000000000e+00 0.000000000e+00 -1.323062580e-04 3.400000000e+00 3.400000000e+00 1.323062580e-04 2.500000000e+00 2.500000000e+00 0.000000000e+00 0.000000000e+00 0.000000000e+00 -1.790076957e-15 
d 0.000000000e+00 0.000000000e+00 -1.324741509e-04 3.450000000e+00 3.450000000e+00 1.324741509e-04 2.500000000e+00 2.500000000e+00 0.000000000e+00 0.000000000e+00 0.000000000e+00 -1.790207542e-15 
d 0.000000000e+00 0.000000000e+00 -1.326399069e-04 3.500000000e+00 3.500000000e+00 1.326399069e-04 2.500000000e+00 2.500000000e+00 0.000000000e+00 0.000000000e+00 0.000000000e+00 -1.790305870e-15 
d 0.000000000e+00 0.000000000e+00 -1.328035869e-04 3.550000000e+00 3.550000000e+00 1.328035869e-04 2.500000000e+00 2.500000000e+00 0.000000000e+00 0.000000000e+00 0.000000000e+00 -1.790371882e-15 
d 0.000000000e+00 0.000000000e+00 -1.329652487e-04 3.600000000e+00 3.600000000e+00 1.329652487e-04 2.500000000e+00 2.500000000e+00 0.000000000e+00 0.000000000e+00 0.000000000e+00 -1.790406587e-15 
d 0.000000000e+00 0.000000000e+00 -1.331249509e-04 3.650000000e+00 3.650000000e+00 1.331249509e-04 2.500000000e+00 2.500000000e+00 0.000000000e+00 0.000000000e+00 0.000000000e+00 -1.790412693e-15 
d 0.000000000e+00 0.000000000e+00 -1.332827497e-04 3.700000000e+00 3.700000000e+00 1.332827497e-04 2.500000000e+00 2.500000000e+00 0.000000000e+00 0.000000000e+00 0.000000000e+00 -1.790394417e-15 
d 0.000000000e+00 0.000000000e+00 -1.334386937e-04 3.750000000e+00 3.750000000e+00 1.334386937e-04 2.500000000e+00 2.500000000e+00 0.000000000e+00 0.000000000e+00 0.000000000e+00 -1.790356939e-15 
d 0.000000000e+00 0.000000000e+00 -1.335928367e-04 3.800000000e+00 3.800000000e+00 1.335928367e-04 2.500000000e+00 2.500000000e+00 0.000000000e+00 0.000000000e+00 0.000000000e+00 -1.790306235e-15 
d 0.000000000e+00 0.000000000e+00 -1.337452201e-04 3.850000000e+00 3.850000000e+00 1.337452201e-04 2.500000000e+00 2.500000000e+00 0.000000000e+00 0.000000000e+00 0.000000000e+00 -1.790247833e-15 
d 0.000000000e+00 0.000000000e+00 -1.338958958e-04 3.900000000e+00 3.900000000e+00 1.338958958e-04 2.500000000e+00 2.500000000e+00 0.000000000e+00 0.000000000e+00 0.000000000e+00 -1.790187282e-15 
d 0.000000000e+00 0.000000000e+00 -1.340449036e-04 3.950000000e+00 3.950000000e+00 1.340449036e-04 2.500000000e+00 2.500000000e+00 0.000000000e+00 0.000000000e+00 0.000000000e+00 -1.790129255e-15 
d 0.000000000e+00 0.000000000e+00 -1.341922852e-04 4.000000000e+00 4.000000000e+00 1.341922852e-04 2.500000000e+00 2.500000000e+00 0.000000000e+00 0.000000000e+00 0.000000000e+00 -1.790078180e-15 
d 0.000000000e+00 0.000000000e+00 -1.343380814e-04 4.050000000e+00 4.050000000e+00 1.343380814e-04 2.500000000e+00 2.500000000e+00 0.000000000e+00 0.000000000e+00 0.000000000e+00 -1.790038404e-15 
d 0.000000000e+00 0.000000000e+00 -1.344823302e-04 4.100000000e+00 4.100000000e+00 1.344823302e-04 2.500000000e+00 2.500000000e+00 0.000000000e+00 0.000000000e+00 0.000000000e+00 -1.790014399e-15 
d 0.000000000e+00 0.000000000e+00 -1.346250719e-04 4.150000000e+00 4.150000000e+00 1.346250719e-04 2.500000000e+00 2.500000000e+00 0.000000000e+00 0.000000000e+00 0.000000000e+00 -1.790011072e-15 
d 0.000000000e+00 0.000000000e+00 -1.347663434e-04 4.200000000e+00 4.200000000e+00 1.347663434e-04 2.500000000e+00 2.500000000e+00 0.000000000e+00 0.000000000e+00 0.000000000e+00 -1.790033479e-15 
d 0.000000000e+00 0.000000000e+00 -1.349061767e-04 4.250000000e+00 4.250000000e+00 1.349061767e-04 2.500000000e+00 2.500000000e+00 0.000000000e+00 0.000000000e+00 0.000000000e+00 -1.790086601e-15 
d 0.000000000e+00 0.000000000e+00 -1.350446057e-04 4.300000000e+00 4.300000000e+00 1.350446057e-04 2.500000000e+00 2.500000000e+00 0.000000000e+00 0.000000000e+00 0.000000000e+00 -1.790175376e-15 
d 0.000000000e+00 0.000000000e+00 -1.351816649e-04 4.350000000e+00 4.350000000e+00 1.351816649e-04 2.500000000e+00 2.500000000e+00 0.000000000e+00 0.000000000e+00 0.000000000e+00 -1.790304499e-15 
d 0.000000000e+00 0.000000000e+00 -1.353173799e-04 4.400000000e+00 4.400000000e+00 1.353173799e-04 2.500000000e+00 2.500000000e+00 0.000000000e+00 0.000000000e+00 0.000000000e+00 -1.790477939e-15 
d 0.000000000e+00 0.000000000e+00 -1.354517789e-04 4.450000000e+00 4.450000000e+00 1.354517789e-04 2.500000000e+00 2.500000000e+00 0.000000000e+00 0.000000000e+00 0.000000000e+00 -1.790699341e-15 
d 0.000000000e+00 0.000000000e+00 -1.355848916e-04 4.500000000e+00 4.500000000e+00 1.355848916e-04 2.500000000e+00 2.500000000e+00 0.000000000e+00 0.000000000e+00 0.000000000e+00 -1.790971994e-15 
d 0.000000000e+00 0.000000000e+00 -1.357167518e-04 4.550000000e+00 4.550000000e+00 1.357167518e-04 2.500000000e+00 2.500000000e+00 0.000000000e+00 0.000000000e+00 0.000000000e+00 -1.791298903e-15 
d 0.000000000e+00 0.000000000e+00 -1.358473865e-04 4.600000000e+00 4.600000000e+00 1.358473865e-04 2.500000000e+00 2.500000000e+00 0.000000000e+00 0.000000000e+00 0.000000000e+00 -1.791682259e-15 
d 0.000000000e+00 0.000000000e+00 -1.359768215e-04 4.650000000e+00 4.650000000e+00 1.359768215e-04 2.500000000e+00 2.500000000e+00 0.000000000e+00 0.000000000e+00 0.000000000e+00 -1.792123479e-15 
d 0.000000000e+00 0.000000000e+00 -1.361050811e-04 4.700000000e+00 4.700000000e+00 1.361050811e-04 2.500000000e+00 2.500000000e+00 0.000000000e+00 0.000000000e+00 0.000000000e+00 -1.792623003e-15 
d 0.000000000e+00 0.000000000e+00 -1.362321861e-04 4.750000000e+00 4.750000000e+00 1.362321861e-04 2.500000000e+00 2.500000000e+00 0.000000000e+00 0.000000000e+00 0.000000000e+00 -1.793180029e-15 
d 0.000000000e+00 0.000000000e+00 -1.363581646e-04 4.800000000e+00 4.800000000e+00 1.363581646e-04 2.500000000e+00 2.500000000e+00 0.000000000e+00 0.000000000e+00 0.000000000e+00 -1.793792687e-15 
d 0.000000000e+00 0.000000000e+00 -1.364830359e-04 4.850000000e+00 4.850000000e+00 1.364830359e-04 2.500000000e+00 2.500000000e+00 0.000000000e+00 0.000000000e+00 0.000000000e+00 -1.794457256e-15 
d 0.000000000e+00 0.000000000e+00 -1.366068177e-04 4.900000000e+00 4.900000000e+00 1.366068177e-04 2.500000000e+00 2.500000000e+00 0.000000000e+00 0.000000000e+00 0.000000000e+00 -1.795168330e-15 
d 0.000000000e+00 0.000000000e+00 -1.367295313e-04 4.950000000e+00 4.950000000e+00 1.367295313e-04 2.500000000e+00 2.500000000e+00 0.000000000e+00 0.000000000e+00 0.000000000e+00 -1.795918879e-15 
d 0.000000000e+00 0.000000000e+00 -1.368512061e-04 5.000000000e+00 5.000000000e+00 1.368512061e-04 2.500000000e+00 2.500000000e+00 0.000000000e+00 0.000000000e+00 0.000000000e+00 -1.796700420e-15 
