v ATLAS
# This file was created by ATLAS version 5.32.1.R on Mon May 25 22:21:58 2026.
#SSF 2.0 generic
##############################################################################
#                    Copyright (c) 1984 - 2021                               #
#                    Silvaco Inc. All rights reserved                        #
#                                                                            #
# This file format and the following Key are copyright Silvaco Inc.          #
# You may not use, this format or key without reproducing this message in    #
# full and obtaining express written permission from Silvaco Inc.            #
#                                                                            #
# To obtain such permission please contact: Silvaco Inc.                     #
#                                           support@silvaco.com              #
#                                                                            #
# KEY=SVC86hn7562asdx                       PROD=345                         #
##############################################################################
y 3 700 711 15
z 1 0.02 300
f 4 "source" "drain" "gate" "substrate" 
p 12 2 601 20 3 602 21 4 603 22 5 604 23 
d 0.000000000e+00 0.000000000e+00 4.699473253e-19 0.000000000e+00 0.000000000e+00 -8.354619117e-19 2.000000000e+00 2.000000000e+00 0.000000000e+00 0.000000000e+00 0.000000000e+00 1.084066283e-23 
d 0.000000000e+00 0.000000000e+00 -7.311360518e-06 5.000000000e-02 5.000000000e-02 7.311360519e-06 2.000000000e+00 2.000000000e+00 0.000000000e+00 0.000000000e+00 0.000000000e+00 -4.582191111e-16 
d 0.000000000e+00 0.000000000e+00 -1.426629592e-05 1.000000000e-01 1.000000000e-01 1.426629592e-05 2.000000000e+00 2.000000000e+00 0.000000000e+00 0.000000000e+00 0.000000000e+00 -6.663518326e-16 
d 0.000000000e+00 0.000000000e+00 -2.084486081e-05 1.500000000e-01 1.500000000e-01 2.084486081e-05 2.000000000e+00 2.000000000e+00 0.000000000e+00 0.000000000e+00 0.000000000e+00 -8.002321720e-16 
d 0.000000000e+00 0.000000000e+00 -2.702981070e-05 2.000000000e-01 2.000000000e-01 2.702981070e-05 2.000000000e+00 2.000000000e+00 0.000000000e+00 0.000000000e+00 0.000000000e+00 -9.032290328e-16 
d 0.000000000e+00 0.000000000e+00 -3.280688046e-05 2.500000000e-01 2.500000000e-01 3.280688046e-05 2.000000000e+00 2.000000000e+00 0.000000000e+00 0.000000000e+00 0.000000000e+00 -9.894049098e-16 
d 0.000000000e+00 0.000000000e+00 -3.816498652e-05 3.000000000e-01 3.000000000e-01 3.816498652e-05 2.000000000e+00 2.000000000e+00 0.000000000e+00 0.000000000e+00 0.000000000e+00 -1.063975664e-15 
d 0.000000000e+00 0.000000000e+00 -4.309636051e-05 3.500000000e-01 3.500000000e-01 4.309636051e-05 2.000000000e+00 2.000000000e+00 0.000000000e+00 0.000000000e+00 0.000000000e+00 -1.129348450e-15 
d 0.000000000e+00 0.000000000e+00 -4.759663616e-05 4.000000000e-01 4.000000000e-01 4.759663616e-05 2.000000000e+00 2.000000000e+00 0.000000000e+00 0.000000000e+00 0.000000000e+00 -1.187056090e-15 
d 0.000000000e+00 0.000000000e+00 -5.166490586e-05 4.500000000e-01 4.500000000e-01 5.166490586e-05 2.000000000e+00 2.000000000e+00 0.000000000e+00 0.000000000e+00 0.000000000e+00 -1.238258199e-15 
d 0.000000000e+00 0.000000000e+00 -5.530378763e-05 5.000000000e-01 5.000000000e-01 5.530378764e-05 2.000000000e+00 2.000000000e+00 0.000000000e+00 0.000000000e+00 0.000000000e+00 -1.283809911e-15 
d 0.000000000e+00 0.000000000e+00 -5.851955083e-05 5.500000000e-01 5.500000000e-01 5.851955083e-05 2.000000000e+00 2.000000000e+00 0.000000000e+00 0.000000000e+00 0.000000000e+00 -1.324216407e-15 
d 0.000000000e+00 0.000000000e+00 -6.132236916e-05 6.000000000e-01 6.000000000e-01 6.132236916e-05 2.000000000e+00 2.000000000e+00 0.000000000e+00 0.000000000e+00 0.000000000e+00 -1.359632744e-15 
d 0.000000000e+00 0.000000000e+00 -6.372679549e-05 6.500000000e-01 6.500000000e-01 6.372679549e-05 2.000000000e+00 2.000000000e+00 0.000000000e+00 0.000000000e+00 0.000000000e+00 -1.389822248e-15 
d 0.000000000e+00 0.000000000e+00 -6.575257597e-05 7.000000000e-01 7.000000000e-01 6.575257597e-05 2.000000000e+00 2.000000000e+00 0.000000000e+00 0.000000000e+00 0.000000000e+00 -1.414399588e-15 
d 0.000000000e+00 0.000000000e+00 -6.742587839e-05 7.500000000e-01 7.500000000e-01 6.742587839e-05 2.000000000e+00 2.000000000e+00 0.000000000e+00 0.000000000e+00 0.000000000e+00 -1.433278872e-15 
d 0.000000000e+00 0.000000000e+00 -6.878080475e-05 8.000000000e-01 8.000000000e-01 6.878080475e-05 2.000000000e+00 2.000000000e+00 0.000000000e+00 0.000000000e+00 0.000000000e+00 -1.448077509e-15 
d 0.000000000e+00 0.000000000e+00 -6.986048459e-05 8.500000000e-01 8.500000000e-01 6.986048459e-05 2.000000000e+00 2.000000000e+00 0.000000000e+00 0.000000000e+00 0.000000000e+00 -1.463570727e-15 
d 0.000000000e+00 0.000000000e+00 -7.071610692e-05 9.000000000e-01 9.000000000e-01 7.071610690e-05 2.000000000e+00 2.000000000e+00 0.000000000e+00 0.000000000e+00 0.000000000e+00 -1.486270005e-15 
d 0.000000000e+00 0.000000000e+00 -7.140208343e-05 9.500000000e-01 9.500000000e-01 7.140208339e-05 2.000000000e+00 2.000000000e+00 0.000000000e+00 0.000000000e+00 0.000000000e+00 -1.517478059e-15 
d 0.000000000e+00 0.000000000e+00 -7.196810149e-05 1.000000000e+00 1.000000000e+00 7.196810141e-05 2.000000000e+00 2.000000000e+00 0.000000000e+00 0.000000000e+00 0.000000000e+00 -1.548688052e-15 
d 0.000000000e+00 0.000000000e+00 -7.245262681e-05 1.050000000e+00 1.050000000e+00 7.245262673e-05 2.000000000e+00 2.000000000e+00 0.000000000e+00 0.000000000e+00 0.000000000e+00 -1.572163488e-15 
d 0.000000000e+00 0.000000000e+00 -7.288160389e-05 1.100000000e+00 1.100000000e+00 7.288160382e-05 2.000000000e+00 2.000000000e+00 0.000000000e+00 0.000000000e+00 0.000000000e+00 -1.589093183e-15 
d 0.000000000e+00 0.000000000e+00 -7.327119592e-05 1.150000000e+00 1.150000000e+00 7.327119587e-05 2.000000000e+00 2.000000000e+00 0.000000000e+00 0.000000000e+00 0.000000000e+00 -1.602799692e-15 
d 0.000000000e+00 0.000000000e+00 -7.363131754e-05 1.200000000e+00 1.200000000e+00 7.363131750e-05 2.000000000e+00 2.000000000e+00 0.000000000e+00 0.000000000e+00 0.000000000e+00 -1.614542959e-15 
d 0.000000000e+00 0.000000000e+00 -7.396824116e-05 1.250000000e+00 1.250000000e+00 7.396824112e-05 2.000000000e+00 2.000000000e+00 0.000000000e+00 0.000000000e+00 0.000000000e+00 -1.624533614e-15 
d 0.000000000e+00 0.000000000e+00 -7.428614702e-05 1.300000000e+00 1.300000000e+00 7.428614700e-05 2.000000000e+00 2.000000000e+00 0.000000000e+00 0.000000000e+00 0.000000000e+00 -1.632862078e-15 
d 0.000000000e+00 0.000000000e+00 -7.458797550e-05 1.350000000e+00 1.350000000e+00 7.458797548e-05 2.000000000e+00 2.000000000e+00 0.000000000e+00 0.000000000e+00 0.000000000e+00 -1.639703143e-15 
d 0.000000000e+00 0.000000000e+00 -7.487589300e-05 1.400000000e+00 1.400000000e+00 7.487589299e-05 2.000000000e+00 2.000000000e+00 0.000000000e+00 0.000000000e+00 0.000000000e+00 -1.645293896e-15 
d 0.000000000e+00 0.000000000e+00 -7.515155662e-05 1.450000000e+00 1.450000000e+00 7.515155661e-05 2.000000000e+00 2.000000000e+00 0.000000000e+00 0.000000000e+00 0.000000000e+00 -1.649886846e-15 
d 0.000000000e+00 0.000000000e+00 -7.541627318e-05 1.500000000e+00 1.500000000e+00 7.541627317e-05 2.000000000e+00 2.000000000e+00 0.000000000e+00 0.000000000e+00 0.000000000e+00 -1.653719332e-15 
d 0.000000000e+00 0.000000000e+00 -7.567110057e-05 1.550000000e+00 1.550000000e+00 7.567110057e-05 2.000000000e+00 2.000000000e+00 0.000000000e+00 0.000000000e+00 0.000000000e+00 -1.656995084e-15 
d 0.000000000e+00 0.000000000e+00 -7.591691559e-05 1.600000000e+00 1.600000000e+00 7.591691559e-05 2.000000000e+00 2.000000000e+00 0.000000000e+00 0.000000000e+00 0.000000000e+00 -1.659874952e-15 
d 0.000000000e+00 0.000000000e+00 -7.615445517e-05 1.650000000e+00 1.650000000e+00 7.615445517e-05 2.000000000e+00 2.000000000e+00 0.000000000e+00 0.000000000e+00 0.000000000e+00 -1.662474766e-15 
d 0.000000000e+00 0.000000000e+00 -7.638436186e-05 1.700000000e+00 1.700000000e+00 7.638436186e-05 2.000000000e+00 2.000000000e+00 0.000000000e+00 0.000000000e+00 0.000000000e+00 -1.664868243e-15 
d 0.000000000e+00 0.000000000e+00 -7.660719440e-05 1.750000000e+00 1.750000000e+00 7.660719441e-05 2.000000000e+00 2.000000000e+00 0.000000000e+00 0.000000000e+00 0.000000000e+00 -1.667093027e-15 
d 0.000000000e+00 0.000000000e+00 -7.682344804e-05 1.800000000e+00 1.800000000e+00 7.682344804e-05 2.000000000e+00 2.000000000e+00 0.000000000e+00 0.000000000e+00 0.000000000e+00 -1.669161955e-15 
d 0.000000000e+00 0.000000000e+00 -7.703357831e-05 1.850000000e+00 1.850000000e+00 7.703357831e-05 2.000000000e+00 2.000000000e+00 0.000000000e+00 0.000000000e+00 0.000000000e+00 -1.671077922e-15 
d 0.000000000e+00 0.000000000e+00 -7.723798945e-05 1.900000000e+00 1.900000000e+00 7.723798945e-05 2.000000000e+00 2.000000000e+00 0.000000000e+00 0.000000000e+00 0.000000000e+00 -1.672845810e-15 
d 0.000000000e+00 0.000000000e+00 -7.743704857e-05 1.950000000e+00 1.950000000e+00 7.743704857e-05 2.000000000e+00 2.000000000e+00 0.000000000e+00 0.000000000e+00 0.000000000e+00 -1.674477914e-15 
d 0.000000000e+00 0.000000000e+00 -7.763110276e-05 2.000000000e+00 2.000000000e+00 7.763110276e-05 2.000000000e+00 2.000000000e+00 0.000000000e+00 0.000000000e+00 0.000000000e+00 -1.675992812e-15 
d 0.000000000e+00 0.000000000e+00 -7.782046751e-05 2.050000000e+00 2.050000000e+00 7.782046751e-05 2.000000000e+00 2.000000000e+00 0.000000000e+00 0.000000000e+00 0.000000000e+00 -1.677411219e-15 
d 0.000000000e+00 0.000000000e+00 -7.800542702e-05 2.100000000e+00 2.100000000e+00 7.800542702e-05 2.000000000e+00 2.000000000e+00 0.000000000e+00 0.000000000e+00 0.000000000e+00 -1.678752373e-15 
d 0.000000000e+00 0.000000000e+00 -7.818624018e-05 2.150000000e+00 2.150000000e+00 7.818624018e-05 2.000000000e+00 2.000000000e+00 0.000000000e+00 0.000000000e+00 0.000000000e+00 -1.680031776e-15 
d 0.000000000e+00 0.000000000e+00 -7.836315553e-05 2.200000000e+00 2.200000000e+00 7.836315553e-05 2.000000000e+00 2.000000000e+00 0.000000000e+00 0.000000000e+00 0.000000000e+00 -1.681259760e-15 
d 0.000000000e+00 0.000000000e+00 -7.853639667e-05 2.250000000e+00 2.250000000e+00 7.853639668e-05 2.000000000e+00 2.000000000e+00 0.000000000e+00 0.000000000e+00 0.000000000e+00 -1.682439946e-15 
d 0.000000000e+00 0.000000000e+00 -7.870616282e-05 2.300000000e+00 2.300000000e+00 7.870616282e-05 2.000000000e+00 2.000000000e+00 0.000000000e+00 0.000000000e+00 0.000000000e+00 -1.683568829e-15 
d 0.000000000e+00 0.000000000e+00 -7.887263428e-05 2.350000000e+00 2.350000000e+00 7.887263428e-05 2.000000000e+00 2.000000000e+00 0.000000000e+00 0.000000000e+00 0.000000000e+00 -1.684637386e-15 
d 0.000000000e+00 0.000000000e+00 -7.903597768e-05 2.400000000e+00 2.400000000e+00 7.903597768e-05 2.000000000e+00 2.000000000e+00 0.000000000e+00 0.000000000e+00 0.000000000e+00 -1.685634441e-15 
d 0.000000000e+00 0.000000000e+00 -7.919635785e-05 2.450000000e+00 2.450000000e+00 7.919635785e-05 2.000000000e+00 2.000000000e+00 0.000000000e+00 0.000000000e+00 0.000000000e+00 -1.686551195e-15 
d 0.000000000e+00 0.000000000e+00 -7.935390776e-05 2.500000000e+00 2.500000000e+00 7.935390776e-05 2.000000000e+00 2.000000000e+00 0.000000000e+00 0.000000000e+00 0.000000000e+00 -1.687383270e-15 
d 0.000000000e+00 0.000000000e+00 -7.950876012e-05 2.550000000e+00 2.550000000e+00 7.950876012e-05 2.000000000e+00 2.000000000e+00 0.000000000e+00 0.000000000e+00 0.000000000e+00 -1.688132577e-15 
d 0.000000000e+00 0.000000000e+00 -7.966102741e-05 2.600000000e+00 2.600000000e+00 7.966102741e-05 2.000000000e+00 2.000000000e+00 0.000000000e+00 0.000000000e+00 0.000000000e+00 -1.688805435e-15 
d 0.000000000e+00 0.000000000e+00 -7.981081422e-05 2.650000000e+00 2.650000000e+00 7.981081422e-05 2.000000000e+00 2.000000000e+00 0.000000000e+00 0.000000000e+00 0.000000000e+00 -1.689410494e-15 
d 0.000000000e+00 0.000000000e+00 -7.995823348e-05 2.700000000e+00 2.700000000e+00 7.995823348e-05 2.000000000e+00 2.000000000e+00 0.000000000e+00 0.000000000e+00 0.000000000e+00 -1.689957041e-15 
d 0.000000000e+00 0.000000000e+00 -8.010337297e-05 2.750000000e+00 2.750000000e+00 8.010337297e-05 2.000000000e+00 2.000000000e+00 0.000000000e+00 0.000000000e+00 0.000000000e+00 -1.690451779e-15 
d 0.000000000e+00 0.000000000e+00 -8.024632261e-05 2.800000000e+00 2.800000000e+00 8.024632261e-05 2.000000000e+00 2.000000000e+00 0.000000000e+00 0.000000000e+00 0.000000000e+00 -1.690898838e-15 
d 0.000000000e+00 0.000000000e+00 -8.038715813e-05 2.850000000e+00 2.850000000e+00 8.038715813e-05 2.000000000e+00 2.000000000e+00 0.000000000e+00 0.000000000e+00 0.000000000e+00 -1.691299023e-15 
d 0.000000000e+00 0.000000000e+00 -8.052595479e-05 2.900000000e+00 2.900000000e+00 8.052595479e-05 2.000000000e+00 2.000000000e+00 0.000000000e+00 0.000000000e+00 0.000000000e+00 -1.691651366e-15 
d 0.000000000e+00 0.000000000e+00 -8.066277947e-05 2.950000000e+00 2.950000000e+00 8.066277948e-05 2.000000000e+00 2.000000000e+00 0.000000000e+00 0.000000000e+00 0.000000000e+00 -1.691954438e-15 
d 0.000000000e+00 0.000000000e+00 -8.079770902e-05 3.000000000e+00 3.000000000e+00 8.079770902e-05 2.000000000e+00 2.000000000e+00 0.000000000e+00 0.000000000e+00 0.000000000e+00 -1.692209030e-15 
d 0.000000000e+00 0.000000000e+00 -8.093080294e-05 3.050000000e+00 3.050000000e+00 8.093080294e-05 2.000000000e+00 2.000000000e+00 0.000000000e+00 0.000000000e+00 0.000000000e+00 -1.692417928e-15 
d 0.000000000e+00 0.000000000e+00 -8.106212182e-05 3.100000000e+00 3.100000000e+00 8.106212182e-05 2.000000000e+00 2.000000000e+00 0.000000000e+00 0.000000000e+00 0.000000000e+00 -1.692586933e-15 
d 0.000000000e+00 0.000000000e+00 -8.119171767e-05 3.150000000e+00 3.150000000e+00 8.119171767e-05 2.000000000e+00 2.000000000e+00 0.000000000e+00 0.000000000e+00 0.000000000e+00 -1.692723602e-15 
d 0.000000000e+00 0.000000000e+00 -8.131964262e-05 3.200000000e+00 3.200000000e+00 8.131964262e-05 2.000000000e+00 2.000000000e+00 0.000000000e+00 0.000000000e+00 0.000000000e+00 -1.692836480e-15 
d 0.000000000e+00 0.000000000e+00 -8.144594382e-05 3.250000000e+00 3.250000000e+00 8.144594382e-05 2.000000000e+00 2.000000000e+00 0.000000000e+00 0.000000000e+00 0.000000000e+00 -1.692933374e-15 
d 0.000000000e+00 0.000000000e+00 -8.157067648e-05 3.300000000e+00 3.300000000e+00 8.157067649e-05 2.000000000e+00 2.000000000e+00 0.000000000e+00 0.000000000e+00 0.000000000e+00 -1.693021136e-15 
d 0.000000000e+00 0.000000000e+00 -8.169388860e-05 3.350000000e+00 3.350000000e+00 8.169388860e-05 2.000000000e+00 2.000000000e+00 0.000000000e+00 0.000000000e+00 0.000000000e+00 -1.693104285e-15 
d 0.000000000e+00 0.000000000e+00 -8.181561757e-05 3.400000000e+00 3.400000000e+00 8.181561757e-05 2.000000000e+00 2.000000000e+00 0.000000000e+00 0.000000000e+00 0.000000000e+00 -1.693185031e-15 
d 0.000000000e+00 0.000000000e+00 -8.193590745e-05 3.450000000e+00 3.450000000e+00 8.193590745e-05 2.000000000e+00 2.000000000e+00 0.000000000e+00 0.000000000e+00 0.000000000e+00 -1.693264883e-15 
d 0.000000000e+00 0.000000000e+00 -8.205479873e-05 3.500000000e+00 3.500000000e+00 8.205479873e-05 2.000000000e+00 2.000000000e+00 0.000000000e+00 0.000000000e+00 0.000000000e+00 -1.693344989e-15 
d 0.000000000e+00 0.000000000e+00 -8.217232172e-05 3.550000000e+00 3.550000000e+00 8.217232172e-05 2.000000000e+00 2.000000000e+00 0.000000000e+00 0.000000000e+00 0.000000000e+00 -1.693426593e-15 
d 0.000000000e+00 0.000000000e+00 -8.228851837e-05 3.600000000e+00 3.600000000e+00 8.228851837e-05 2.000000000e+00 2.000000000e+00 0.000000000e+00 0.000000000e+00 0.000000000e+00 -1.693512677e-15 
d 0.000000000e+00 0.000000000e+00 -8.240342119e-05 3.650000000e+00 3.650000000e+00 8.240342120e-05 2.000000000e+00 2.000000000e+00 0.000000000e+00 0.000000000e+00 0.000000000e+00 -1.693606742e-15 
d 0.000000000e+00 0.000000000e+00 -8.251706920e-05 3.700000000e+00 3.700000000e+00 8.251706920e-05 2.000000000e+00 2.000000000e+00 0.000000000e+00 0.000000000e+00 0.000000000e+00 -1.693713264e-15 
d 0.000000000e+00 0.000000000e+00 -8.262949088e-05 3.750000000e+00 3.750000000e+00 8.262949088e-05 2.000000000e+00 2.000000000e+00 0.000000000e+00 0.000000000e+00 0.000000000e+00 -1.693836183e-15 
d 0.000000000e+00 0.000000000e+00 -8.274071594e-05 3.800000000e+00 3.800000000e+00 8.274071594e-05 2.000000000e+00 2.000000000e+00 0.000000000e+00 0.000000000e+00 0.000000000e+00 -1.693978999e-15 
d 0.000000000e+00 0.000000000e+00 -8.285077651e-05 3.850000000e+00 3.850000000e+00 8.285077651e-05 2.000000000e+00 2.000000000e+00 0.000000000e+00 0.000000000e+00 0.000000000e+00 -1.694144552e-15 
d 0.000000000e+00 0.000000000e+00 -8.295969823e-05 3.900000000e+00 3.900000000e+00 8.295969823e-05 2.000000000e+00 2.000000000e+00 0.000000000e+00 0.000000000e+00 0.000000000e+00 -1.694334677e-15 
d 0.000000000e+00 0.000000000e+00 -8.306750432e-05 3.950000000e+00 3.950000000e+00 8.306750432e-05 2.000000000e+00 2.000000000e+00 0.000000000e+00 0.000000000e+00 0.000000000e+00 -1.694550657e-15 
d 0.000000000e+00 0.000000000e+00 -8.317422730e-05 4.000000000e+00 4.000000000e+00 8.317422731e-05 2.000000000e+00 2.000000000e+00 0.000000000e+00 0.000000000e+00 0.000000000e+00 -1.694794279e-15 
d 0.000000000e+00 0.000000000e+00 -8.327988811e-05 4.050000000e+00 4.050000000e+00 8.327988811e-05 2.000000000e+00 2.000000000e+00 0.000000000e+00 0.000000000e+00 0.000000000e+00 -1.695067084e-15 
d 0.000000000e+00 0.000000000e+00 -8.338451742e-05 4.100000000e+00 4.100000000e+00 8.338451742e-05 2.000000000e+00 2.000000000e+00 0.000000000e+00 0.000000000e+00 0.000000000e+00 -1.695371572e-15 
d 0.000000000e+00 0.000000000e+00 -8.348813415e-05 4.150000000e+00 4.150000000e+00 8.348813415e-05 2.000000000e+00 2.000000000e+00 0.000000000e+00 0.000000000e+00 0.000000000e+00 -1.695710131e-15 
d 0.000000000e+00 0.000000000e+00 -8.359076048e-05 4.200000000e+00 4.200000000e+00 8.359076048e-05 2.000000000e+00 2.000000000e+00 0.000000000e+00 0.000000000e+00 0.000000000e+00 -1.696085547e-15 
d 0.000000000e+00 0.000000000e+00 -8.369242061e-05 4.250000000e+00 4.250000000e+00 8.369242061e-05 2.000000000e+00 2.000000000e+00 0.000000000e+00 0.000000000e+00 0.000000000e+00 -1.696500721e-15 
d 0.000000000e+00 0.000000000e+00 -8.379313637e-05 4.300000000e+00 4.300000000e+00 8.379313637e-05 2.000000000e+00 2.000000000e+00 0.000000000e+00 0.000000000e+00 0.000000000e+00 -1.696958303e-15 
d 0.000000000e+00 0.000000000e+00 -8.389292170e-05 4.350000000e+00 4.350000000e+00 8.389292170e-05 2.000000000e+00 2.000000000e+00 0.000000000e+00 0.000000000e+00 0.000000000e+00 -1.697460445e-15 
d 0.000000000e+00 0.000000000e+00 -8.399180183e-05 4.400000000e+00 4.400000000e+00 8.399180184e-05 2.000000000e+00 2.000000000e+00 0.000000000e+00 0.000000000e+00 0.000000000e+00 -1.698009630e-15 
d 0.000000000e+00 0.000000000e+00 -8.408979610e-05 4.450000000e+00 4.450000000e+00 8.408979610e-05 2.000000000e+00 2.000000000e+00 0.000000000e+00 0.000000000e+00 0.000000000e+00 -1.698607943e-15 
d 0.000000000e+00 0.000000000e+00 -8.418691891e-05 4.500000000e+00 4.500000000e+00 8.418691891e-05 2.000000000e+00 2.000000000e+00 0.000000000e+00 0.000000000e+00 0.000000000e+00 -1.699257103e-15 
d 0.000000000e+00 0.000000000e+00 -8.428319263e-05 4.550000000e+00 4.550000000e+00 8.428319263e-05 2.000000000e+00 2.000000000e+00 0.000000000e+00 0.000000000e+00 0.000000000e+00 -1.699959013e-15 
d 0.000000000e+00 0.000000000e+00 -8.437862908e-05 4.600000000e+00 4.600000000e+00 8.437862908e-05 2.000000000e+00 2.000000000e+00 0.000000000e+00 0.000000000e+00 0.000000000e+00 -1.700714806e-15 
d 0.000000000e+00 0.000000000e+00 -8.447324752e-05 4.650000000e+00 4.650000000e+00 8.447324752e-05 2.000000000e+00 2.000000000e+00 0.000000000e+00 0.000000000e+00 0.000000000e+00 -1.701525270e-15 
d 0.000000000e+00 0.000000000e+00 -8.456706753e-05 4.700000000e+00 4.700000000e+00 8.456706753e-05 2.000000000e+00 2.000000000e+00 0.000000000e+00 0.000000000e+00 0.000000000e+00 -1.702390457e-15 
d 0.000000000e+00 0.000000000e+00 -8.466010481e-05 4.750000000e+00 4.750000000e+00 8.466010481e-05 2.000000000e+00 2.000000000e+00 0.000000000e+00 0.000000000e+00 0.000000000e+00 -1.703309239e-15 
d 0.000000000e+00 0.000000000e+00 -8.475237097e-05 4.800000000e+00 4.800000000e+00 8.475237097e-05 2.000000000e+00 2.000000000e+00 0.000000000e+00 0.000000000e+00 0.000000000e+00 -1.704279139e-15 
d 0.000000000e+00 0.000000000e+00 -8.484387861e-05 4.850000000e+00 4.850000000e+00 8.484387861e-05 2.000000000e+00 2.000000000e+00 0.000000000e+00 0.000000000e+00 0.000000000e+00 -1.705296310e-15 
d 0.000000000e+00 0.000000000e+00 -8.493464791e-05 4.900000000e+00 4.900000000e+00 8.493464791e-05 2.000000000e+00 2.000000000e+00 0.000000000e+00 0.000000000e+00 0.000000000e+00 -1.706355737e-15 
d 0.000000000e+00 0.000000000e+00 -8.502469066e-05 4.950000000e+00 4.950000000e+00 8.502469066e-05 2.000000000e+00 2.000000000e+00 0.000000000e+00 0.000000000e+00 0.000000000e+00 -1.707450422e-15 
d 0.000000000e+00 0.000000000e+00 -8.511401521e-05 5.000000000e+00 5.000000000e+00 8.511401521e-05 2.000000000e+00 2.000000000e+00 0.000000000e+00 0.000000000e+00 0.000000000e+00 -1.708571607e-15 
