v ATLAS
# This file was created by ATLAS version 5.32.1.R on Mon May 25 22:22:23 2026.
#SSF 2.0 generic
##############################################################################
#                    Copyright (c) 1984 - 2021                               #
#                    Silvaco Inc. All rights reserved                        #
#                                                                            #
# This file format and the following Key are copyright Silvaco Inc.          #
# You may not use, this format or key without reproducing this message in    #
# full and obtaining express written permission from Silvaco Inc.            #
#                                                                            #
# To obtain such permission please contact: Silvaco Inc.                     #
#                                           support@silvaco.com              #
#                                                                            #
# KEY=SVC86hn7562asdx                       PROD=345                         #
##############################################################################
y 3 700 711 15
z 1 0.02 300
f 4 "source" "drain" "gate" "substrate" 
p 12 2 601 20 3 602 21 4 603 22 5 604 23 
d 0.000000000e+00 0.000000000e+00 3.707362233e-18 0.000000000e+00 0.000000000e+00 -3.341847647e-18 3.000000000e+00 3.000000000e+00 0.000000000e+00 0.000000000e+00 0.000000000e+00 1.110770146e-22 
d 0.000000000e+00 0.000000000e+00 -1.247738806e-05 5.000000000e-02 5.000000000e-02 1.247738806e-05 3.000000000e+00 3.000000000e+00 0.000000000e+00 0.000000000e+00 0.000000000e+00 -4.591738308e-16 
d 0.000000000e+00 0.000000000e+00 -2.459750675e-05 1.000000000e-01 1.000000000e-01 2.459750675e-05 3.000000000e+00 3.000000000e+00 0.000000000e+00 0.000000000e+00 0.000000000e+00 -6.700923981e-16 
d 0.000000000e+00 0.000000000e+00 -3.632721179e-05 1.500000000e-01 1.500000000e-01 3.632721179e-05 3.000000000e+00 3.000000000e+00 0.000000000e+00 0.000000000e+00 0.000000000e+00 -8.059074913e-16 
d 0.000000000e+00 0.000000000e+00 -4.763607022e-05 2.000000000e-01 2.000000000e-01 4.763607022e-05 3.000000000e+00 3.000000000e+00 0.000000000e+00 0.000000000e+00 0.000000000e+00 -9.113503729e-16 
d 0.000000000e+00 0.000000000e+00 -5.849676672e-05 2.500000000e-01 2.500000000e-01 5.849676672e-05 3.000000000e+00 3.000000000e+00 0.000000000e+00 0.000000000e+00 0.000000000e+00 -1.000488786e-15 
d 0.000000000e+00 0.000000000e+00 -6.888541242e-05 3.000000000e-01 3.000000000e-01 6.888541242e-05 3.000000000e+00 3.000000000e+00 0.000000000e+00 0.000000000e+00 0.000000000e+00 -1.078434233e-15 
d 0.000000000e+00 0.000000000e+00 -7.878176225e-05 3.500000000e-01 3.500000000e-01 7.878176225e-05 3.000000000e+00 3.000000000e+00 0.000000000e+00 0.000000000e+00 0.000000000e+00 -1.147528116e-15 
d 0.000000000e+00 0.000000000e+00 -8.816933632e-05 4.000000000e-01 4.000000000e-01 8.816933632e-05 3.000000000e+00 3.000000000e+00 0.000000000e+00 0.000000000e+00 0.000000000e+00 -1.209323768e-15 
d 0.000000000e+00 0.000000000e+00 -9.703545973e-05 4.500000000e-01 4.500000000e-01 9.703545973e-05 3.000000000e+00 3.000000000e+00 0.000000000e+00 0.000000000e+00 0.000000000e+00 -1.265135704e-15 
d 0.000000000e+00 0.000000000e+00 -1.053712108e-04 5.000000000e-01 5.000000000e-01 1.053712108e-04 3.000000000e+00 3.000000000e+00 0.000000000e+00 0.000000000e+00 0.000000000e+00 -1.316110121e-15 
d 0.000000000e+00 0.000000000e+00 -1.131713207e-04 5.500000000e-01 5.500000000e-01 1.131713207e-04 3.000000000e+00 3.000000000e+00 0.000000000e+00 0.000000000e+00 0.000000000e+00 -1.363191538e-15 
d 0.000000000e+00 0.000000000e+00 -1.204340049e-04 6.000000000e-01 6.000000000e-01 1.204340049e-04 3.000000000e+00 3.000000000e+00 0.000000000e+00 0.000000000e+00 0.000000000e+00 -1.407099347e-15 
d 0.000000000e+00 0.000000000e+00 -1.271607677e-04 6.500000000e-01 6.500000000e-01 1.271607677e-04 3.000000000e+00 3.000000000e+00 0.000000000e+00 0.000000000e+00 0.000000000e+00 -1.448337752e-15 
d 0.000000000e+00 0.000000000e+00 -1.333561790e-04 7.000000000e-01 7.000000000e-01 1.333561790e-04 3.000000000e+00 3.000000000e+00 0.000000000e+00 0.000000000e+00 0.000000000e+00 -1.487231542e-15 
d 0.000000000e+00 0.000000000e+00 -1.390276619e-04 7.500000000e-01 7.500000000e-01 1.390276619e-04 3.000000000e+00 3.000000000e+00 0.000000000e+00 0.000000000e+00 0.000000000e+00 -1.523980753e-15 
d 0.000000000e+00 0.000000000e+00 -1.441853067e-04 8.000000000e-01 8.000000000e-01 1.441853067e-04 3.000000000e+00 3.000000000e+00 0.000000000e+00 0.000000000e+00 0.000000000e+00 -1.558712875e-15 
d 0.000000000e+00 0.000000000e+00 -1.488417145e-04 8.500000000e-01 8.500000000e-01 1.488417145e-04 3.000000000e+00 3.000000000e+00 0.000000000e+00 0.000000000e+00 0.000000000e+00 -1.591520264e-15 
d 0.000000000e+00 0.000000000e+00 -1.530119342e-04 9.000000000e-01 9.000000000e-01 1.530119342e-04 3.000000000e+00 3.000000000e+00 0.000000000e+00 0.000000000e+00 0.000000000e+00 -1.622465662e-15 
d 0.000000000e+00 0.000000000e+00 -1.567135139e-04 9.500000000e-01 9.500000000e-01 1.567135139e-04 3.000000000e+00 3.000000000e+00 0.000000000e+00 0.000000000e+00 0.000000000e+00 -1.651570209e-15 
d 0.000000000e+00 0.000000000e+00 -1.599667103e-04 1.000000000e+00 1.000000000e+00 1.599667103e-04 3.000000000e+00 3.000000000e+00 0.000000000e+00 0.000000000e+00 0.000000000e+00 -1.678783507e-15 
d 0.000000000e+00 0.000000000e+00 -1.627949012e-04 1.050000000e+00 1.050000000e+00 1.627949012e-04 3.000000000e+00 3.000000000e+00 0.000000000e+00 0.000000000e+00 0.000000000e+00 -1.703951466e-15 
d 0.000000000e+00 0.000000000e+00 -1.652252295e-04 1.100000000e+00 1.100000000e+00 1.652252295e-04 3.000000000e+00 3.000000000e+00 0.000000000e+00 0.000000000e+00 0.000000000e+00 -1.726825724e-15 
d 0.000000000e+00 0.000000000e+00 -1.672894353e-04 1.150000000e+00 1.150000000e+00 1.672894353e-04 3.000000000e+00 3.000000000e+00 0.000000000e+00 0.000000000e+00 0.000000000e+00 -1.747133919e-15 
d 0.000000000e+00 0.000000000e+00 -1.690246512e-04 1.200000000e+00 1.200000000e+00 1.690246512e-04 3.000000000e+00 3.000000000e+00 0.000000000e+00 0.000000000e+00 0.000000000e+00 -1.764733940e-15 
d 0.000000000e+00 0.000000000e+00 -1.704736440e-04 1.250000000e+00 1.250000000e+00 1.704736440e-04 3.000000000e+00 3.000000000e+00 0.000000000e+00 0.000000000e+00 0.000000000e+00 -1.779729409e-15 
d 0.000000000e+00 0.000000000e+00 -1.716836571e-04 1.300000000e+00 1.300000000e+00 1.716836571e-04 3.000000000e+00 3.000000000e+00 0.000000000e+00 0.000000000e+00 0.000000000e+00 -1.792374340e-15 
d 0.000000000e+00 0.000000000e+00 -1.727032132e-04 1.350000000e+00 1.350000000e+00 1.727032132e-04 3.000000000e+00 3.000000000e+00 0.000000000e+00 0.000000000e+00 0.000000000e+00 -1.802849664e-15 
d 0.000000000e+00 0.000000000e+00 -1.735774245e-04 1.400000000e+00 1.400000000e+00 1.735774244e-04 3.000000000e+00 3.000000000e+00 0.000000000e+00 0.000000000e+00 0.000000000e+00 -1.811212142e-15 
d 0.000000000e+00 0.000000000e+00 -1.743438334e-04 1.450000000e+00 1.450000000e+00 1.743438333e-04 3.000000000e+00 3.000000000e+00 0.000000000e+00 0.000000000e+00 0.000000000e+00 -1.817653791e-15 
d 0.000000000e+00 0.000000000e+00 -1.750307125e-04 1.500000000e+00 1.500000000e+00 1.750307124e-04 3.000000000e+00 3.000000000e+00 0.000000000e+00 0.000000000e+00 0.000000000e+00 -1.822602592e-15 
d 0.000000000e+00 0.000000000e+00 -1.756579158e-04 1.550000000e+00 1.550000000e+00 1.756579157e-04 3.000000000e+00 3.000000000e+00 0.000000000e+00 0.000000000e+00 0.000000000e+00 -1.826507530e-15 
d 0.000000000e+00 0.000000000e+00 -1.762389491e-04 1.600000000e+00 1.600000000e+00 1.762389491e-04 3.000000000e+00 3.000000000e+00 0.000000000e+00 0.000000000e+00 0.000000000e+00 -1.829687645e-15 
d 0.000000000e+00 0.000000000e+00 -1.767830187e-04 1.650000000e+00 1.650000000e+00 1.767830186e-04 3.000000000e+00 3.000000000e+00 0.000000000e+00 0.000000000e+00 0.000000000e+00 -1.832350761e-15 
d 0.000000000e+00 0.000000000e+00 -1.772965542e-04 1.700000000e+00 1.700000000e+00 1.772965542e-04 3.000000000e+00 3.000000000e+00 0.000000000e+00 0.000000000e+00 0.000000000e+00 -1.834641734e-15 
d 0.000000000e+00 0.000000000e+00 -1.777841902e-04 1.750000000e+00 1.750000000e+00 1.777841902e-04 3.000000000e+00 3.000000000e+00 0.000000000e+00 0.000000000e+00 0.000000000e+00 -1.836663975e-15 
d 0.000000000e+00 0.000000000e+00 -1.782493779e-04 1.800000000e+00 1.800000000e+00 1.782493779e-04 3.000000000e+00 3.000000000e+00 0.000000000e+00 0.000000000e+00 0.000000000e+00 -1.838484643e-15 
d 0.000000000e+00 0.000000000e+00 -1.786947665e-04 1.850000000e+00 1.850000000e+00 1.786947665e-04 3.000000000e+00 3.000000000e+00 0.000000000e+00 0.000000000e+00 0.000000000e+00 -1.840138604e-15 
d 0.000000000e+00 0.000000000e+00 -1.791224438e-04 1.900000000e+00 1.900000000e+00 1.791224438e-04 3.000000000e+00 3.000000000e+00 0.000000000e+00 0.000000000e+00 0.000000000e+00 -1.841637582e-15 
d 0.000000000e+00 0.000000000e+00 -1.795340981e-04 1.950000000e+00 1.950000000e+00 1.795340981e-04 3.000000000e+00 3.000000000e+00 0.000000000e+00 0.000000000e+00 0.000000000e+00 -1.842983825e-15 
d 0.000000000e+00 0.000000000e+00 -1.799311275e-04 2.000000000e+00 2.000000000e+00 1.799311275e-04 3.000000000e+00 3.000000000e+00 0.000000000e+00 0.000000000e+00 0.000000000e+00 -1.844182225e-15 
d 0.000000000e+00 0.000000000e+00 -1.803147162e-04 2.050000000e+00 2.050000000e+00 1.803147162e-04 3.000000000e+00 3.000000000e+00 0.000000000e+00 0.000000000e+00 0.000000000e+00 -1.845245792e-15 
d 0.000000000e+00 0.000000000e+00 -1.806858884e-04 2.100000000e+00 2.100000000e+00 1.806858884e-04 3.000000000e+00 3.000000000e+00 0.000000000e+00 0.000000000e+00 0.000000000e+00 -1.846194669e-15 
d 0.000000000e+00 0.000000000e+00 -1.810455471e-04 2.150000000e+00 2.150000000e+00 1.810455471e-04 3.000000000e+00 3.000000000e+00 0.000000000e+00 0.000000000e+00 0.000000000e+00 -1.847052287e-15 
d 0.000000000e+00 0.000000000e+00 -1.813945001e-04 2.200000000e+00 2.200000000e+00 1.813945001e-04 3.000000000e+00 3.000000000e+00 0.000000000e+00 0.000000000e+00 0.000000000e+00 -1.847841671e-15 
d 0.000000000e+00 0.000000000e+00 -1.817334828e-04 2.250000000e+00 2.250000000e+00 1.817334828e-04 3.000000000e+00 3.000000000e+00 0.000000000e+00 0.000000000e+00 0.000000000e+00 -1.848582704e-15 
d 0.000000000e+00 0.000000000e+00 -1.820631687e-04 2.300000000e+00 2.300000000e+00 1.820631687e-04 3.000000000e+00 3.000000000e+00 0.000000000e+00 0.000000000e+00 0.000000000e+00 -1.849290322e-15 
d 0.000000000e+00 0.000000000e+00 -1.823841765e-04 2.350000000e+00 2.350000000e+00 1.823841765e-04 3.000000000e+00 3.000000000e+00 0.000000000e+00 0.000000000e+00 0.000000000e+00 -1.849972925e-15 
d 0.000000000e+00 0.000000000e+00 -1.826970744e-04 2.400000000e+00 2.400000000e+00 1.826970744e-04 3.000000000e+00 3.000000000e+00 0.000000000e+00 0.000000000e+00 0.000000000e+00 -1.850631958e-15 
d 0.000000000e+00 0.000000000e+00 -1.830023797e-04 2.450000000e+00 2.450000000e+00 1.830023797e-04 3.000000000e+00 3.000000000e+00 0.000000000e+00 0.000000000e+00 0.000000000e+00 -1.851263274e-15 
d 0.000000000e+00 0.000000000e+00 -1.833005698e-04 2.500000000e+00 2.500000000e+00 1.833005698e-04 3.000000000e+00 3.000000000e+00 0.000000000e+00 0.000000000e+00 0.000000000e+00 -1.851860407e-15 
d 0.000000000e+00 0.000000000e+00 -1.835920772e-04 2.550000000e+00 2.550000000e+00 1.835920772e-04 3.000000000e+00 3.000000000e+00 0.000000000e+00 0.000000000e+00 0.000000000e+00 -1.852418376e-15 
d 0.000000000e+00 0.000000000e+00 -1.838772935e-04 2.600000000e+00 2.600000000e+00 1.838772935e-04 3.000000000e+00 3.000000000e+00 0.000000000e+00 0.000000000e+00 0.000000000e+00 -1.852936542e-15 
d 0.000000000e+00 0.000000000e+00 -1.841565725e-04 2.650000000e+00 2.650000000e+00 1.841565725e-04 3.000000000e+00 3.000000000e+00 0.000000000e+00 0.000000000e+00 0.000000000e+00 -1.853419291e-15 
d 0.000000000e+00 0.000000000e+00 -1.844302274e-04 2.700000000e+00 2.700000000e+00 1.844302274e-04 3.000000000e+00 3.000000000e+00 0.000000000e+00 0.000000000e+00 0.000000000e+00 -1.853874717e-15 
d 0.000000000e+00 0.000000000e+00 -1.846985517e-04 2.750000000e+00 2.750000000e+00 1.846985517e-04 3.000000000e+00 3.000000000e+00 0.000000000e+00 0.000000000e+00 0.000000000e+00 -1.854312413e-15 
d 0.000000000e+00 0.000000000e+00 -1.849618114e-04 2.800000000e+00 2.800000000e+00 1.849618114e-04 3.000000000e+00 3.000000000e+00 0.000000000e+00 0.000000000e+00 0.000000000e+00 -1.854740998e-15 
d 0.000000000e+00 0.000000000e+00 -1.852202460e-04 2.850000000e+00 2.850000000e+00 1.852202460e-04 3.000000000e+00 3.000000000e+00 0.000000000e+00 0.000000000e+00 0.000000000e+00 -1.855166293e-15 
d 0.000000000e+00 0.000000000e+00 -1.854740740e-04 2.900000000e+00 2.900000000e+00 1.854740740e-04 3.000000000e+00 3.000000000e+00 0.000000000e+00 0.000000000e+00 0.000000000e+00 -1.855590410e-15 
d 0.000000000e+00 0.000000000e+00 -1.857234887e-04 2.950000000e+00 2.950000000e+00 1.857234887e-04 3.000000000e+00 3.000000000e+00 0.000000000e+00 0.000000000e+00 0.000000000e+00 -1.856011841e-15 
d 0.000000000e+00 0.000000000e+00 -1.859686768e-04 3.000000000e+00 3.000000000e+00 1.859686768e-04 3.000000000e+00 3.000000000e+00 0.000000000e+00 0.000000000e+00 0.000000000e+00 -1.856426765e-15 
d 0.000000000e+00 0.000000000e+00 -1.862098114e-04 3.050000000e+00 3.050000000e+00 1.862098114e-04 3.000000000e+00 3.000000000e+00 0.000000000e+00 0.000000000e+00 0.000000000e+00 -1.856830696e-15 
d 0.000000000e+00 0.000000000e+00 -1.864470526e-04 3.100000000e+00 3.100000000e+00 1.864470526e-04 3.000000000e+00 3.000000000e+00 0.000000000e+00 0.000000000e+00 0.000000000e+00 -1.857220288e-15 
d 0.000000000e+00 0.000000000e+00 -1.866805488e-04 3.150000000e+00 3.150000000e+00 1.866805488e-04 3.000000000e+00 3.000000000e+00 0.000000000e+00 0.000000000e+00 0.000000000e+00 -1.857594344e-15 
d 0.000000000e+00 0.000000000e+00 -1.869104341e-04 3.200000000e+00 3.200000000e+00 1.869104341e-04 3.000000000e+00 3.000000000e+00 0.000000000e+00 0.000000000e+00 0.000000000e+00 -1.857953955e-15 
d 0.000000000e+00 0.000000000e+00 -1.871368352e-04 3.250000000e+00 3.250000000e+00 1.871368352e-04 3.000000000e+00 3.000000000e+00 0.000000000e+00 0.000000000e+00 0.000000000e+00 -1.858301845e-15 
d 0.000000000e+00 0.000000000e+00 -1.873598769e-04 3.300000000e+00 3.300000000e+00 1.873598769e-04 3.000000000e+00 3.000000000e+00 0.000000000e+00 0.000000000e+00 0.000000000e+00 -1.858641270e-15 
d 0.000000000e+00 0.000000000e+00 -1.875796702e-04 3.350000000e+00 3.350000000e+00 1.875796702e-04 3.000000000e+00 3.000000000e+00 0.000000000e+00 0.000000000e+00 0.000000000e+00 -1.858974756e-15 
d 0.000000000e+00 0.000000000e+00 -1.877963294e-04 3.400000000e+00 3.400000000e+00 1.877963294e-04 3.000000000e+00 3.000000000e+00 0.000000000e+00 0.000000000e+00 0.000000000e+00 -1.859303423e-15 
d 0.000000000e+00 0.000000000e+00 -1.880099568e-04 3.450000000e+00 3.450000000e+00 1.880099568e-04 3.000000000e+00 3.000000000e+00 0.000000000e+00 0.000000000e+00 0.000000000e+00 -1.859626587e-15 
d 0.000000000e+00 0.000000000e+00 -1.882206450e-04 3.500000000e+00 3.500000000e+00 1.882206450e-04 3.000000000e+00 3.000000000e+00 0.000000000e+00 0.000000000e+00 0.000000000e+00 -1.859942039e-15 
d 0.000000000e+00 0.000000000e+00 -1.884284860e-04 3.550000000e+00 3.550000000e+00 1.884284860e-04 3.000000000e+00 3.000000000e+00 0.000000000e+00 0.000000000e+00 0.000000000e+00 -1.860246858e-15 
d 0.000000000e+00 0.000000000e+00 -1.886335662e-04 3.600000000e+00 3.600000000e+00 1.886335662e-04 3.000000000e+00 3.000000000e+00 0.000000000e+00 0.000000000e+00 0.000000000e+00 -1.860538227e-15 
d 0.000000000e+00 0.000000000e+00 -1.888359704e-04 3.650000000e+00 3.650000000e+00 1.888359704e-04 3.000000000e+00 3.000000000e+00 0.000000000e+00 0.000000000e+00 0.000000000e+00 -1.860814176e-15 
d 0.000000000e+00 0.000000000e+00 -1.890357738e-04 3.700000000e+00 3.700000000e+00 1.890357738e-04 3.000000000e+00 3.000000000e+00 0.000000000e+00 0.000000000e+00 0.000000000e+00 -1.861073904e-15 
d 0.000000000e+00 0.000000000e+00 -1.892330592e-04 3.750000000e+00 3.750000000e+00 1.892330592e-04 3.000000000e+00 3.000000000e+00 0.000000000e+00 0.000000000e+00 0.000000000e+00 -1.861317874e-15 
d 0.000000000e+00 0.000000000e+00 -1.894278963e-04 3.800000000e+00 3.800000000e+00 1.894278963e-04 3.000000000e+00 3.000000000e+00 0.000000000e+00 0.000000000e+00 0.000000000e+00 -1.861547214e-15 
d 0.000000000e+00 0.000000000e+00 -1.896203518e-04 3.850000000e+00 3.850000000e+00 1.896203518e-04 3.000000000e+00 3.000000000e+00 0.000000000e+00 0.000000000e+00 0.000000000e+00 -1.861763333e-15 
d 0.000000000e+00 0.000000000e+00 -1.898104934e-04 3.900000000e+00 3.900000000e+00 1.898104934e-04 3.000000000e+00 3.000000000e+00 0.000000000e+00 0.000000000e+00 0.000000000e+00 -1.861967607e-15 
d 0.000000000e+00 0.000000000e+00 -1.899983784e-04 3.950000000e+00 3.950000000e+00 1.899983784e-04 3.000000000e+00 3.000000000e+00 0.000000000e+00 0.000000000e+00 0.000000000e+00 -1.862161091e-15 
d 0.000000000e+00 0.000000000e+00 -1.901840735e-04 4.000000000e+00 4.000000000e+00 1.901840735e-04 3.000000000e+00 3.000000000e+00 0.000000000e+00 0.000000000e+00 0.000000000e+00 -1.862344842e-15 
d 0.000000000e+00 0.000000000e+00 -1.903676340e-04 4.050000000e+00 4.050000000e+00 1.903676340e-04 3.000000000e+00 3.000000000e+00 0.000000000e+00 0.000000000e+00 0.000000000e+00 -1.862519909e-15 
d 0.000000000e+00 0.000000000e+00 -1.905491124e-04 4.100000000e+00 4.100000000e+00 1.905491124e-04 3.000000000e+00 3.000000000e+00 0.000000000e+00 0.000000000e+00 0.000000000e+00 -1.862687766e-15 
d 0.000000000e+00 0.000000000e+00 -1.907285661e-04 4.150000000e+00 4.150000000e+00 1.907285661e-04 3.000000000e+00 3.000000000e+00 0.000000000e+00 0.000000000e+00 0.000000000e+00 -1.862850683e-15 
d 0.000000000e+00 0.000000000e+00 -1.909060455e-04 4.200000000e+00 4.200000000e+00 1.909060455e-04 3.000000000e+00 3.000000000e+00 0.000000000e+00 0.000000000e+00 0.000000000e+00 -1.863011631e-15 
d 0.000000000e+00 0.000000000e+00 -1.910815991e-04 4.250000000e+00 4.250000000e+00 1.910815991e-04 3.000000000e+00 3.000000000e+00 0.000000000e+00 0.000000000e+00 0.000000000e+00 -1.863174255e-15 
d 0.000000000e+00 0.000000000e+00 -1.912552760e-04 4.300000000e+00 4.300000000e+00 1.912552760e-04 3.000000000e+00 3.000000000e+00 0.000000000e+00 0.000000000e+00 0.000000000e+00 -1.863342791e-15 
d 0.000000000e+00 0.000000000e+00 -1.914271182e-04 4.350000000e+00 4.350000000e+00 1.914271183e-04 3.000000000e+00 3.000000000e+00 0.000000000e+00 0.000000000e+00 0.000000000e+00 -1.863521614e-15 
d 0.000000000e+00 0.000000000e+00 -1.915971701e-04 4.400000000e+00 4.400000000e+00 1.915971701e-04 3.000000000e+00 3.000000000e+00 0.000000000e+00 0.000000000e+00 0.000000000e+00 -1.863715301e-15 
d 0.000000000e+00 0.000000000e+00 -1.917654769e-04 4.450000000e+00 4.450000000e+00 1.917654769e-04 3.000000000e+00 3.000000000e+00 0.000000000e+00 0.000000000e+00 0.000000000e+00 -1.863928471e-15 
d 0.000000000e+00 0.000000000e+00 -1.919320733e-04 4.500000000e+00 4.500000000e+00 1.919320733e-04 3.000000000e+00 3.000000000e+00 0.000000000e+00 0.000000000e+00 0.000000000e+00 -1.864165388e-15 
d 0.000000000e+00 0.000000000e+00 -1.920969974e-04 4.550000000e+00 4.550000000e+00 1.920969974e-04 3.000000000e+00 3.000000000e+00 0.000000000e+00 0.000000000e+00 0.000000000e+00 -1.864430210e-15 
d 0.000000000e+00 0.000000000e+00 -1.922602924e-04 4.600000000e+00 4.600000000e+00 1.922602924e-04 3.000000000e+00 3.000000000e+00 0.000000000e+00 0.000000000e+00 0.000000000e+00 -1.864726833e-15 
d 0.000000000e+00 0.000000000e+00 -1.924219946e-04 4.650000000e+00 4.650000000e+00 1.924219946e-04 3.000000000e+00 3.000000000e+00 0.000000000e+00 0.000000000e+00 0.000000000e+00 -1.865058563e-15 
d 0.000000000e+00 0.000000000e+00 -1.925821398e-04 4.700000000e+00 4.700000000e+00 1.925821398e-04 3.000000000e+00 3.000000000e+00 0.000000000e+00 0.000000000e+00 0.000000000e+00 -1.865427836e-15 
d 0.000000000e+00 0.000000000e+00 -1.927407618e-04 4.750000000e+00 4.750000000e+00 1.927407618e-04 3.000000000e+00 3.000000000e+00 0.000000000e+00 0.000000000e+00 0.000000000e+00 -1.865835965e-15 
d 0.000000000e+00 0.000000000e+00 -1.928978917e-04 4.800000000e+00 4.800000000e+00 1.928978917e-04 3.000000000e+00 3.000000000e+00 0.000000000e+00 0.000000000e+00 0.000000000e+00 -1.866282861e-15 
d 0.000000000e+00 0.000000000e+00 -1.930535585e-04 4.850000000e+00 4.850000000e+00 1.930535585e-04 3.000000000e+00 3.000000000e+00 0.000000000e+00 0.000000000e+00 0.000000000e+00 -1.866766818e-15 
d 0.000000000e+00 0.000000000e+00 -1.932077949e-04 4.900000000e+00 4.900000000e+00 1.932077949e-04 3.000000000e+00 3.000000000e+00 0.000000000e+00 0.000000000e+00 0.000000000e+00 -1.867284482e-15 
d 0.000000000e+00 0.000000000e+00 -1.933606310e-04 4.950000000e+00 4.950000000e+00 1.933606310e-04 3.000000000e+00 3.000000000e+00 0.000000000e+00 0.000000000e+00 0.000000000e+00 -1.867830577e-15 
d 0.000000000e+00 0.000000000e+00 -1.935120927e-04 5.000000000e+00 5.000000000e+00 1.935120927e-04 3.000000000e+00 3.000000000e+00 0.000000000e+00 0.000000000e+00 0.000000000e+00 -1.868397841e-15 
