v ATLAS
# This file was created by ATLAS version 5.32.1.R on Mon May 25 22:21:46 2026.
#SSF 2.0 generic
##############################################################################
#                    Copyright (c) 1984 - 2021                               #
#                    Silvaco Inc. All rights reserved                        #
#                                                                            #
# This file format and the following Key are copyright Silvaco Inc.          #
# You may not use, this format or key without reproducing this message in    #
# full and obtaining express written permission from Silvaco Inc.            #
#                                                                            #
# To obtain such permission please contact: Silvaco Inc.                     #
#                                           support@silvaco.com              #
#                                                                            #
# KEY=SVC86hn7562asdx                       PROD=345                         #
##############################################################################
y 3 700 711 15
z 1 0.02 300
f 4 "source" "drain" "gate" "substrate" 
p 12 2 601 20 3 602 21 4 603 22 5 604 23 
d 0.000000000e+00 0.000000000e+00 3.420172201e-18 0.000000000e+00 0.000000000e+00 2.480277550e-18 1.500000000e+00 1.500000000e+00 0.000000000e+00 0.000000000e+00 0.000000000e+00 4.616608994e-23 
d 0.000000000e+00 0.000000000e+00 -4.601545760e-06 5.000000000e-02 5.000000000e-02 4.601545761e-06 1.500000000e+00 1.500000000e+00 0.000000000e+00 0.000000000e+00 0.000000000e+00 -4.568619809e-16 
d 0.000000000e+00 0.000000000e+00 -8.844190596e-06 1.000000000e-01 1.000000000e-01 8.844190597e-06 1.500000000e+00 1.500000000e+00 0.000000000e+00 0.000000000e+00 0.000000000e+00 -6.433338590e-16 
d 0.000000000e+00 0.000000000e+00 -1.271679971e-05 1.500000000e-01 1.500000000e-01 1.271679971e-05 1.500000000e+00 1.500000000e+00 0.000000000e+00 0.000000000e+00 0.000000000e+00 -7.705092500e-16 
d 0.000000000e+00 0.000000000e+00 -1.621145887e-05 2.000000000e-01 2.000000000e-01 1.621145887e-05 1.500000000e+00 1.500000000e+00 0.000000000e+00 0.000000000e+00 0.000000000e+00 -8.647230267e-16 
d 0.000000000e+00 0.000000000e+00 -1.932385344e-05 2.500000000e-01 2.500000000e-01 1.932385344e-05 1.500000000e+00 1.500000000e+00 0.000000000e+00 0.000000000e+00 0.000000000e+00 -9.391701317e-16 
d 0.000000000e+00 0.000000000e+00 -2.205367826e-05 3.000000000e-01 3.000000000e-01 2.205367826e-05 1.500000000e+00 1.500000000e+00 0.000000000e+00 0.000000000e+00 0.000000000e+00 -9.976967780e-16 
d 0.000000000e+00 0.000000000e+00 -2.440515748e-05 3.500000000e-01 3.500000000e-01 2.440515749e-05 1.500000000e+00 1.500000000e+00 0.000000000e+00 0.000000000e+00 0.000000000e+00 -1.040514314e-15 
d 0.000000000e+00 0.000000000e+00 -2.638779511e-05 4.000000000e-01 4.000000000e-01 2.638779511e-05 1.500000000e+00 1.500000000e+00 0.000000000e+00 0.000000000e+00 0.000000000e+00 -1.065243227e-15 
d 0.000000000e+00 0.000000000e+00 -2.801751560e-05 4.500000000e-01 4.500000000e-01 2.801751560e-05 1.500000000e+00 1.500000000e+00 0.000000000e+00 0.000000000e+00 0.000000000e+00 -1.067003344e-15 
d 0.000000000e+00 0.000000000e+00 -2.931834577e-05 5.000000000e-01 5.000000000e-01 2.931834577e-05 1.500000000e+00 1.500000000e+00 0.000000000e+00 0.000000000e+00 0.000000000e+00 -1.039888034e-15 
d 0.000000000e+00 0.000000000e+00 -3.032452473e-05 5.500000000e-01 5.500000000e-01 3.032452473e-05 1.500000000e+00 1.500000000e+00 0.000000000e+00 0.000000000e+00 0.000000000e+00 -9.864990047e-16 
d 0.000000000e+00 0.000000000e+00 -3.108199655e-05 6.000000000e-01 6.000000000e-01 3.108199654e-05 1.500000000e+00 1.500000000e+00 0.000000000e+00 0.000000000e+00 0.000000000e+00 -9.388502262e-16 
d 0.000000000e+00 0.000000000e+00 -3.164658078e-05 6.500000000e-01 6.500000000e-01 3.164658075e-05 1.500000000e+00 1.500000000e+00 0.000000000e+00 0.000000000e+00 0.000000000e+00 -9.718347182e-16 
d 0.000000000e+00 0.000000000e+00 -3.207608770e-05 7.000000000e-01 7.000000000e-01 3.207608770e-05 1.500000000e+00 1.500000000e+00 0.000000000e+00 0.000000000e+00 0.000000000e+00 -1.337243308e-15 
d 0.000000000e+00 0.000000000e+00 -3.241912346e-05 7.500000000e-01 7.500000000e-01 3.241912347e-05 1.500000000e+00 1.500000000e+00 0.000000000e+00 0.000000000e+00 0.000000000e+00 -1.353698030e-15 
d 0.000000000e+00 0.000000000e+00 -3.270882670e-05 8.000000000e-01 8.000000000e-01 3.270882670e-05 1.500000000e+00 1.500000000e+00 0.000000000e+00 0.000000000e+00 0.000000000e+00 -1.368769150e-15 
d 0.000000000e+00 0.000000000e+00 -3.296461448e-05 8.500000000e-01 8.500000000e-01 3.296461438e-05 1.500000000e+00 1.500000000e+00 0.000000000e+00 0.000000000e+00 0.000000000e+00 -1.380663253e-15 
d 0.000000000e+00 0.000000000e+00 -3.319720569e-05 9.000000000e-01 9.000000000e-01 3.319720562e-05 1.500000000e+00 1.500000000e+00 0.000000000e+00 0.000000000e+00 0.000000000e+00 -1.396665205e-15 
d 0.000000000e+00 0.000000000e+00 -3.341265452e-05 9.500000000e-01 9.500000000e-01 3.341265447e-05 1.500000000e+00 1.500000000e+00 0.000000000e+00 0.000000000e+00 0.000000000e+00 -1.410805736e-15 
d 0.000000000e+00 0.000000000e+00 -3.361462348e-05 1.000000000e+00 1.000000000e+00 3.361462344e-05 1.500000000e+00 1.500000000e+00 0.000000000e+00 0.000000000e+00 0.000000000e+00 -1.424654798e-15 
d 0.000000000e+00 0.000000000e+00 -3.380551001e-05 1.050000000e+00 1.050000000e+00 3.380550998e-05 1.500000000e+00 1.500000000e+00 0.000000000e+00 0.000000000e+00 0.000000000e+00 -1.438279682e-15 
d 0.000000000e+00 0.000000000e+00 -3.398699581e-05 1.100000000e+00 1.100000000e+00 3.398699579e-05 1.500000000e+00 1.500000000e+00 0.000000000e+00 0.000000000e+00 0.000000000e+00 -1.451411323e-15 
d 0.000000000e+00 0.000000000e+00 -3.416032368e-05 1.150000000e+00 1.150000000e+00 3.416032366e-05 1.500000000e+00 1.500000000e+00 0.000000000e+00 0.000000000e+00 0.000000000e+00 -1.463671345e-15 
d 0.000000000e+00 0.000000000e+00 -3.432645063e-05 1.200000000e+00 1.200000000e+00 3.432645062e-05 1.500000000e+00 1.500000000e+00 0.000000000e+00 0.000000000e+00 0.000000000e+00 -1.474698880e-15 
d 0.000000000e+00 0.000000000e+00 -3.448614074e-05 1.250000000e+00 1.250000000e+00 3.448614074e-05 1.500000000e+00 1.500000000e+00 0.000000000e+00 0.000000000e+00 0.000000000e+00 -1.484260372e-15 
d 0.000000000e+00 0.000000000e+00 -3.464001400e-05 1.300000000e+00 1.300000000e+00 3.464001400e-05 1.500000000e+00 1.500000000e+00 0.000000000e+00 0.000000000e+00 0.000000000e+00 -1.492306465e-15 
d 0.000000000e+00 0.000000000e+00 -3.478858913e-05 1.350000000e+00 1.350000000e+00 3.478858913e-05 1.500000000e+00 1.500000000e+00 0.000000000e+00 0.000000000e+00 0.000000000e+00 -1.498956878e-15 
d 0.000000000e+00 0.000000000e+00 -3.493231116e-05 1.400000000e+00 1.400000000e+00 3.493231116e-05 1.500000000e+00 1.500000000e+00 0.000000000e+00 0.000000000e+00 0.000000000e+00 -1.504436256e-15 
d 0.000000000e+00 0.000000000e+00 -3.507154240e-05 1.450000000e+00 1.450000000e+00 3.507154240e-05 1.500000000e+00 1.500000000e+00 0.000000000e+00 0.000000000e+00 0.000000000e+00 -1.508999337e-15 
d 0.000000000e+00 0.000000000e+00 -3.520663254e-05 1.500000000e+00 1.500000000e+00 3.520663254e-05 1.500000000e+00 1.500000000e+00 0.000000000e+00 0.000000000e+00 0.000000000e+00 -1.512880854e-15 
d 0.000000000e+00 0.000000000e+00 -3.533786685e-05 1.550000000e+00 1.550000000e+00 3.533786685e-05 1.500000000e+00 1.500000000e+00 0.000000000e+00 0.000000000e+00 0.000000000e+00 -1.516265859e-15 
d 0.000000000e+00 0.000000000e+00 -3.546549595e-05 1.600000000e+00 1.600000000e+00 3.546549595e-05 1.500000000e+00 1.500000000e+00 0.000000000e+00 0.000000000e+00 0.000000000e+00 -1.519284795e-15 
d 0.000000000e+00 0.000000000e+00 -3.558977132e-05 1.650000000e+00 1.650000000e+00 3.558977132e-05 1.500000000e+00 1.500000000e+00 0.000000000e+00 0.000000000e+00 0.000000000e+00 -1.522020060e-15 
d 0.000000000e+00 0.000000000e+00 -3.571090464e-05 1.700000000e+00 1.700000000e+00 3.571090464e-05 1.500000000e+00 1.500000000e+00 0.000000000e+00 0.000000000e+00 0.000000000e+00 -1.524514714e-15 
d 0.000000000e+00 0.000000000e+00 -3.582907244e-05 1.750000000e+00 1.750000000e+00 3.582907244e-05 1.500000000e+00 1.500000000e+00 0.000000000e+00 0.000000000e+00 0.000000000e+00 -1.526788516e-15 
d 0.000000000e+00 0.000000000e+00 -3.594446876e-05 1.800000000e+00 1.800000000e+00 3.594446877e-05 1.500000000e+00 1.500000000e+00 0.000000000e+00 0.000000000e+00 0.000000000e+00 -1.528857314e-15 
d 0.000000000e+00 0.000000000e+00 -3.605725938e-05 1.850000000e+00 1.850000000e+00 3.605725939e-05 1.500000000e+00 1.500000000e+00 0.000000000e+00 0.000000000e+00 0.000000000e+00 -1.530739159e-15 
d 0.000000000e+00 0.000000000e+00 -3.616759017e-05 1.900000000e+00 1.900000000e+00 3.616759017e-05 1.500000000e+00 1.500000000e+00 0.000000000e+00 0.000000000e+00 0.000000000e+00 -1.532456382e-15 
d 0.000000000e+00 0.000000000e+00 -3.627558795e-05 1.950000000e+00 1.950000000e+00 3.627558795e-05 1.500000000e+00 1.500000000e+00 0.000000000e+00 0.000000000e+00 0.000000000e+00 -1.534033009e-15 
d 0.000000000e+00 0.000000000e+00 -3.638139327e-05 2.000000000e+00 2.000000000e+00 3.638139327e-05 1.500000000e+00 1.500000000e+00 0.000000000e+00 0.000000000e+00 0.000000000e+00 -1.535494365e-15 
d 0.000000000e+00 0.000000000e+00 -3.648512834e-05 2.050000000e+00 2.050000000e+00 3.648512834e-05 1.500000000e+00 1.500000000e+00 0.000000000e+00 0.000000000e+00 0.000000000e+00 -1.536862376e-15 
d 0.000000000e+00 0.000000000e+00 -3.658689778e-05 2.100000000e+00 2.100000000e+00 3.658689778e-05 1.500000000e+00 1.500000000e+00 0.000000000e+00 0.000000000e+00 0.000000000e+00 -1.538153804e-15 
d 0.000000000e+00 0.000000000e+00 -3.668678985e-05 2.150000000e+00 2.150000000e+00 3.668678985e-05 1.500000000e+00 1.500000000e+00 0.000000000e+00 0.000000000e+00 0.000000000e+00 -1.539378967e-15 
d 0.000000000e+00 0.000000000e+00 -3.678490263e-05 2.200000000e+00 2.200000000e+00 3.678490263e-05 1.500000000e+00 1.500000000e+00 0.000000000e+00 0.000000000e+00 0.000000000e+00 -1.540543837e-15 
d 0.000000000e+00 0.000000000e+00 -3.688133005e-05 2.250000000e+00 2.250000000e+00 3.688133005e-05 1.500000000e+00 1.500000000e+00 0.000000000e+00 0.000000000e+00 0.000000000e+00 -1.541649145e-15 
d 0.000000000e+00 0.000000000e+00 -3.697614929e-05 2.300000000e+00 2.300000000e+00 3.697614929e-05 1.500000000e+00 1.500000000e+00 0.000000000e+00 0.000000000e+00 0.000000000e+00 -1.542691785e-15 
d 0.000000000e+00 0.000000000e+00 -3.706942562e-05 2.350000000e+00 2.350000000e+00 3.706942562e-05 1.500000000e+00 1.500000000e+00 0.000000000e+00 0.000000000e+00 0.000000000e+00 -1.543668865e-15 
d 0.000000000e+00 0.000000000e+00 -3.716121831e-05 2.400000000e+00 2.400000000e+00 3.716121831e-05 1.500000000e+00 1.500000000e+00 0.000000000e+00 0.000000000e+00 0.000000000e+00 -1.544581278e-15 
d 0.000000000e+00 0.000000000e+00 -3.725159608e-05 2.450000000e+00 2.450000000e+00 3.725159608e-05 1.500000000e+00 1.500000000e+00 0.000000000e+00 0.000000000e+00 0.000000000e+00 -1.545436248e-15 
d 0.000000000e+00 0.000000000e+00 -3.734062264e-05 2.500000000e+00 2.500000000e+00 3.734062265e-05 1.500000000e+00 1.500000000e+00 0.000000000e+00 0.000000000e+00 0.000000000e+00 -1.546244731e-15 
d 0.000000000e+00 0.000000000e+00 -3.742834969e-05 2.550000000e+00 2.550000000e+00 3.742834969e-05 1.500000000e+00 1.500000000e+00 0.000000000e+00 0.000000000e+00 0.000000000e+00 -1.547018494e-15 
d 0.000000000e+00 0.000000000e+00 -3.751481965e-05 2.600000000e+00 2.600000000e+00 3.751481966e-05 1.500000000e+00 1.500000000e+00 0.000000000e+00 0.000000000e+00 0.000000000e+00 -1.547767893e-15 
d 0.000000000e+00 0.000000000e+00 -3.760007510e-05 2.650000000e+00 2.650000000e+00 3.760007510e-05 1.500000000e+00 1.500000000e+00 0.000000000e+00 0.000000000e+00 0.000000000e+00 -1.548501140e-15 
d 0.000000000e+00 0.000000000e+00 -3.768415997e-05 2.700000000e+00 2.700000000e+00 3.768415997e-05 1.500000000e+00 1.500000000e+00 0.000000000e+00 0.000000000e+00 0.000000000e+00 -1.549223231e-15 
d 0.000000000e+00 0.000000000e+00 -3.776712134e-05 2.750000000e+00 2.750000000e+00 3.776712134e-05 1.500000000e+00 1.500000000e+00 0.000000000e+00 0.000000000e+00 0.000000000e+00 -1.549936104e-15 
d 0.000000000e+00 0.000000000e+00 -3.784899752e-05 2.800000000e+00 2.800000000e+00 3.784899752e-05 1.500000000e+00 1.500000000e+00 0.000000000e+00 0.000000000e+00 0.000000000e+00 -1.550638456e-15 
d 0.000000000e+00 0.000000000e+00 -3.792982220e-05 2.850000000e+00 2.850000000e+00 3.792982220e-05 1.500000000e+00 1.500000000e+00 0.000000000e+00 0.000000000e+00 0.000000000e+00 -1.551327931e-15 
d 0.000000000e+00 0.000000000e+00 -3.800962437e-05 2.900000000e+00 2.900000000e+00 3.800962437e-05 1.500000000e+00 1.500000000e+00 0.000000000e+00 0.000000000e+00 0.000000000e+00 -1.552002827e-15 
d 0.000000000e+00 0.000000000e+00 -3.808843486e-05 2.950000000e+00 2.950000000e+00 3.808843487e-05 1.500000000e+00 1.500000000e+00 0.000000000e+00 0.000000000e+00 0.000000000e+00 -1.552663787e-15 
d 0.000000000e+00 0.000000000e+00 -3.816628424e-05 3.000000000e+00 3.000000000e+00 3.816628425e-05 1.500000000e+00 1.500000000e+00 0.000000000e+00 0.000000000e+00 0.000000000e+00 -1.553313752e-15 
d 0.000000000e+00 0.000000000e+00 -3.824320414e-05 3.050000000e+00 3.050000000e+00 3.824320414e-05 1.500000000e+00 1.500000000e+00 0.000000000e+00 0.000000000e+00 0.000000000e+00 -1.553957416e-15 
d 0.000000000e+00 0.000000000e+00 -3.831922400e-05 3.100000000e+00 3.100000000e+00 3.831922400e-05 1.500000000e+00 1.500000000e+00 0.000000000e+00 0.000000000e+00 0.000000000e+00 -1.554599813e-15 
d 0.000000000e+00 0.000000000e+00 -3.839436942e-05 3.150000000e+00 3.150000000e+00 3.839436942e-05 1.500000000e+00 1.500000000e+00 0.000000000e+00 0.000000000e+00 0.000000000e+00 -1.555245036e-15 
d 0.000000000e+00 0.000000000e+00 -3.846866193e-05 3.200000000e+00 3.200000000e+00 3.846866193e-05 1.500000000e+00 1.500000000e+00 0.000000000e+00 0.000000000e+00 0.000000000e+00 -1.555895427e-15 
d 0.000000000e+00 0.000000000e+00 -3.854212066e-05 3.250000000e+00 3.250000000e+00 3.854212067e-05 1.500000000e+00 1.500000000e+00 0.000000000e+00 0.000000000e+00 0.000000000e+00 -1.556551410e-15 
d 0.000000000e+00 0.000000000e+00 -3.861477111e-05 3.300000000e+00 3.300000000e+00 3.861477111e-05 1.500000000e+00 1.500000000e+00 0.000000000e+00 0.000000000e+00 0.000000000e+00 -1.557212603e-15 
d 0.000000000e+00 0.000000000e+00 -3.868663404e-05 3.350000000e+00 3.350000000e+00 3.868663404e-05 1.500000000e+00 1.500000000e+00 0.000000000e+00 0.000000000e+00 0.000000000e+00 -1.557877497e-15 
d 0.000000000e+00 0.000000000e+00 -3.875773210e-05 3.400000000e+00 3.400000000e+00 3.875773210e-05 1.500000000e+00 1.500000000e+00 0.000000000e+00 0.000000000e+00 0.000000000e+00 -1.558545024e-15 
d 0.000000000e+00 0.000000000e+00 -3.882808740e-05 3.450000000e+00 3.450000000e+00 3.882808740e-05 1.500000000e+00 1.500000000e+00 0.000000000e+00 0.000000000e+00 0.000000000e+00 -1.559215017e-15 
d 0.000000000e+00 0.000000000e+00 -3.889771881e-05 3.500000000e+00 3.500000000e+00 3.889771881e-05 1.500000000e+00 1.500000000e+00 0.000000000e+00 0.000000000e+00 0.000000000e+00 -1.559888295e-15 
d 0.000000000e+00 0.000000000e+00 -3.896663824e-05 3.550000000e+00 3.550000000e+00 3.896663824e-05 1.500000000e+00 1.500000000e+00 0.000000000e+00 0.000000000e+00 0.000000000e+00 -1.560566270e-15 
d 0.000000000e+00 0.000000000e+00 -3.903486428e-05 3.600000000e+00 3.600000000e+00 3.903486428e-05 1.500000000e+00 1.500000000e+00 0.000000000e+00 0.000000000e+00 0.000000000e+00 -1.561251573e-15 
d 0.000000000e+00 0.000000000e+00 -3.910241588e-05 3.650000000e+00 3.650000000e+00 3.910241588e-05 1.500000000e+00 1.500000000e+00 0.000000000e+00 0.000000000e+00 0.000000000e+00 -1.561946701e-15 
d 0.000000000e+00 0.000000000e+00 -3.916930758e-05 3.700000000e+00 3.700000000e+00 3.916930759e-05 1.500000000e+00 1.500000000e+00 0.000000000e+00 0.000000000e+00 0.000000000e+00 -1.562653451e-15 
d 0.000000000e+00 0.000000000e+00 -3.923555205e-05 3.750000000e+00 3.750000000e+00 3.923555205e-05 1.500000000e+00 1.500000000e+00 0.000000000e+00 0.000000000e+00 0.000000000e+00 -1.563372873e-15 
d 0.000000000e+00 0.000000000e+00 -3.930117082e-05 3.800000000e+00 3.800000000e+00 3.930117082e-05 1.500000000e+00 1.500000000e+00 0.000000000e+00 0.000000000e+00 0.000000000e+00 -1.564106096e-15 
d 0.000000000e+00 0.000000000e+00 -3.936617691e-05 3.850000000e+00 3.850000000e+00 3.936617691e-05 1.500000000e+00 1.500000000e+00 0.000000000e+00 0.000000000e+00 0.000000000e+00 -1.564853522e-15 
d 0.000000000e+00 0.000000000e+00 -3.943058242e-05 3.900000000e+00 3.900000000e+00 3.943058243e-05 1.500000000e+00 1.500000000e+00 0.000000000e+00 0.000000000e+00 0.000000000e+00 -1.565615839e-15 
d 0.000000000e+00 0.000000000e+00 -3.949439974e-05 3.950000000e+00 3.950000000e+00 3.949439974e-05 1.500000000e+00 1.500000000e+00 0.000000000e+00 0.000000000e+00 0.000000000e+00 -1.566394214e-15 
d 0.000000000e+00 0.000000000e+00 -3.955764123e-05 4.000000000e+00 4.000000000e+00 3.955764123e-05 1.500000000e+00 1.500000000e+00 0.000000000e+00 0.000000000e+00 0.000000000e+00 -1.567190400e-15 
d 0.000000000e+00 0.000000000e+00 -3.962032178e-05 4.050000000e+00 4.050000000e+00 3.962032179e-05 1.500000000e+00 1.500000000e+00 0.000000000e+00 0.000000000e+00 0.000000000e+00 -1.568006716e-15 
d 0.000000000e+00 0.000000000e+00 -3.968244959e-05 4.100000000e+00 4.100000000e+00 3.968244959e-05 1.500000000e+00 1.500000000e+00 0.000000000e+00 0.000000000e+00 0.000000000e+00 -1.568845383e-15 
d 0.000000000e+00 0.000000000e+00 -3.974403654e-05 4.150000000e+00 4.150000000e+00 3.974403654e-05 1.500000000e+00 1.500000000e+00 0.000000000e+00 0.000000000e+00 0.000000000e+00 -1.569708771e-15 
d 0.000000000e+00 0.000000000e+00 -3.980509739e-05 4.200000000e+00 4.200000000e+00 3.980509739e-05 1.500000000e+00 1.500000000e+00 0.000000000e+00 0.000000000e+00 0.000000000e+00 -1.570599325e-15 
d 0.000000000e+00 0.000000000e+00 -3.986564445e-05 4.250000000e+00 4.250000000e+00 3.986564445e-05 1.500000000e+00 1.500000000e+00 0.000000000e+00 0.000000000e+00 0.000000000e+00 -1.571519227e-15 
d 0.000000000e+00 0.000000000e+00 -3.992568571e-05 4.300000000e+00 4.300000000e+00 3.992568572e-05 1.500000000e+00 1.500000000e+00 0.000000000e+00 0.000000000e+00 0.000000000e+00 -1.572470441e-15 
d 0.000000000e+00 0.000000000e+00 -3.998522981e-05 4.350000000e+00 4.350000000e+00 3.998522981e-05 1.500000000e+00 1.500000000e+00 0.000000000e+00 0.000000000e+00 0.000000000e+00 -1.573455013e-15 
d 0.000000000e+00 0.000000000e+00 -4.004428845e-05 4.400000000e+00 4.400000000e+00 4.004428845e-05 1.500000000e+00 1.500000000e+00 0.000000000e+00 0.000000000e+00 0.000000000e+00 -1.574475303e-15 
d 0.000000000e+00 0.000000000e+00 -4.010287024e-05 4.450000000e+00 4.450000000e+00 4.010287024e-05 1.500000000e+00 1.500000000e+00 0.000000000e+00 0.000000000e+00 0.000000000e+00 -1.575533552e-15 
d 0.000000000e+00 0.000000000e+00 -4.016098383e-05 4.500000000e+00 4.500000000e+00 4.016098384e-05 1.500000000e+00 1.500000000e+00 0.000000000e+00 0.000000000e+00 0.000000000e+00 -1.576631969e-15 
d 0.000000000e+00 0.000000000e+00 -4.021863742e-05 4.550000000e+00 4.550000000e+00 4.021863742e-05 1.500000000e+00 1.500000000e+00 0.000000000e+00 0.000000000e+00 0.000000000e+00 -1.577772430e-15 
d 0.000000000e+00 0.000000000e+00 -4.027584048e-05 4.600000000e+00 4.600000000e+00 4.027584048e-05 1.500000000e+00 1.500000000e+00 0.000000000e+00 0.000000000e+00 0.000000000e+00 -1.578956528e-15 
d 0.000000000e+00 0.000000000e+00 -4.033260279e-05 4.650000000e+00 4.650000000e+00 4.033260279e-05 1.500000000e+00 1.500000000e+00 0.000000000e+00 0.000000000e+00 0.000000000e+00 -1.580185243e-15 
d 0.000000000e+00 0.000000000e+00 -4.038893448e-05 4.700000000e+00 4.700000000e+00 4.038893448e-05 1.500000000e+00 1.500000000e+00 0.000000000e+00 0.000000000e+00 0.000000000e+00 -1.581458826e-15 
d 0.000000000e+00 0.000000000e+00 -4.044484071e-05 4.750000000e+00 4.750000000e+00 4.044484071e-05 1.500000000e+00 1.500000000e+00 0.000000000e+00 0.000000000e+00 0.000000000e+00 -1.582776361e-15 
d 0.000000000e+00 0.000000000e+00 -4.050032890e-05 4.800000000e+00 4.800000000e+00 4.050032890e-05 1.500000000e+00 1.500000000e+00 0.000000000e+00 0.000000000e+00 0.000000000e+00 -1.584135955e-15 
d 0.000000000e+00 0.000000000e+00 -4.055540895e-05 4.850000000e+00 4.850000000e+00 4.055540895e-05 1.500000000e+00 1.500000000e+00 0.000000000e+00 0.000000000e+00 0.000000000e+00 -1.585534504e-15 
d 0.000000000e+00 0.000000000e+00 -4.061008274e-05 4.900000000e+00 4.900000000e+00 4.061008275e-05 1.500000000e+00 1.500000000e+00 0.000000000e+00 0.000000000e+00 0.000000000e+00 -1.586967124e-15 
d 0.000000000e+00 0.000000000e+00 -4.066436239e-05 4.950000000e+00 4.950000000e+00 4.066436239e-05 1.500000000e+00 1.500000000e+00 0.000000000e+00 0.000000000e+00 0.000000000e+00 -1.588427789e-15 
d 0.000000000e+00 0.000000000e+00 -4.071825307e-05 5.000000000e+00 5.000000000e+00 4.071825307e-05 1.500000000e+00 1.500000000e+00 0.000000000e+00 0.000000000e+00 0.000000000e+00 -1.589908549e-15 
