v ATLAS
# This file was created by ATLAS version 5.32.1.R on Mon May 25 22:20:37 2026.
#SSF 2.0 generic
##############################################################################
#                    Copyright (c) 1984 - 2021                               #
#                    Silvaco Inc. All rights reserved                        #
#                                                                            #
# This file format and the following Key are copyright Silvaco Inc.          #
# You may not use, this format or key without reproducing this message in    #
# full and obtaining express written permission from Silvaco Inc.            #
#                                                                            #
# To obtain such permission please contact: Silvaco Inc.                     #
#                                           support@silvaco.com              #
#                                                                            #
# KEY=SVC86hn7562asdx                       PROD=345                         #
##############################################################################
y 3 700 711 15
z 1 0.02 300
f 4 "source" "drain" "gate" "substrate" 
p 12 2 601 20 3 602 21 4 603 22 5 604 23 
d 0.000000000e+00 0.000000000e+00 -8.791931211e-16 1.000000000e+00 1.000000000e+00 1.658407966e-15 0.000000000e+00 0.000000000e+00 0.000000000e+00 0.000000000e+00 0.000000000e+00 -8.275630244e-16 
d 0.000000000e+00 0.000000000e+00 -3.277473022e-15 1.000000000e+00 1.000000000e+00 4.145591219e-15 5.000000000e-02 5.000000000e-02 0.000000000e+00 0.000000000e+00 0.000000000e+00 -8.551886849e-16 
d 0.000000000e+00 0.000000000e+00 -1.281580949e-14 1.000000000e+00 1.000000000e+00 1.368706645e-14 1.000000000e-01 1.000000000e-01 0.000000000e+00 0.000000000e+00 0.000000000e+00 -8.903411228e-16 
d 0.000000000e+00 0.000000000e+00 -5.186426389e-14 1.000000000e+00 1.000000000e+00 5.294219125e-14 1.500000000e-01 1.500000000e-01 0.000000000e+00 0.000000000e+00 0.000000000e+00 -9.364176428e-16 
d 0.000000000e+00 0.000000000e+00 -2.159509227e-13 1.000000000e+00 1.000000000e+00 2.168858359e-13 2.000000000e-01 2.000000000e-01 0.000000000e+00 0.000000000e+00 0.000000000e+00 -9.906124285e-16 
d 0.000000000e+00 0.000000000e+00 -9.188459172e-13 1.000000000e+00 1.000000000e+00 9.198923396e-13 2.500000000e-01 2.500000000e-01 0.000000000e+00 0.000000000e+00 0.000000000e+00 -1.037136247e-15 
d 0.000000000e+00 0.000000000e+00 -3.978762450e-12 1.000000000e+00 1.000000000e+00 3.979858158e-12 3.000000000e-01 3.000000000e-01 0.000000000e+00 0.000000000e+00 0.000000000e+00 -1.058280476e-15 
d 0.000000000e+00 0.000000000e+00 -1.747870182e-11 1.000000000e+00 1.000000000e+00 1.747989039e-11 3.500000000e-01 3.500000000e-01 0.000000000e+00 0.000000000e+00 0.000000000e+00 -1.044832285e-15 
d 0.000000000e+00 0.000000000e+00 -7.769253150e-11 1.000000000e+00 1.000000000e+00 7.769349092e-11 4.000000000e-01 4.000000000e-01 0.000000000e+00 0.000000000e+00 0.000000000e+00 -1.008938022e-15 
d 0.000000000e+00 0.000000000e+00 -3.483861833e-10 1.000000000e+00 1.000000000e+00 3.483870910e-10 4.500000000e-01 4.500000000e-01 0.000000000e+00 0.000000000e+00 0.000000000e+00 -9.777997016e-16 
d 0.000000000e+00 0.000000000e+00 -1.567897409e-09 1.000000000e+00 1.000000000e+00 1.567898264e-09 5.000000000e-01 5.000000000e-01 0.000000000e+00 0.000000000e+00 0.000000000e+00 -9.589742945e-16 
d 0.000000000e+00 0.000000000e+00 -6.992124497e-09 1.000000000e+00 1.000000000e+00 6.992125373e-09 5.500000000e-01 5.500000000e-01 0.000000000e+00 0.000000000e+00 0.000000000e+00 -9.484312779e-16 
d 0.000000000e+00 0.000000000e+00 -2.979640429e-08 1.000000000e+00 1.000000000e+00 2.979640523e-08 6.000000000e-01 6.000000000e-01 0.000000000e+00 0.000000000e+00 0.000000000e+00 -9.456064841e-16 
d 0.000000000e+00 0.000000000e+00 -1.116050642e-07 1.000000000e+00 1.000000000e+00 1.116050653e-07 6.500000000e-01 6.500000000e-01 0.000000000e+00 0.000000000e+00 0.000000000e+00 -9.541135288e-16 
d 0.000000000e+00 0.000000000e+00 -3.325643248e-07 1.000000000e+00 1.000000000e+00 3.325643258e-07 7.000000000e-01 7.000000000e-01 0.000000000e+00 0.000000000e+00 0.000000000e+00 -9.789081911e-16 
d 0.000000000e+00 0.000000000e+00 -7.718192607e-07 1.000000000e+00 1.000000000e+00 7.718192618e-07 7.500000000e-01 7.500000000e-01 0.000000000e+00 0.000000000e+00 0.000000000e+00 -1.011597735e-15 
d 0.000000000e+00 0.000000000e+00 -1.468962682e-06 1.000000000e+00 1.000000000e+00 1.468962683e-06 8.000000000e-01 8.000000000e-01 0.000000000e+00 0.000000000e+00 0.000000000e+00 -1.053056956e-15 
d 0.000000000e+00 0.000000000e+00 -2.431625418e-06 1.000000000e+00 1.000000000e+00 2.431625419e-06 8.500000000e-01 8.500000000e-01 0.000000000e+00 0.000000000e+00 0.000000000e+00 -1.091293368e-15 
d 0.000000000e+00 0.000000000e+00 -3.652596483e-06 1.000000000e+00 1.000000000e+00 3.652596485e-06 9.000000000e-01 9.000000000e-01 0.000000000e+00 0.000000000e+00 0.000000000e+00 -1.127476672e-15 
d 0.000000000e+00 0.000000000e+00 -5.119003836e-06 1.000000000e+00 1.000000000e+00 5.119003834e-06 9.500000000e-01 9.500000000e-01 0.000000000e+00 0.000000000e+00 0.000000000e+00 1.694586369e-15 
d 0.000000000e+00 0.000000000e+00 -6.816204314e-06 1.000000000e+00 1.000000000e+00 6.816204312e-06 1.000000000e+00 1.000000000e+00 0.000000000e+00 0.000000000e+00 0.000000000e+00 -4.594403713e-16 
d 0.000000000e+00 0.000000000e+00 -8.729419772e-06 1.000000000e+00 1.000000000e+00 8.729419768e-06 1.050000000e+00 1.050000000e+00 0.000000000e+00 0.000000000e+00 0.000000000e+00 -1.000145389e-15 
d 0.000000000e+00 0.000000000e+00 -1.084442821e-05 1.000000000e+00 1.000000000e+00 1.084442820e-05 1.100000000e+00 1.100000000e+00 0.000000000e+00 0.000000000e+00 0.000000000e+00 -1.173196536e-15 
d 0.000000000e+00 0.000000000e+00 -1.314785587e-05 1.000000000e+00 1.000000000e+00 1.314785586e-05 1.150000000e+00 1.150000000e+00 0.000000000e+00 0.000000000e+00 0.000000000e+00 -1.246936280e-15 
d 0.000000000e+00 0.000000000e+00 -1.562726977e-05 1.000000000e+00 1.000000000e+00 1.562726976e-05 1.200000000e+00 1.200000000e+00 0.000000000e+00 0.000000000e+00 0.000000000e+00 -1.289199212e-15 
d 0.000000000e+00 0.000000000e+00 -1.827117172e-05 1.000000000e+00 1.000000000e+00 1.827117170e-05 1.250000000e+00 1.250000000e+00 0.000000000e+00 0.000000000e+00 0.000000000e+00 -1.319686128e-15 
d 0.000000000e+00 0.000000000e+00 -2.106896748e-05 1.000000000e+00 1.000000000e+00 2.106896746e-05 1.300000000e+00 1.300000000e+00 0.000000000e+00 0.000000000e+00 0.000000000e+00 -1.344858717e-15 
d 0.000000000e+00 0.000000000e+00 -2.401088951e-05 1.000000000e+00 1.000000000e+00 2.401088950e-05 1.350000000e+00 1.350000000e+00 0.000000000e+00 0.000000000e+00 0.000000000e+00 -1.367136834e-15 
d 0.000000000e+00 0.000000000e+00 -2.708792552e-05 1.000000000e+00 1.000000000e+00 2.708792550e-05 1.400000000e+00 1.400000000e+00 0.000000000e+00 0.000000000e+00 0.000000000e+00 -1.387529038e-15 
d 0.000000000e+00 0.000000000e+00 -3.029174627e-05 1.000000000e+00 1.000000000e+00 3.029174626e-05 1.450000000e+00 1.450000000e+00 0.000000000e+00 0.000000000e+00 0.000000000e+00 -1.406512607e-15 
d 0.000000000e+00 0.000000000e+00 -3.361462348e-05 1.000000000e+00 1.000000000e+00 3.361462346e-05 1.500000000e+00 1.500000000e+00 0.000000000e+00 0.000000000e+00 0.000000000e+00 -1.424347117e-15 
d 0.000000000e+00 0.000000000e+00 -3.704935243e-05 1.000000000e+00 1.000000000e+00 3.704935242e-05 1.550000000e+00 1.550000000e+00 0.000000000e+00 0.000000000e+00 0.000000000e+00 -1.441191738e-15 
d 0.000000000e+00 0.000000000e+00 -4.058917970e-05 1.000000000e+00 1.000000000e+00 4.058917968e-05 1.600000000e+00 1.600000000e+00 0.000000000e+00 0.000000000e+00 0.000000000e+00 -1.457154415e-15 
d 0.000000000e+00 0.000000000e+00 -4.422772609e-05 1.000000000e+00 1.000000000e+00 4.422772608e-05 1.650000000e+00 1.650000000e+00 0.000000000e+00 0.000000000e+00 0.000000000e+00 -1.472316170e-15 
d 0.000000000e+00 0.000000000e+00 -4.795891022e-05 1.000000000e+00 1.000000000e+00 4.795891020e-05 1.700000000e+00 1.700000000e+00 0.000000000e+00 0.000000000e+00 0.000000000e+00 -1.486738721e-15 
d 0.000000000e+00 0.000000000e+00 -5.177687180e-05 1.000000000e+00 1.000000000e+00 5.177687179e-05 1.750000000e+00 1.750000000e+00 0.000000000e+00 0.000000000e+00 0.000000000e+00 -1.500470604e-15 
d 0.000000000e+00 0.000000000e+00 -5.567588456e-05 1.000000000e+00 1.000000000e+00 5.567588455e-05 1.800000000e+00 1.800000000e+00 0.000000000e+00 0.000000000e+00 0.000000000e+00 -1.513551624e-15 
d 0.000000000e+00 0.000000000e+00 -5.965027207e-05 1.000000000e+00 1.000000000e+00 5.965027207e-05 1.850000000e+00 1.850000000e+00 0.000000000e+00 0.000000000e+00 0.000000000e+00 -1.526012246e-15 
d 0.000000000e+00 0.000000000e+00 -6.369432865e-05 1.000000000e+00 1.000000000e+00 6.369432864e-05 1.900000000e+00 1.900000000e+00 0.000000000e+00 0.000000000e+00 0.000000000e+00 -1.537876155e-15 
d 0.000000000e+00 0.000000000e+00 -6.780225067e-05 1.000000000e+00 1.000000000e+00 6.780225067e-05 1.950000000e+00 1.950000000e+00 0.000000000e+00 0.000000000e+00 0.000000000e+00 -1.549160922e-15 
d 0.000000000e+00 0.000000000e+00 -7.196810143e-05 1.000000000e+00 1.000000000e+00 7.196810142e-05 2.000000000e+00 2.000000000e+00 0.000000000e+00 0.000000000e+00 0.000000000e+00 -1.559879739e-15 
d 0.000000000e+00 0.000000000e+00 -7.618581240e-05 1.000000000e+00 1.000000000e+00 7.618581239e-05 2.050000000e+00 2.050000000e+00 0.000000000e+00 0.000000000e+00 0.000000000e+00 -1.570041826e-15 
d 0.000000000e+00 0.000000000e+00 -8.044924191e-05 1.000000000e+00 1.000000000e+00 8.044924190e-05 2.100000000e+00 2.100000000e+00 0.000000000e+00 0.000000000e+00 0.000000000e+00 -1.579655416e-15 
d 0.000000000e+00 0.000000000e+00 -8.475228256e-05 1.000000000e+00 1.000000000e+00 8.475228256e-05 2.150000000e+00 2.150000000e+00 0.000000000e+00 0.000000000e+00 0.000000000e+00 -1.588729524e-15 
d 0.000000000e+00 0.000000000e+00 -8.908899988e-05 1.000000000e+00 1.000000000e+00 8.908899988e-05 2.200000000e+00 2.200000000e+00 0.000000000e+00 0.000000000e+00 0.000000000e+00 -1.597276333e-15 
d 0.000000000e+00 0.000000000e+00 -9.345377862e-05 1.000000000e+00 1.000000000e+00 9.345377862e-05 2.250000000e+00 2.250000000e+00 0.000000000e+00 0.000000000e+00 0.000000000e+00 -1.605310865e-15 
d 0.000000000e+00 0.000000000e+00 -9.784144764e-05 1.000000000e+00 1.000000000e+00 9.784144764e-05 2.300000000e+00 2.300000000e+00 0.000000000e+00 0.000000000e+00 0.000000000e+00 -1.612851154e-15 
d 0.000000000e+00 0.000000000e+00 -1.022473652e-04 1.000000000e+00 1.000000000e+00 1.022473652e-04 2.350000000e+00 2.350000000e+00 0.000000000e+00 0.000000000e+00 0.000000000e+00 -1.619917522e-15 
d 0.000000000e+00 0.000000000e+00 -1.066674580e-04 1.000000000e+00 1.000000000e+00 1.066674580e-04 2.400000000e+00 2.400000000e+00 0.000000000e+00 0.000000000e+00 0.000000000e+00 -1.626532858e-15 
d 0.000000000e+00 0.000000000e+00 -1.110982214e-04 1.000000000e+00 1.000000000e+00 1.110982214e-04 2.450000000e+00 2.450000000e+00 0.000000000e+00 0.000000000e+00 0.000000000e+00 -1.632721705e-15 
d 0.000000000e+00 0.000000000e+00 -1.155366870e-04 1.000000000e+00 1.000000000e+00 1.155366870e-04 2.500000000e+00 2.500000000e+00 0.000000000e+00 0.000000000e+00 0.000000000e+00 -1.638509885e-15 
d 0.000000000e+00 0.000000000e+00 -1.199803733e-04 1.000000000e+00 1.000000000e+00 1.199803733e-04 2.550000000e+00 2.550000000e+00 0.000000000e+00 0.000000000e+00 0.000000000e+00 -1.643924022e-15 
d 0.000000000e+00 0.000000000e+00 -1.244272244e-04 1.000000000e+00 1.000000000e+00 1.244272244e-04 2.600000000e+00 2.600000000e+00 0.000000000e+00 0.000000000e+00 0.000000000e+00 -1.648990270e-15 
d 0.000000000e+00 0.000000000e+00 -1.288755503e-04 1.000000000e+00 1.000000000e+00 1.288755503e-04 2.650000000e+00 2.650000000e+00 0.000000000e+00 0.000000000e+00 0.000000000e+00 -1.653734089e-15 
d 0.000000000e+00 0.000000000e+00 -1.333239707e-04 1.000000000e+00 1.000000000e+00 1.333239707e-04 2.700000000e+00 2.700000000e+00 0.000000000e+00 0.000000000e+00 0.000000000e+00 -1.658179809e-15 
d 0.000000000e+00 0.000000000e+00 -1.377713635e-04 1.000000000e+00 1.000000000e+00 1.377713635e-04 2.750000000e+00 2.750000000e+00 0.000000000e+00 0.000000000e+00 0.000000000e+00 -1.662350270e-15 
d 0.000000000e+00 0.000000000e+00 -1.422168210e-04 1.000000000e+00 1.000000000e+00 1.422168210e-04 2.800000000e+00 2.800000000e+00 0.000000000e+00 0.000000000e+00 0.000000000e+00 -1.666266711e-15 
d 0.000000000e+00 0.000000000e+00 -1.466596127e-04 1.000000000e+00 1.000000000e+00 1.466596127e-04 2.850000000e+00 2.850000000e+00 0.000000000e+00 0.000000000e+00 0.000000000e+00 -1.669948926e-15 
d 0.000000000e+00 0.000000000e+00 -1.510991528e-04 1.000000000e+00 1.000000000e+00 1.510991528e-04 2.900000000e+00 2.900000000e+00 0.000000000e+00 0.000000000e+00 0.000000000e+00 -1.673415136e-15 
d 0.000000000e+00 0.000000000e+00 -1.555349750e-04 1.000000000e+00 1.000000000e+00 1.555349750e-04 2.950000000e+00 2.950000000e+00 0.000000000e+00 0.000000000e+00 0.000000000e+00 -1.676681854e-15 
d 0.000000000e+00 0.000000000e+00 -1.599667103e-04 1.000000000e+00 1.000000000e+00 1.599667103e-04 3.000000000e+00 3.000000000e+00 0.000000000e+00 0.000000000e+00 0.000000000e+00 -1.679764379e-15 
d 0.000000000e+00 0.000000000e+00 -1.643940699e-04 1.000000000e+00 1.000000000e+00 1.643940699e-04 3.050000000e+00 3.050000000e+00 0.000000000e+00 0.000000000e+00 0.000000000e+00 -1.682676734e-15 
d 0.000000000e+00 0.000000000e+00 -1.688168304e-04 1.000000000e+00 1.000000000e+00 1.688168304e-04 3.100000000e+00 3.100000000e+00 0.000000000e+00 0.000000000e+00 0.000000000e+00 -1.685431564e-15 
d 0.000000000e+00 0.000000000e+00 -1.732348230e-04 1.000000000e+00 1.000000000e+00 1.732348230e-04 3.150000000e+00 3.150000000e+00 0.000000000e+00 0.000000000e+00 0.000000000e+00 -1.688040493e-15 
d 0.000000000e+00 0.000000000e+00 -1.776479232e-04 1.000000000e+00 1.000000000e+00 1.776479232e-04 3.200000000e+00 3.200000000e+00 0.000000000e+00 0.000000000e+00 0.000000000e+00 -1.690514079e-15 
d 0.000000000e+00 0.000000000e+00 -1.820560421e-04 1.000000000e+00 1.000000000e+00 1.820560421e-04 3.250000000e+00 3.250000000e+00 0.000000000e+00 0.000000000e+00 0.000000000e+00 -1.692861971e-15 
d 0.000000000e+00 0.000000000e+00 -1.864591027e-04 1.000000000e+00 1.000000000e+00 1.864591027e-04 3.300000000e+00 3.300000000e+00 0.000000000e+00 0.000000000e+00 0.000000000e+00 -1.695093136e-15 
d 0.000000000e+00 0.000000000e+00 -1.908570850e-04 1.000000000e+00 1.000000000e+00 1.908570850e-04 3.350000000e+00 3.350000000e+00 0.000000000e+00 0.000000000e+00 0.000000000e+00 -1.697215534e-15 
d 0.000000000e+00 0.000000000e+00 -1.952499759e-04 1.000000000e+00 1.000000000e+00 1.952499759e-04 3.400000000e+00 3.400000000e+00 0.000000000e+00 0.000000000e+00 0.000000000e+00 -1.699236552e-15 
d 0.000000000e+00 0.000000000e+00 -1.996377771e-04 1.000000000e+00 1.000000000e+00 1.996377771e-04 3.450000000e+00 3.450000000e+00 0.000000000e+00 0.000000000e+00 0.000000000e+00 -1.701162947e-15 
d 0.000000000e+00 0.000000000e+00 -2.040205031e-04 1.000000000e+00 1.000000000e+00 2.040205031e-04 3.500000000e+00 3.500000000e+00 0.000000000e+00 0.000000000e+00 0.000000000e+00 -1.703000870e-15 
d 0.000000000e+00 0.000000000e+00 -2.083981802e-04 1.000000000e+00 1.000000000e+00 2.083981802e-04 3.550000000e+00 3.550000000e+00 0.000000000e+00 0.000000000e+00 0.000000000e+00 -1.704756095e-15 
d 0.000000000e+00 0.000000000e+00 -2.127708430e-04 1.000000000e+00 1.000000000e+00 2.127708430e-04 3.600000000e+00 3.600000000e+00 0.000000000e+00 0.000000000e+00 0.000000000e+00 -1.706433822e-15 
d 0.000000000e+00 0.000000000e+00 -2.171385332e-04 1.000000000e+00 1.000000000e+00 2.171385332e-04 3.650000000e+00 3.650000000e+00 0.000000000e+00 0.000000000e+00 0.000000000e+00 -1.708038881e-15 
d 0.000000000e+00 0.000000000e+00 -2.215012982e-04 1.000000000e+00 1.000000000e+00 2.215012982e-04 3.700000000e+00 3.700000000e+00 0.000000000e+00 0.000000000e+00 0.000000000e+00 -1.709575747e-15 
d 0.000000000e+00 0.000000000e+00 -2.258591900e-04 1.000000000e+00 1.000000000e+00 2.258591900e-04 3.750000000e+00 3.750000000e+00 0.000000000e+00 0.000000000e+00 0.000000000e+00 -1.711048517e-15 
d 0.000000000e+00 0.000000000e+00 -2.302122639e-04 1.000000000e+00 1.000000000e+00 2.302122639e-04 3.800000000e+00 3.800000000e+00 0.000000000e+00 0.000000000e+00 0.000000000e+00 -1.712460992e-15 
d 0.000000000e+00 0.000000000e+00 -2.345605780e-04 1.000000000e+00 1.000000000e+00 2.345605780e-04 3.850000000e+00 3.850000000e+00 0.000000000e+00 0.000000000e+00 0.000000000e+00 -1.713816714e-15 
d 0.000000000e+00 0.000000000e+00 -2.389041925e-04 1.000000000e+00 1.000000000e+00 2.389041925e-04 3.900000000e+00 3.900000000e+00 0.000000000e+00 0.000000000e+00 0.000000000e+00 -1.715118889e-15 
d 0.000000000e+00 0.000000000e+00 -2.432431690e-04 1.000000000e+00 1.000000000e+00 2.432431690e-04 3.950000000e+00 3.950000000e+00 0.000000000e+00 0.000000000e+00 0.000000000e+00 -1.716370529e-15 
d 0.000000000e+00 0.000000000e+00 -2.475775698e-04 1.000000000e+00 1.000000000e+00 2.475775698e-04 4.000000000e+00 4.000000000e+00 0.000000000e+00 0.000000000e+00 0.000000000e+00 -1.717574500e-15 
d 0.000000000e+00 0.000000000e+00 -2.519074581e-04 1.000000000e+00 1.000000000e+00 2.519074581e-04 4.050000000e+00 4.050000000e+00 0.000000000e+00 0.000000000e+00 0.000000000e+00 -1.718733394e-15 
d 0.000000000e+00 0.000000000e+00 -2.562328972e-04 1.000000000e+00 1.000000000e+00 2.562328972e-04 4.100000000e+00 4.100000000e+00 0.000000000e+00 0.000000000e+00 0.000000000e+00 -1.719849619e-15 
d 0.000000000e+00 0.000000000e+00 -2.605539502e-04 1.000000000e+00 1.000000000e+00 2.605539502e-04 4.150000000e+00 4.150000000e+00 0.000000000e+00 0.000000000e+00 0.000000000e+00 -1.720925460e-15 
d 0.000000000e+00 0.000000000e+00 -2.648706803e-04 1.000000000e+00 1.000000000e+00 2.648706803e-04 4.200000000e+00 4.200000000e+00 0.000000000e+00 0.000000000e+00 0.000000000e+00 -1.721963016e-15 
d 0.000000000e+00 0.000000000e+00 -2.691831498e-04 1.000000000e+00 1.000000000e+00 2.691831498e-04 4.250000000e+00 4.250000000e+00 0.000000000e+00 0.000000000e+00 0.000000000e+00 -1.722964258e-15 
d 0.000000000e+00 0.000000000e+00 -2.734914209e-04 1.000000000e+00 1.000000000e+00 2.734914209e-04 4.300000000e+00 4.300000000e+00 0.000000000e+00 0.000000000e+00 0.000000000e+00 -1.723931019e-15 
d 0.000000000e+00 0.000000000e+00 -2.777955546e-04 1.000000000e+00 1.000000000e+00 2.777955546e-04 4.350000000e+00 4.350000000e+00 0.000000000e+00 0.000000000e+00 0.000000000e+00 -1.724865018e-15 
d 0.000000000e+00 0.000000000e+00 -2.820956113e-04 1.000000000e+00 1.000000000e+00 2.820956113e-04 4.400000000e+00 4.400000000e+00 0.000000000e+00 0.000000000e+00 0.000000000e+00 -1.725767849e-15 
d 0.000000000e+00 0.000000000e+00 -2.863916505e-04 1.000000000e+00 1.000000000e+00 2.863916505e-04 4.450000000e+00 4.450000000e+00 0.000000000e+00 0.000000000e+00 0.000000000e+00 -1.726641009e-15 
d 0.000000000e+00 0.000000000e+00 -2.906837307e-04 1.000000000e+00 1.000000000e+00 2.906837307e-04 4.500000000e+00 4.500000000e+00 0.000000000e+00 0.000000000e+00 0.000000000e+00 -1.727485932e-15 
d 0.000000000e+00 0.000000000e+00 -2.949719095e-04 1.000000000e+00 1.000000000e+00 2.949719095e-04 4.550000000e+00 4.550000000e+00 0.000000000e+00 0.000000000e+00 0.000000000e+00 -1.728303948e-15 
d 0.000000000e+00 0.000000000e+00 -2.992562432e-04 1.000000000e+00 1.000000000e+00 2.992562432e-04 4.600000000e+00 4.600000000e+00 0.000000000e+00 0.000000000e+00 0.000000000e+00 -1.729096303e-15 
d 0.000000000e+00 0.000000000e+00 -3.035367873e-04 1.000000000e+00 1.000000000e+00 3.035367873e-04 4.650000000e+00 4.650000000e+00 0.000000000e+00 0.000000000e+00 0.000000000e+00 -1.729864171e-15 
d 0.000000000e+00 0.000000000e+00 -3.078135959e-04 1.000000000e+00 1.000000000e+00 3.078135959e-04 4.700000000e+00 4.700000000e+00 0.000000000e+00 0.000000000e+00 0.000000000e+00 -1.730608653e-15 
d 0.000000000e+00 0.000000000e+00 -3.120867224e-04 1.000000000e+00 1.000000000e+00 3.120867224e-04 4.750000000e+00 4.750000000e+00 0.000000000e+00 0.000000000e+00 0.000000000e+00 -1.731330793e-15 
d 0.000000000e+00 0.000000000e+00 -3.163562187e-04 1.000000000e+00 1.000000000e+00 3.163562187e-04 4.800000000e+00 4.800000000e+00 0.000000000e+00 0.000000000e+00 0.000000000e+00 -1.732031565e-15 
d 0.000000000e+00 0.000000000e+00 -3.206221357e-04 1.000000000e+00 1.000000000e+00 3.206221357e-04 4.850000000e+00 4.850000000e+00 0.000000000e+00 0.000000000e+00 0.000000000e+00 -1.732711898e-15 
d 0.000000000e+00 0.000000000e+00 -3.248845235e-04 1.000000000e+00 1.000000000e+00 3.248845235e-04 4.900000000e+00 4.900000000e+00 0.000000000e+00 0.000000000e+00 0.000000000e+00 -1.733372665e-15 
d 0.000000000e+00 0.000000000e+00 -3.291434306e-04 1.000000000e+00 1.000000000e+00 3.291434306e-04 4.950000000e+00 4.950000000e+00 0.000000000e+00 0.000000000e+00 0.000000000e+00 -1.734014691e-15 
d 0.000000000e+00 0.000000000e+00 -3.333989048e-04 1.000000000e+00 1.000000000e+00 3.333989048e-04 5.000000000e+00 5.000000000e+00 0.000000000e+00 0.000000000e+00 0.000000000e+00 -1.734638754e-15 
