v ATLAS
# This file was created by ATLAS version 5.32.1.R on Mon May 25 22:21:06 2026.
#SSF 2.0 generic
##############################################################################
#                    Copyright (c) 1984 - 2021                               #
#                    Silvaco Inc. All rights reserved                        #
#                                                                            #
# This file format and the following Key are copyright Silvaco Inc.          #
# You may not use, this format or key without reproducing this message in    #
# full and obtaining express written permission from Silvaco Inc.            #
#                                                                            #
# To obtain such permission please contact: Silvaco Inc.                     #
#                                           support@silvaco.com              #
#                                                                            #
# KEY=SVC86hn7562asdx                       PROD=345                         #
##############################################################################
y 3 700 711 15
z 1 0.02 300
f 4 "source" "drain" "gate" "substrate" 
p 12 2 601 20 3 602 21 4 603 22 5 604 23 
d 0.000000000e+00 0.000000000e+00 -1.179655494e-15 3.000000000e+00 3.000000000e+00 2.513949059e-15 0.000000000e+00 0.000000000e+00 0.000000000e+00 0.000000000e+00 0.000000000e+00 -1.177795688e-15 
d 0.000000000e+00 0.000000000e+00 -4.449982624e-15 3.000000000e+00 3.000000000e+00 5.526207040e-15 5.000000000e-02 5.000000000e-02 0.000000000e+00 0.000000000e+00 0.000000000e+00 -1.209468640e-15 
d 0.000000000e+00 0.000000000e+00 -1.759760593e-14 3.000000000e+00 3.000000000e+00 1.871647976e-14 1.000000000e-01 1.000000000e-01 0.000000000e+00 0.000000000e+00 0.000000000e+00 -1.248489580e-15 
d 0.000000000e+00 0.000000000e+00 -7.207183407e-14 3.000000000e+00 3.000000000e+00 7.345009606e-14 1.500000000e-01 1.500000000e-01 0.000000000e+00 0.000000000e+00 0.000000000e+00 -1.297308379e-15 
d 0.000000000e+00 0.000000000e+00 -3.028601973e-13 3.000000000e+00 3.000000000e+00 3.040513689e-13 2.000000000e-01 2.000000000e-01 0.000000000e+00 0.000000000e+00 0.000000000e+00 -1.351249676e-15 
d 0.000000000e+00 0.000000000e+00 -1.298598865e-12 3.000000000e+00 3.000000000e+00 1.299756129e-12 2.500000000e-01 2.500000000e-01 0.000000000e+00 0.000000000e+00 0.000000000e+00 -1.392870959e-15 
d 0.000000000e+00 0.000000000e+00 -5.657970395e-12 3.000000000e+00 3.000000000e+00 5.659363897e-12 3.000000000e-01 3.000000000e-01 0.000000000e+00 0.000000000e+00 0.000000000e+00 -1.400208573e-15 
d 0.000000000e+00 0.000000000e+00 -2.497177716e-11 3.000000000e+00 3.000000000e+00 2.497301305e-11 3.500000000e-01 3.500000000e-01 0.000000000e+00 0.000000000e+00 0.000000000e+00 -1.358079355e-15 
d 0.000000000e+00 0.000000000e+00 -1.113321573e-10 3.000000000e+00 3.000000000e+00 1.113332781e-10 4.000000000e-01 4.000000000e-01 0.000000000e+00 0.000000000e+00 0.000000000e+00 -1.288212296e-15 
d 0.000000000e+00 0.000000000e+00 -4.996665638e-10 3.000000000e+00 3.000000000e+00 4.996678799e-10 4.500000000e-01 4.500000000e-01 0.000000000e+00 0.000000000e+00 0.000000000e+00 -1.228951635e-15 
d 0.000000000e+00 0.000000000e+00 -2.243857424e-09 3.000000000e+00 3.000000000e+00 2.243858577e-09 5.000000000e-01 5.000000000e-01 0.000000000e+00 0.000000000e+00 0.000000000e+00 -1.187125745e-15 
d 0.000000000e+00 0.000000000e+00 -9.932884449e-09 3.000000000e+00 3.000000000e+00 9.932885428e-09 5.500000000e-01 5.500000000e-01 0.000000000e+00 0.000000000e+00 0.000000000e+00 -1.157961136e-15 
d 0.000000000e+00 0.000000000e+00 -4.160006267e-08 3.000000000e+00 3.000000000e+00 4.160006419e-08 6.000000000e-01 6.000000000e-01 0.000000000e+00 0.000000000e+00 0.000000000e+00 -1.141366866e-15 
d 0.000000000e+00 0.000000000e+00 -1.510405493e-07 3.000000000e+00 3.000000000e+00 1.510405507e-07 6.500000000e-01 6.500000000e-01 0.000000000e+00 0.000000000e+00 0.000000000e+00 -1.141306017e-15 
d 0.000000000e+00 0.000000000e+00 -4.336913582e-07 3.000000000e+00 3.000000000e+00 4.336913592e-07 7.000000000e-01 7.000000000e-01 0.000000000e+00 0.000000000e+00 0.000000000e+00 -1.159149576e-15 
d 0.000000000e+00 0.000000000e+00 -9.756161002e-07 3.000000000e+00 3.000000000e+00 9.756161013e-07 7.500000000e-01 7.500000000e-01 0.000000000e+00 0.000000000e+00 0.000000000e+00 -1.187129538e-15 
d 0.000000000e+00 0.000000000e+00 -1.815087372e-06 3.000000000e+00 3.000000000e+00 1.815087373e-06 8.000000000e-01 8.000000000e-01 0.000000000e+00 0.000000000e+00 0.000000000e+00 -1.220417696e-15 
d 0.000000000e+00 0.000000000e+00 -2.955531429e-06 3.000000000e+00 3.000000000e+00 2.955531431e-06 8.500000000e-01 8.500000000e-01 0.000000000e+00 0.000000000e+00 0.000000000e+00 -1.252831375e-15 
d 0.000000000e+00 0.000000000e+00 -4.385081906e-06 3.000000000e+00 3.000000000e+00 4.385081907e-06 9.000000000e-01 9.000000000e-01 0.000000000e+00 0.000000000e+00 0.000000000e+00 -1.283928944e-15 
d 0.000000000e+00 0.000000000e+00 -6.086512505e-06 3.000000000e+00 3.000000000e+00 6.086512506e-06 9.500000000e-01 9.500000000e-01 0.000000000e+00 0.000000000e+00 0.000000000e+00 3.016421164e-16 
d 0.000000000e+00 0.000000000e+00 -8.041359824e-06 3.000000000e+00 3.000000000e+00 8.041359825e-06 1.000000000e+00 1.000000000e+00 0.000000000e+00 0.000000000e+00 0.000000000e+00 -9.002273932e-16 
d 0.000000000e+00 0.000000000e+00 -1.023158297e-05 3.000000000e+00 3.000000000e+00 1.023158297e-05 1.050000000e+00 1.050000000e+00 0.000000000e+00 0.000000000e+00 0.000000000e+00 -1.226488080e-15 
d 0.000000000e+00 0.000000000e+00 -1.264024818e-05 3.000000000e+00 3.000000000e+00 1.264024818e-05 1.100000000e+00 1.100000000e+00 0.000000000e+00 0.000000000e+00 0.000000000e+00 -1.340994753e-15 
d 0.000000000e+00 0.000000000e+00 -1.525173661e-05 3.000000000e+00 3.000000000e+00 1.525173661e-05 1.150000000e+00 1.150000000e+00 0.000000000e+00 0.000000000e+00 0.000000000e+00 -1.395234215e-15 
d 0.000000000e+00 0.000000000e+00 -1.805181059e-05 3.000000000e+00 3.000000000e+00 1.805181059e-05 1.200000000e+00 1.200000000e+00 0.000000000e+00 0.000000000e+00 0.000000000e+00 -1.429359339e-15 
d 0.000000000e+00 0.000000000e+00 -2.102751250e-05 3.000000000e+00 3.000000000e+00 2.102751251e-05 1.250000000e+00 1.250000000e+00 0.000000000e+00 0.000000000e+00 0.000000000e+00 -1.455626122e-15 
d 0.000000000e+00 0.000000000e+00 -2.416713391e-05 3.000000000e+00 3.000000000e+00 2.416713391e-05 1.300000000e+00 1.300000000e+00 0.000000000e+00 0.000000000e+00 0.000000000e+00 -1.478194502e-15 
d 0.000000000e+00 0.000000000e+00 -2.746001106e-05 3.000000000e+00 3.000000000e+00 2.746001107e-05 1.350000000e+00 1.350000000e+00 0.000000000e+00 0.000000000e+00 0.000000000e+00 -1.498698615e-15 
d 0.000000000e+00 0.000000000e+00 -3.089654361e-05 3.000000000e+00 3.000000000e+00 3.089654362e-05 1.400000000e+00 1.400000000e+00 0.000000000e+00 0.000000000e+00 0.000000000e+00 -1.517814640e-15 
d 0.000000000e+00 0.000000000e+00 -3.446794724e-05 3.000000000e+00 3.000000000e+00 3.446794724e-05 1.450000000e+00 1.450000000e+00 0.000000000e+00 0.000000000e+00 0.000000000e+00 -1.535887755e-15 
d 0.000000000e+00 0.000000000e+00 -3.816628424e-05 3.000000000e+00 3.000000000e+00 3.816628425e-05 1.500000000e+00 1.500000000e+00 0.000000000e+00 0.000000000e+00 0.000000000e+00 -1.553095328e-15 
d 0.000000000e+00 0.000000000e+00 -4.198429489e-05 3.000000000e+00 3.000000000e+00 4.198429489e-05 1.550000000e+00 1.550000000e+00 0.000000000e+00 0.000000000e+00 0.000000000e+00 -1.569553057e-15 
d 0.000000000e+00 0.000000000e+00 -4.591533814e-05 3.000000000e+00 3.000000000e+00 4.591533814e-05 1.600000000e+00 1.600000000e+00 0.000000000e+00 0.000000000e+00 0.000000000e+00 -1.585338757e-15 
d 0.000000000e+00 0.000000000e+00 -4.995336867e-05 3.000000000e+00 3.000000000e+00 4.995336867e-05 1.650000000e+00 1.650000000e+00 0.000000000e+00 0.000000000e+00 0.000000000e+00 -1.600508684e-15 
d 0.000000000e+00 0.000000000e+00 -5.409279607e-05 3.000000000e+00 3.000000000e+00 5.409279607e-05 1.700000000e+00 1.700000000e+00 0.000000000e+00 0.000000000e+00 0.000000000e+00 -1.615107163e-15 
d 0.000000000e+00 0.000000000e+00 -5.832851093e-05 3.000000000e+00 3.000000000e+00 5.832851093e-05 1.750000000e+00 1.750000000e+00 0.000000000e+00 0.000000000e+00 0.000000000e+00 -1.629169011e-15 
d 0.000000000e+00 0.000000000e+00 -6.265577877e-05 3.000000000e+00 3.000000000e+00 6.265577877e-05 1.800000000e+00 1.800000000e+00 0.000000000e+00 0.000000000e+00 0.000000000e+00 -1.642720812e-15 
d 0.000000000e+00 0.000000000e+00 -6.707023420e-05 3.000000000e+00 3.000000000e+00 6.707023420e-05 1.850000000e+00 1.850000000e+00 0.000000000e+00 0.000000000e+00 0.000000000e+00 -1.655784642e-15 
d 0.000000000e+00 0.000000000e+00 -7.156784236e-05 3.000000000e+00 3.000000000e+00 7.156784236e-05 1.900000000e+00 1.900000000e+00 0.000000000e+00 0.000000000e+00 0.000000000e+00 -1.668378373e-15 
d 0.000000000e+00 0.000000000e+00 -7.614482768e-05 3.000000000e+00 3.000000000e+00 7.614482768e-05 1.950000000e+00 1.950000000e+00 0.000000000e+00 0.000000000e+00 0.000000000e+00 -1.680514563e-15 
d 0.000000000e+00 0.000000000e+00 -8.079770902e-05 3.000000000e+00 3.000000000e+00 8.079770903e-05 2.000000000e+00 2.000000000e+00 0.000000000e+00 0.000000000e+00 0.000000000e+00 -1.692205732e-15 
d 0.000000000e+00 0.000000000e+00 -8.552323785e-05 3.000000000e+00 3.000000000e+00 8.552323785e-05 2.050000000e+00 2.050000000e+00 0.000000000e+00 0.000000000e+00 0.000000000e+00 -1.703464193e-15 
d 0.000000000e+00 0.000000000e+00 -9.031835925e-05 3.000000000e+00 3.000000000e+00 9.031835925e-05 2.100000000e+00 2.100000000e+00 0.000000000e+00 0.000000000e+00 0.000000000e+00 -1.714301572e-15 
d 0.000000000e+00 0.000000000e+00 -9.518022954e-05 3.000000000e+00 3.000000000e+00 9.518022954e-05 2.150000000e+00 2.150000000e+00 0.000000000e+00 0.000000000e+00 0.000000000e+00 -1.724731259e-15 
d 0.000000000e+00 0.000000000e+00 -1.001061898e-04 3.000000000e+00 3.000000000e+00 1.001061898e-04 2.200000000e+00 2.200000000e+00 0.000000000e+00 0.000000000e+00 0.000000000e+00 -1.734768129e-15 
d 0.000000000e+00 0.000000000e+00 -1.050937343e-04 3.000000000e+00 3.000000000e+00 1.050937343e-04 2.250000000e+00 2.250000000e+00 0.000000000e+00 0.000000000e+00 0.000000000e+00 -1.744428449e-15 
d 0.000000000e+00 0.000000000e+00 -1.101405076e-04 3.000000000e+00 3.000000000e+00 1.101405076e-04 2.300000000e+00 2.300000000e+00 0.000000000e+00 0.000000000e+00 0.000000000e+00 -1.753730574e-15 
d 0.000000000e+00 0.000000000e+00 -1.152443031e-04 3.000000000e+00 3.000000000e+00 1.152443031e-04 2.350000000e+00 2.350000000e+00 0.000000000e+00 0.000000000e+00 0.000000000e+00 -1.762693808e-15 
d 0.000000000e+00 0.000000000e+00 -1.204030314e-04 3.000000000e+00 3.000000000e+00 1.204030314e-04 2.400000000e+00 2.400000000e+00 0.000000000e+00 0.000000000e+00 0.000000000e+00 -1.771338138e-15 
d 0.000000000e+00 0.000000000e+00 -1.256147143e-04 3.000000000e+00 3.000000000e+00 1.256147143e-04 2.450000000e+00 2.450000000e+00 0.000000000e+00 0.000000000e+00 0.000000000e+00 -1.779683250e-15 
d 0.000000000e+00 0.000000000e+00 -1.308774910e-04 3.000000000e+00 3.000000000e+00 1.308774910e-04 2.500000000e+00 2.500000000e+00 0.000000000e+00 0.000000000e+00 0.000000000e+00 -1.787748199e-15 
d 0.000000000e+00 0.000000000e+00 -1.361896050e-04 3.000000000e+00 3.000000000e+00 1.361896050e-04 2.550000000e+00 2.550000000e+00 0.000000000e+00 0.000000000e+00 0.000000000e+00 -1.795551453e-15 
d 0.000000000e+00 0.000000000e+00 -1.415493798e-04 3.000000000e+00 3.000000000e+00 1.415493798e-04 2.600000000e+00 2.600000000e+00 0.000000000e+00 0.000000000e+00 0.000000000e+00 -1.803110274e-15 
d 0.000000000e+00 0.000000000e+00 -1.469552282e-04 3.000000000e+00 3.000000000e+00 1.469552282e-04 2.650000000e+00 2.650000000e+00 0.000000000e+00 0.000000000e+00 0.000000000e+00 -1.810440726e-15 
d 0.000000000e+00 0.000000000e+00 -1.524056476e-04 3.000000000e+00 3.000000000e+00 1.524056476e-04 2.700000000e+00 2.700000000e+00 0.000000000e+00 0.000000000e+00 0.000000000e+00 -1.817557271e-15 
d 0.000000000e+00 0.000000000e+00 -1.578992130e-04 3.000000000e+00 3.000000000e+00 1.578992130e-04 2.750000000e+00 2.750000000e+00 0.000000000e+00 0.000000000e+00 0.000000000e+00 -1.824473411e-15 
d 0.000000000e+00 0.000000000e+00 -1.634345589e-04 3.000000000e+00 3.000000000e+00 1.634345589e-04 2.800000000e+00 2.800000000e+00 0.000000000e+00 0.000000000e+00 0.000000000e+00 -1.831201184e-15 
d 0.000000000e+00 0.000000000e+00 -1.690103853e-04 3.000000000e+00 3.000000000e+00 1.690103853e-04 2.850000000e+00 2.850000000e+00 0.000000000e+00 0.000000000e+00 0.000000000e+00 -1.837751143e-15 
d 0.000000000e+00 0.000000000e+00 -1.746254581e-04 3.000000000e+00 3.000000000e+00 1.746254581e-04 2.900000000e+00 2.900000000e+00 0.000000000e+00 0.000000000e+00 0.000000000e+00 -1.844132958e-15 
d 0.000000000e+00 0.000000000e+00 -1.802785920e-04 3.000000000e+00 3.000000000e+00 1.802785920e-04 2.950000000e+00 2.950000000e+00 0.000000000e+00 0.000000000e+00 0.000000000e+00 -1.850355621e-15 
d 0.000000000e+00 0.000000000e+00 -1.859686768e-04 3.000000000e+00 3.000000000e+00 1.859686768e-04 3.000000000e+00 3.000000000e+00 0.000000000e+00 0.000000000e+00 0.000000000e+00 -1.856426738e-15 
d 0.000000000e+00 0.000000000e+00 -1.916946359e-04 3.000000000e+00 3.000000000e+00 1.916946359e-04 3.050000000e+00 3.050000000e+00 0.000000000e+00 0.000000000e+00 0.000000000e+00 -1.862353401e-15 
d 0.000000000e+00 0.000000000e+00 -1.974554408e-04 3.000000000e+00 3.000000000e+00 1.974554408e-04 3.100000000e+00 3.100000000e+00 0.000000000e+00 0.000000000e+00 0.000000000e+00 -1.868142158e-15 
d 0.000000000e+00 0.000000000e+00 -2.032501133e-04 3.000000000e+00 3.000000000e+00 2.032501133e-04 3.150000000e+00 3.150000000e+00 0.000000000e+00 0.000000000e+00 0.000000000e+00 -1.873798500e-15 
d 0.000000000e+00 0.000000000e+00 -2.090777160e-04 3.000000000e+00 3.000000000e+00 2.090777160e-04 3.200000000e+00 3.200000000e+00 0.000000000e+00 0.000000000e+00 0.000000000e+00 -1.879328250e-15 
d 0.000000000e+00 0.000000000e+00 -2.149373465e-04 3.000000000e+00 3.000000000e+00 2.149373465e-04 3.250000000e+00 3.250000000e+00 0.000000000e+00 0.000000000e+00 0.000000000e+00 -1.884736379e-15 
d 0.000000000e+00 0.000000000e+00 -2.208281434e-04 3.000000000e+00 3.000000000e+00 2.208281434e-04 3.300000000e+00 3.300000000e+00 0.000000000e+00 0.000000000e+00 0.000000000e+00 -1.890027087e-15 
d 0.000000000e+00 0.000000000e+00 -2.267492759e-04 3.000000000e+00 3.000000000e+00 2.267492759e-04 3.350000000e+00 3.350000000e+00 0.000000000e+00 0.000000000e+00 0.000000000e+00 -1.895204959e-15 
d 0.000000000e+00 0.000000000e+00 -2.326999562e-04 3.000000000e+00 3.000000000e+00 2.326999562e-04 3.400000000e+00 3.400000000e+00 0.000000000e+00 0.000000000e+00 0.000000000e+00 -1.900274183e-15 
d 0.000000000e+00 0.000000000e+00 -2.386794225e-04 3.000000000e+00 3.000000000e+00 2.386794225e-04 3.450000000e+00 3.450000000e+00 0.000000000e+00 0.000000000e+00 0.000000000e+00 -1.905238471e-15 
d 0.000000000e+00 0.000000000e+00 -2.446869424e-04 3.000000000e+00 3.000000000e+00 2.446869424e-04 3.500000000e+00 3.500000000e+00 0.000000000e+00 0.000000000e+00 0.000000000e+00 -1.910101454e-15 
d 0.000000000e+00 0.000000000e+00 -2.507218085e-04 3.000000000e+00 3.000000000e+00 2.507218085e-04 3.550000000e+00 3.550000000e+00 0.000000000e+00 0.000000000e+00 0.000000000e+00 -1.914866225e-15 
d 0.000000000e+00 0.000000000e+00 -2.567833492e-04 3.000000000e+00 3.000000000e+00 2.567833492e-04 3.600000000e+00 3.600000000e+00 0.000000000e+00 0.000000000e+00 0.000000000e+00 -1.919536153e-15 
d 0.000000000e+00 0.000000000e+00 -2.628709144e-04 3.000000000e+00 3.000000000e+00 2.628709144e-04 3.650000000e+00 3.650000000e+00 0.000000000e+00 0.000000000e+00 0.000000000e+00 -1.924114449e-15 
d 0.000000000e+00 0.000000000e+00 -2.689838780e-04 3.000000000e+00 3.000000000e+00 2.689838780e-04 3.700000000e+00 3.700000000e+00 0.000000000e+00 0.000000000e+00 0.000000000e+00 -1.928604006e-15 
d 0.000000000e+00 0.000000000e+00 -2.751216365e-04 3.000000000e+00 3.000000000e+00 2.751216365e-04 3.750000000e+00 3.750000000e+00 0.000000000e+00 0.000000000e+00 0.000000000e+00 -1.933007456e-15 
d 0.000000000e+00 0.000000000e+00 -2.812836079e-04 3.000000000e+00 3.000000000e+00 2.812836079e-04 3.800000000e+00 3.800000000e+00 0.000000000e+00 0.000000000e+00 0.000000000e+00 -1.937327637e-15 
d 0.000000000e+00 0.000000000e+00 -2.874692316e-04 3.000000000e+00 3.000000000e+00 2.874692316e-04 3.850000000e+00 3.850000000e+00 0.000000000e+00 0.000000000e+00 0.000000000e+00 -1.941567022e-15 
d 0.000000000e+00 0.000000000e+00 -2.936779664e-04 3.000000000e+00 3.000000000e+00 2.936779664e-04 3.900000000e+00 3.900000000e+00 0.000000000e+00 0.000000000e+00 0.000000000e+00 -1.945728388e-15 
d 0.000000000e+00 0.000000000e+00 -2.999092906e-04 3.000000000e+00 3.000000000e+00 2.999092906e-04 3.950000000e+00 3.950000000e+00 0.000000000e+00 0.000000000e+00 0.000000000e+00 -1.949814150e-15 
d 0.000000000e+00 0.000000000e+00 -3.061627003e-04 3.000000000e+00 3.000000000e+00 3.061627003e-04 4.000000000e+00 4.000000000e+00 0.000000000e+00 0.000000000e+00 0.000000000e+00 -1.953826642e-15 
d 0.000000000e+00 0.000000000e+00 -3.124377086e-04 3.000000000e+00 3.000000000e+00 3.124377086e-04 4.050000000e+00 4.050000000e+00 0.000000000e+00 0.000000000e+00 0.000000000e+00 -1.957768096e-15 
d 0.000000000e+00 0.000000000e+00 -3.187338447e-04 3.000000000e+00 3.000000000e+00 3.187338447e-04 4.100000000e+00 4.100000000e+00 0.000000000e+00 0.000000000e+00 0.000000000e+00 -1.961640641e-15 
d 0.000000000e+00 0.000000000e+00 -3.250506532e-04 3.000000000e+00 3.000000000e+00 3.250506532e-04 4.150000000e+00 4.150000000e+00 0.000000000e+00 0.000000000e+00 0.000000000e+00 -1.965446447e-15 
d 0.000000000e+00 0.000000000e+00 -3.313876935e-04 3.000000000e+00 3.000000000e+00 3.313876935e-04 4.200000000e+00 4.200000000e+00 0.000000000e+00 0.000000000e+00 0.000000000e+00 -1.969187517e-15 
d 0.000000000e+00 0.000000000e+00 -3.377445383e-04 3.000000000e+00 3.000000000e+00 3.377445383e-04 4.250000000e+00 4.250000000e+00 0.000000000e+00 0.000000000e+00 0.000000000e+00 -1.972865679e-15 
d 0.000000000e+00 0.000000000e+00 -3.441207762e-04 3.000000000e+00 3.000000000e+00 3.441207762e-04 4.300000000e+00 4.300000000e+00 0.000000000e+00 0.000000000e+00 0.000000000e+00 -1.976483014e-15 
d 0.000000000e+00 0.000000000e+00 -3.505160071e-04 3.000000000e+00 3.000000000e+00 3.505160071e-04 4.350000000e+00 4.350000000e+00 0.000000000e+00 0.000000000e+00 0.000000000e+00 -1.980041077e-15 
d 0.000000000e+00 0.000000000e+00 -3.569298440e-04 3.000000000e+00 3.000000000e+00 3.569298440e-04 4.400000000e+00 4.400000000e+00 0.000000000e+00 0.000000000e+00 0.000000000e+00 -1.983541870e-15 
d 0.000000000e+00 0.000000000e+00 -3.633619115e-04 3.000000000e+00 3.000000000e+00 3.633619115e-04 4.450000000e+00 4.450000000e+00 0.000000000e+00 0.000000000e+00 0.000000000e+00 -1.986987073e-15 
d 0.000000000e+00 0.000000000e+00 -3.698118453e-04 3.000000000e+00 3.000000000e+00 3.698118453e-04 4.500000000e+00 4.500000000e+00 0.000000000e+00 0.000000000e+00 0.000000000e+00 -1.990378169e-15 
d 0.000000000e+00 0.000000000e+00 -3.762792921e-04 3.000000000e+00 3.000000000e+00 3.762792921e-04 4.550000000e+00 4.550000000e+00 0.000000000e+00 0.000000000e+00 0.000000000e+00 -1.993717006e-15 
d 0.000000000e+00 0.000000000e+00 -3.827639082e-04 3.000000000e+00 3.000000000e+00 3.827639082e-04 4.600000000e+00 4.600000000e+00 0.000000000e+00 0.000000000e+00 0.000000000e+00 -1.997004846e-15 
d 0.000000000e+00 0.000000000e+00 -3.892653617e-04 3.000000000e+00 3.000000000e+00 3.892653617e-04 4.650000000e+00 4.650000000e+00 0.000000000e+00 0.000000000e+00 0.000000000e+00 -2.000243496e-15 
d 0.000000000e+00 0.000000000e+00 -3.957833289e-04 3.000000000e+00 3.000000000e+00 3.957833289e-04 4.700000000e+00 4.700000000e+00 0.000000000e+00 0.000000000e+00 0.000000000e+00 -2.003434381e-15 
d 0.000000000e+00 0.000000000e+00 -4.023174960e-04 3.000000000e+00 3.000000000e+00 4.023174960e-04 4.750000000e+00 4.750000000e+00 0.000000000e+00 0.000000000e+00 0.000000000e+00 -2.006578876e-15 
d 0.000000000e+00 0.000000000e+00 -4.088675581e-04 3.000000000e+00 3.000000000e+00 4.088675581e-04 4.800000000e+00 4.800000000e+00 0.000000000e+00 0.000000000e+00 0.000000000e+00 -2.009678298e-15 
d 0.000000000e+00 0.000000000e+00 -4.154332185e-04 3.000000000e+00 3.000000000e+00 4.154332185e-04 4.850000000e+00 4.850000000e+00 0.000000000e+00 0.000000000e+00 0.000000000e+00 -2.012733910e-15 
d 0.000000000e+00 0.000000000e+00 -4.220141888e-04 3.000000000e+00 3.000000000e+00 4.220141888e-04 4.900000000e+00 4.900000000e+00 0.000000000e+00 0.000000000e+00 0.000000000e+00 -2.015746838e-15 
d 0.000000000e+00 0.000000000e+00 -4.286101883e-04 3.000000000e+00 3.000000000e+00 4.286101883e-04 4.950000000e+00 4.950000000e+00 0.000000000e+00 0.000000000e+00 0.000000000e+00 -2.018718316e-15 
d 0.000000000e+00 0.000000000e+00 -4.352209440e-04 3.000000000e+00 3.000000000e+00 4.352209440e-04 5.000000000e+00 5.000000000e+00 0.000000000e+00 0.000000000e+00 0.000000000e+00 -2.021649447e-15 
