v ATLAS
# This file was created by ATLAS version 5.32.1.R on Mon May 25 22:23:00 2026.
#SSF 2.0 generic
##############################################################################
#                    Copyright (c) 1984 - 2021                               #
#                    Silvaco Inc. All rights reserved                        #
#                                                                            #
# This file format and the following Key are copyright Silvaco Inc.          #
# You may not use, this format or key without reproducing this message in    #
# full and obtaining express written permission from Silvaco Inc.            #
#                                                                            #
# To obtain such permission please contact: Silvaco Inc.                     #
#                                           support@silvaco.com              #
#                                                                            #
# KEY=SVC86hn7562asdx                       PROD=345                         #
##############################################################################
y 3 700 711 15
z 1 0.02 300
f 4 "source" "drain" "gate" "substrate" 
p 12 2 601 20 3 602 21 4 603 22 5 604 23 
d 0.000000000e+00 0.000000000e+00 1.913445026e-15 1.000000000e-01 1.000000000e-01 1.934492508e-15 0.000000000e+00 0.000000000e+00 0.000000000e+00 -3.000000000e+00 -3.000000000e+00 -3.863167362e-15 
d 0.000000000e+00 0.000000000e+00 1.929778959e-15 1.000000000e-01 1.000000000e-01 1.935856966e-15 5.000000000e-02 5.000000000e-02 0.000000000e+00 -3.000000000e+00 -3.000000000e+00 -3.860384343e-15 
d 0.000000000e+00 0.000000000e+00 1.919160678e-15 1.000000000e-01 1.000000000e-01 1.940538999e-15 1.000000000e-01 1.000000000e-01 0.000000000e+00 -3.000000000e+00 -3.000000000e+00 -3.857426748e-15 
d 0.000000000e+00 0.000000000e+00 1.925553919e-15 1.000000000e-01 1.000000000e-01 1.951174004e-15 1.500000000e-01 1.500000000e-01 0.000000000e+00 -3.000000000e+00 -3.000000000e+00 -3.854229871e-15 
d 0.000000000e+00 0.000000000e+00 1.910182724e-15 1.000000000e-01 1.000000000e-01 1.950749134e-15 2.000000000e-01 2.000000000e-01 0.000000000e+00 -3.000000000e+00 -3.000000000e+00 -3.850736766e-15 
d 0.000000000e+00 0.000000000e+00 1.921131028e-15 1.000000000e-01 1.000000000e-01 1.954831392e-15 2.500000000e-01 2.500000000e-01 0.000000000e+00 -3.000000000e+00 -3.000000000e+00 -3.846943306e-15 
d 0.000000000e+00 0.000000000e+00 1.902426960e-15 1.000000000e-01 1.000000000e-01 1.935090748e-15 3.000000000e-01 3.000000000e-01 0.000000000e+00 -3.000000000e+00 -3.000000000e+00 -3.842812898e-15 
d 0.000000000e+00 0.000000000e+00 1.897060096e-15 1.000000000e-01 1.000000000e-01 1.939609911e-15 3.500000000e-01 3.500000000e-01 0.000000000e+00 -3.000000000e+00 -3.000000000e+00 -3.838302389e-15 
d 0.000000000e+00 0.000000000e+00 1.898287180e-15 1.000000000e-01 1.000000000e-01 1.920781014e-15 4.000000000e-01 4.000000000e-01 0.000000000e+00 -3.000000000e+00 -3.000000000e+00 -3.833361304e-15 
d 0.000000000e+00 0.000000000e+00 1.887563242e-15 1.000000000e-01 1.000000000e-01 1.910344267e-15 4.500000000e-01 4.500000000e-01 0.000000000e+00 -3.000000000e+00 -3.000000000e+00 -3.827926771e-15 
d 0.000000000e+00 0.000000000e+00 1.896665207e-15 1.000000000e-01 1.000000000e-01 1.917165029e-15 5.000000000e-01 5.000000000e-01 0.000000000e+00 -3.000000000e+00 -3.000000000e+00 -3.821919860e-15 
d 0.000000000e+00 0.000000000e+00 1.878438430e-15 1.000000000e-01 1.000000000e-01 1.937651795e-15 5.500000000e-01 5.500000000e-01 0.000000000e+00 -3.000000000e+00 -3.000000000e+00 -3.815239022e-15 
d 0.000000000e+00 0.000000000e+00 1.817922921e-15 1.000000000e-01 1.000000000e-01 1.969392819e-15 6.000000000e-01 6.000000000e-01 0.000000000e+00 -3.000000000e+00 -3.000000000e+00 -3.807746396e-15 
d 0.000000000e+00 0.000000000e+00 1.552830203e-15 1.000000000e-01 1.000000000e-01 2.250852104e-15 6.500000000e-01 6.500000000e-01 0.000000000e+00 -3.000000000e+00 -3.000000000e+00 -3.799182963e-15 
d 0.000000000e+00 0.000000000e+00 2.651875848e-16 1.000000000e-01 1.000000000e-01 3.517461314e-15 7.000000000e-01 7.000000000e-01 0.000000000e+00 -3.000000000e+00 -3.000000000e+00 -3.789110986e-15 
d 0.000000000e+00 0.000000000e+00 -5.938260705e-15 1.000000000e-01 1.000000000e-01 9.729567730e-15 7.500000000e-01 7.500000000e-01 0.000000000e+00 -3.000000000e+00 -3.000000000e+00 -3.776713525e-15 
d 0.000000000e+00 0.000000000e+00 -3.590344674e-14 1.000000000e-01 1.000000000e-01 3.964711938e-14 8.000000000e-01 8.000000000e-01 0.000000000e+00 -3.000000000e+00 -3.000000000e+00 -3.760501378e-15 
d 0.000000000e+00 0.000000000e+00 -1.807611003e-13 1.000000000e-01 1.000000000e-01 1.844998450e-13 8.500000000e-01 8.500000000e-01 0.000000000e+00 -3.000000000e+00 -3.000000000e+00 -3.738864735e-15 
d 0.000000000e+00 0.000000000e+00 -8.804855021e-13 1.000000000e-01 1.000000000e-01 8.842026619e-13 9.000000000e-01 9.000000000e-01 0.000000000e+00 -3.000000000e+00 -3.000000000e+00 -3.712142034e-15 
d 0.000000000e+00 0.000000000e+00 -4.256500473e-12 1.000000000e-01 1.000000000e-01 4.260198398e-12 9.500000000e-01 9.500000000e-01 0.000000000e+00 -3.000000000e+00 -3.000000000e+00 -3.682928317e-15 
d 0.000000000e+00 0.000000000e+00 -2.051512235e-11 1.000000000e-01 1.000000000e-01 2.051878581e-11 1.000000000e+00 1.000000000e+00 0.000000000e+00 -3.000000000e+00 -3.000000000e+00 -3.653576083e-15 
d 0.000000000e+00 0.000000000e+00 -9.858256706e-11 1.000000000e-01 1.000000000e-01 9.858619321e-11 1.050000000e+00 1.050000000e+00 0.000000000e+00 -3.000000000e+00 -3.000000000e+00 -3.625258622e-15 
d 0.000000000e+00 0.000000000e+00 -4.713299536e-10 1.000000000e-01 1.000000000e-01 4.713335302e-10 1.100000000e+00 1.100000000e+00 0.000000000e+00 -3.000000000e+00 -3.000000000e+00 -3.597891427e-15 
d 0.000000000e+00 0.000000000e+00 -2.227716879e-09 1.000000000e-01 1.000000000e-01 2.227720419e-09 1.150000000e+00 1.150000000e+00 0.000000000e+00 -3.000000000e+00 -3.000000000e+00 -3.572635725e-15 
d 0.000000000e+00 0.000000000e+00 -1.019896499e-08 1.000000000e-01 1.000000000e-01 1.019896856e-08 1.200000000e+00 1.200000000e+00 0.000000000e+00 -3.000000000e+00 -3.000000000e+00 -3.548414119e-15 
d 0.000000000e+00 0.000000000e+00 -4.265997404e-08 1.000000000e-01 1.000000000e-01 4.265997755e-08 1.250000000e+00 1.250000000e+00 0.000000000e+00 -3.000000000e+00 -3.000000000e+00 -3.527473578e-15 
d 0.000000000e+00 0.000000000e+00 -1.460856203e-07 1.000000000e-01 1.000000000e-01 1.460856239e-07 1.300000000e+00 1.300000000e+00 0.000000000e+00 -3.000000000e+00 -3.000000000e+00 -3.511696121e-15 
d 0.000000000e+00 0.000000000e+00 -3.762424723e-07 1.000000000e-01 1.000000000e-01 3.762424758e-07 1.350000000e+00 1.350000000e+00 0.000000000e+00 -3.000000000e+00 -3.000000000e+00 -3.499006739e-15 
d 0.000000000e+00 0.000000000e+00 -7.399785539e-07 1.000000000e-01 1.000000000e-01 7.399785575e-07 1.400000000e+00 1.400000000e+00 0.000000000e+00 -3.000000000e+00 -3.000000000e+00 -3.488819553e-15 
d 0.000000000e+00 0.000000000e+00 -1.193840656e-06 1.000000000e-01 1.000000000e-01 1.193840659e-06 1.450000000e+00 1.450000000e+00 0.000000000e+00 -3.000000000e+00 -3.000000000e+00 -3.481108149e-15 
d 0.000000000e+00 0.000000000e+00 -1.693578710e-06 1.000000000e-01 1.000000000e-01 1.693578714e-06 1.500000000e+00 1.500000000e+00 0.000000000e+00 -3.000000000e+00 -3.000000000e+00 -3.475409802e-15 
d 0.000000000e+00 0.000000000e+00 -2.214075095e-06 1.000000000e-01 1.000000000e-01 2.214075099e-06 1.550000000e+00 1.550000000e+00 0.000000000e+00 -3.000000000e+00 -3.000000000e+00 -3.471138312e-15 
d 0.000000000e+00 0.000000000e+00 -2.743435299e-06 1.000000000e-01 1.000000000e-01 2.743435302e-06 1.600000000e+00 1.600000000e+00 0.000000000e+00 -3.000000000e+00 -3.000000000e+00 -3.467840762e-15 
d 0.000000000e+00 0.000000000e+00 -3.276106287e-06 1.000000000e-01 1.000000000e-01 3.276106290e-06 1.650000000e+00 1.650000000e+00 0.000000000e+00 -3.000000000e+00 -3.000000000e+00 -3.465215706e-15 
d 0.000000000e+00 0.000000000e+00 -3.809401187e-06 1.000000000e-01 1.000000000e-01 3.809401190e-06 1.700000000e+00 1.700000000e+00 0.000000000e+00 -3.000000000e+00 -3.000000000e+00 -3.463068157e-15 
d 0.000000000e+00 0.000000000e+00 -4.341974928e-06 1.000000000e-01 1.000000000e-01 4.341974932e-06 1.750000000e+00 1.750000000e+00 0.000000000e+00 -3.000000000e+00 -3.000000000e+00 -3.461270259e-15 
d 0.000000000e+00 0.000000000e+00 -4.873143120e-06 1.000000000e-01 1.000000000e-01 4.873143124e-06 1.800000000e+00 1.800000000e+00 0.000000000e+00 -3.000000000e+00 -3.000000000e+00 -3.459735896e-15 
d 0.000000000e+00 0.000000000e+00 -5.402562941e-06 1.000000000e-01 1.000000000e-01 5.402562945e-06 1.850000000e+00 1.850000000e+00 0.000000000e+00 -3.000000000e+00 -3.000000000e+00 -3.458405337e-15 
d 0.000000000e+00 0.000000000e+00 -5.930075271e-06 1.000000000e-01 1.000000000e-01 5.930075274e-06 1.900000000e+00 1.900000000e+00 0.000000000e+00 -3.000000000e+00 -3.000000000e+00 -3.457235968e-15 
d 0.000000000e+00 0.000000000e+00 -6.455622630e-06 1.000000000e-01 1.000000000e-01 6.455622634e-06 1.950000000e+00 1.950000000e+00 0.000000000e+00 -3.000000000e+00 -3.000000000e+00 -3.456196590e-15 
d 0.000000000e+00 0.000000000e+00 -6.979204696e-06 1.000000000e-01 1.000000000e-01 6.979204699e-06 2.000000000e+00 2.000000000e+00 0.000000000e+00 -3.000000000e+00 -3.000000000e+00 -3.455263831e-15 
d 0.000000000e+00 0.000000000e+00 -7.500853326e-06 1.000000000e-01 1.000000000e-01 7.500853329e-06 2.050000000e+00 2.050000000e+00 0.000000000e+00 -3.000000000e+00 -3.000000000e+00 -3.454419822e-15 
d 0.000000000e+00 0.000000000e+00 -8.020618159e-06 1.000000000e-01 1.000000000e-01 8.020618162e-06 2.100000000e+00 2.100000000e+00 0.000000000e+00 -3.000000000e+00 -3.000000000e+00 -3.453650642e-15 
d 0.000000000e+00 0.000000000e+00 -8.538558123e-06 1.000000000e-01 1.000000000e-01 8.538558127e-06 2.150000000e+00 2.150000000e+00 0.000000000e+00 -3.000000000e+00 -3.000000000e+00 -3.452945278e-15 
d 0.000000000e+00 0.000000000e+00 -9.054736373e-06 1.000000000e-01 1.000000000e-01 9.054736377e-06 2.200000000e+00 2.200000000e+00 0.000000000e+00 -3.000000000e+00 -3.000000000e+00 -3.452294883e-15 
d 0.000000000e+00 0.000000000e+00 -9.569217246e-06 1.000000000e-01 1.000000000e-01 9.569217250e-06 2.250000000e+00 2.250000000e+00 0.000000000e+00 -3.000000000e+00 -3.000000000e+00 -3.451692262e-15 
d 0.000000000e+00 0.000000000e+00 -1.008206444e-05 1.000000000e-01 1.000000000e-01 1.008206445e-05 2.300000000e+00 2.300000000e+00 0.000000000e+00 -3.000000000e+00 -3.000000000e+00 -3.451131494e-15 
d 0.000000000e+00 0.000000000e+00 -1.059333996e-05 1.000000000e-01 1.000000000e-01 1.059333996e-05 2.350000000e+00 2.350000000e+00 0.000000000e+00 -3.000000000e+00 -3.000000000e+00 -3.450607652e-15 
d 0.000000000e+00 0.000000000e+00 -1.110310348e-05 1.000000000e-01 1.000000000e-01 1.110310348e-05 2.400000000e+00 2.400000000e+00 0.000000000e+00 -3.000000000e+00 -3.000000000e+00 -3.450116604e-15 
d 0.000000000e+00 0.000000000e+00 -1.161141206e-05 1.000000000e-01 1.000000000e-01 1.161141207e-05 2.450000000e+00 2.450000000e+00 0.000000000e+00 -3.000000000e+00 -3.000000000e+00 -3.449654847e-15 
d 0.000000000e+00 0.000000000e+00 -1.211832003e-05 1.000000000e-01 1.000000000e-01 1.211832003e-05 2.500000000e+00 2.500000000e+00 0.000000000e+00 -3.000000000e+00 -3.000000000e+00 -3.449219394e-15 
d 0.000000000e+00 0.000000000e+00 -1.262387892e-05 1.000000000e-01 1.000000000e-01 1.262387893e-05 2.550000000e+00 2.550000000e+00 0.000000000e+00 -3.000000000e+00 -3.000000000e+00 -3.448807676e-15 
d 0.000000000e+00 0.000000000e+00 -1.312813758e-05 1.000000000e-01 1.000000000e-01 1.312813759e-05 2.600000000e+00 2.600000000e+00 0.000000000e+00 -3.000000000e+00 -3.000000000e+00 -3.448417470e-15 
d 0.000000000e+00 0.000000000e+00 -1.363114223e-05 1.000000000e-01 1.000000000e-01 1.363114223e-05 2.650000000e+00 2.650000000e+00 0.000000000e+00 -3.000000000e+00 -3.000000000e+00 -3.448046842e-15 
d 0.000000000e+00 0.000000000e+00 -1.413293659e-05 1.000000000e-01 1.000000000e-01 1.413293659e-05 2.700000000e+00 2.700000000e+00 0.000000000e+00 -3.000000000e+00 -3.000000000e+00 -3.447694098e-15 
d 0.000000000e+00 0.000000000e+00 -1.463356202e-05 1.000000000e-01 1.000000000e-01 1.463356202e-05 2.750000000e+00 2.750000000e+00 0.000000000e+00 -3.000000000e+00 -3.000000000e+00 -3.447357747e-15 
d 0.000000000e+00 0.000000000e+00 -1.513305764e-05 1.000000000e-01 1.000000000e-01 1.513305764e-05 2.800000000e+00 2.800000000e+00 0.000000000e+00 -3.000000000e+00 -3.000000000e+00 -3.447036472e-15 
d 0.000000000e+00 0.000000000e+00 -1.563146048e-05 1.000000000e-01 1.000000000e-01 1.563146048e-05 2.850000000e+00 2.850000000e+00 0.000000000e+00 -3.000000000e+00 -3.000000000e+00 -3.446729102e-15 
d 0.000000000e+00 0.000000000e+00 -1.612880561e-05 1.000000000e-01 1.000000000e-01 1.612880561e-05 2.900000000e+00 2.900000000e+00 0.000000000e+00 -3.000000000e+00 -3.000000000e+00 -3.446434593e-15 
d 0.000000000e+00 0.000000000e+00 -1.662512623e-05 1.000000000e-01 1.000000000e-01 1.662512624e-05 2.950000000e+00 2.950000000e+00 0.000000000e+00 -3.000000000e+00 -3.000000000e+00 -3.446152012e-15 
d 0.000000000e+00 0.000000000e+00 -1.712045385e-05 1.000000000e-01 1.000000000e-01 1.712045385e-05 3.000000000e+00 3.000000000e+00 0.000000000e+00 -3.000000000e+00 -3.000000000e+00 -3.445880519e-15 
d 0.000000000e+00 0.000000000e+00 -1.761481833e-05 1.000000000e-01 1.000000000e-01 1.761481833e-05 3.050000000e+00 3.050000000e+00 0.000000000e+00 -3.000000000e+00 -3.000000000e+00 -3.445619357e-15 
d 0.000000000e+00 0.000000000e+00 -1.810824803e-05 1.000000000e-01 1.000000000e-01 1.810824803e-05 3.100000000e+00 3.100000000e+00 0.000000000e+00 -3.000000000e+00 -3.000000000e+00 -3.445367841e-15 
d 0.000000000e+00 0.000000000e+00 -1.860076990e-05 1.000000000e-01 1.000000000e-01 1.860076991e-05 3.150000000e+00 3.150000000e+00 0.000000000e+00 -3.000000000e+00 -3.000000000e+00 -3.445125351e-15 
d 0.000000000e+00 0.000000000e+00 -1.909240957e-05 1.000000000e-01 1.000000000e-01 1.909240957e-05 3.200000000e+00 3.200000000e+00 0.000000000e+00 -3.000000000e+00 -3.000000000e+00 -3.444891321e-15 
d 0.000000000e+00 0.000000000e+00 -1.958319142e-05 1.000000000e-01 1.000000000e-01 1.958319142e-05 3.250000000e+00 3.250000000e+00 0.000000000e+00 -3.000000000e+00 -3.000000000e+00 -3.444665237e-15 
d 0.000000000e+00 0.000000000e+00 -2.007313865e-05 1.000000000e-01 1.000000000e-01 2.007313866e-05 3.300000000e+00 3.300000000e+00 0.000000000e+00 -3.000000000e+00 -3.000000000e+00 -3.444446627e-15 
d 0.000000000e+00 0.000000000e+00 -2.056227341e-05 1.000000000e-01 1.000000000e-01 2.056227341e-05 3.350000000e+00 3.350000000e+00 0.000000000e+00 -3.000000000e+00 -3.000000000e+00 -3.444235059e-15 
d 0.000000000e+00 0.000000000e+00 -2.105061679e-05 1.000000000e-01 1.000000000e-01 2.105061680e-05 3.400000000e+00 3.400000000e+00 0.000000000e+00 -3.000000000e+00 -3.000000000e+00 -3.444030137e-15 
d 0.000000000e+00 0.000000000e+00 -2.153818894e-05 1.000000000e-01 1.000000000e-01 2.153818894e-05 3.450000000e+00 3.450000000e+00 0.000000000e+00 -3.000000000e+00 -3.000000000e+00 -3.443831494e-15 
d 0.000000000e+00 0.000000000e+00 -2.202500909e-05 1.000000000e-01 1.000000000e-01 2.202500909e-05 3.500000000e+00 3.500000000e+00 0.000000000e+00 -3.000000000e+00 -3.000000000e+00 -3.443638795e-15 
d 0.000000000e+00 0.000000000e+00 -2.251109562e-05 1.000000000e-01 1.000000000e-01 2.251109562e-05 3.550000000e+00 3.550000000e+00 0.000000000e+00 -3.000000000e+00 -3.000000000e+00 -3.443451726e-15 
d 0.000000000e+00 0.000000000e+00 -2.299646613e-05 1.000000000e-01 1.000000000e-01 2.299646613e-05 3.600000000e+00 3.600000000e+00 0.000000000e+00 -3.000000000e+00 -3.000000000e+00 -3.443270001e-15 
d 0.000000000e+00 0.000000000e+00 -2.348113744e-05 1.000000000e-01 1.000000000e-01 2.348113744e-05 3.650000000e+00 3.650000000e+00 0.000000000e+00 -3.000000000e+00 -3.000000000e+00 -3.443093351e-15 
d 0.000000000e+00 0.000000000e+00 -2.396512568e-05 1.000000000e-01 1.000000000e-01 2.396512568e-05 3.700000000e+00 3.700000000e+00 0.000000000e+00 -3.000000000e+00 -3.000000000e+00 -3.442921526e-15 
d 0.000000000e+00 0.000000000e+00 -2.444844629e-05 1.000000000e-01 1.000000000e-01 2.444844629e-05 3.750000000e+00 3.750000000e+00 0.000000000e+00 -3.000000000e+00 -3.000000000e+00 -3.442754297e-15 
d 0.000000000e+00 0.000000000e+00 -2.493111409e-05 1.000000000e-01 1.000000000e-01 2.493111409e-05 3.800000000e+00 3.800000000e+00 0.000000000e+00 -3.000000000e+00 -3.000000000e+00 -3.442591447e-15 
d 0.000000000e+00 0.000000000e+00 -2.541314329e-05 1.000000000e-01 1.000000000e-01 2.541314330e-05 3.850000000e+00 3.850000000e+00 0.000000000e+00 -3.000000000e+00 -3.000000000e+00 -3.442432773e-15 
d 0.000000000e+00 0.000000000e+00 -2.589454755e-05 1.000000000e-01 1.000000000e-01 2.589454755e-05 3.900000000e+00 3.900000000e+00 0.000000000e+00 -3.000000000e+00 -3.000000000e+00 -3.442278089e-15 
d 0.000000000e+00 0.000000000e+00 -2.637533997e-05 1.000000000e-01 1.000000000e-01 2.637533997e-05 3.950000000e+00 3.950000000e+00 0.000000000e+00 -3.000000000e+00 -3.000000000e+00 -3.442127216e-15 
d 0.000000000e+00 0.000000000e+00 -2.685553316e-05 1.000000000e-01 1.000000000e-01 2.685553317e-05 4.000000000e+00 4.000000000e+00 0.000000000e+00 -3.000000000e+00 -3.000000000e+00 -3.441979991e-15 
d 0.000000000e+00 0.000000000e+00 -2.733513925e-05 1.000000000e-01 1.000000000e-01 2.733513925e-05 4.050000000e+00 4.050000000e+00 0.000000000e+00 -3.000000000e+00 -3.000000000e+00 -3.441836258e-15 
d 0.000000000e+00 0.000000000e+00 -2.781416989e-05 1.000000000e-01 1.000000000e-01 2.781416990e-05 4.100000000e+00 4.100000000e+00 0.000000000e+00 -3.000000000e+00 -3.000000000e+00 -3.441695870e-15 
d 0.000000000e+00 0.000000000e+00 -2.829263633e-05 1.000000000e-01 1.000000000e-01 2.829263633e-05 4.150000000e+00 4.150000000e+00 0.000000000e+00 -3.000000000e+00 -3.000000000e+00 -3.441558691e-15 
d 0.000000000e+00 0.000000000e+00 -2.877054938e-05 1.000000000e-01 1.000000000e-01 2.877054938e-05 4.200000000e+00 4.200000000e+00 0.000000000e+00 -3.000000000e+00 -3.000000000e+00 -3.441424590e-15 
d 0.000000000e+00 0.000000000e+00 -2.924791946e-05 1.000000000e-01 1.000000000e-01 2.924791947e-05 4.250000000e+00 4.250000000e+00 0.000000000e+00 -3.000000000e+00 -3.000000000e+00 -3.441293448e-15 
d 0.000000000e+00 0.000000000e+00 -2.972475665e-05 1.000000000e-01 1.000000000e-01 2.972475665e-05 4.300000000e+00 4.300000000e+00 0.000000000e+00 -3.000000000e+00 -3.000000000e+00 -3.441165147e-15 
d 0.000000000e+00 0.000000000e+00 -3.020107064e-05 1.000000000e-01 1.000000000e-01 3.020107064e-05 4.350000000e+00 4.350000000e+00 0.000000000e+00 -3.000000000e+00 -3.000000000e+00 -3.441039580e-15 
d 0.000000000e+00 0.000000000e+00 -3.067687079e-05 1.000000000e-01 1.000000000e-01 3.067687079e-05 4.400000000e+00 4.400000000e+00 0.000000000e+00 -3.000000000e+00 -3.000000000e+00 -3.440916643e-15 
d 0.000000000e+00 0.000000000e+00 -3.115216614e-05 1.000000000e-01 1.000000000e-01 3.115216615e-05 4.450000000e+00 4.450000000e+00 0.000000000e+00 -3.000000000e+00 -3.000000000e+00 -3.440796240e-15 
d 0.000000000e+00 0.000000000e+00 -3.162696544e-05 1.000000000e-01 1.000000000e-01 3.162696545e-05 4.500000000e+00 4.500000000e+00 0.000000000e+00 -3.000000000e+00 -3.000000000e+00 -3.440678278e-15 
d 0.000000000e+00 0.000000000e+00 -3.210127713e-05 1.000000000e-01 1.000000000e-01 3.210127713e-05 4.550000000e+00 4.550000000e+00 0.000000000e+00 -3.000000000e+00 -3.000000000e+00 -3.440562669e-15 
d 0.000000000e+00 0.000000000e+00 -3.257510937e-05 1.000000000e-01 1.000000000e-01 3.257510937e-05 4.600000000e+00 4.600000000e+00 0.000000000e+00 -3.000000000e+00 -3.000000000e+00 -3.440449331e-15 
d 0.000000000e+00 0.000000000e+00 -3.304847005e-05 1.000000000e-01 1.000000000e-01 3.304847006e-05 4.650000000e+00 4.650000000e+00 0.000000000e+00 -3.000000000e+00 -3.000000000e+00 -3.440338184e-15 
d 0.000000000e+00 0.000000000e+00 -3.352136683e-05 1.000000000e-01 1.000000000e-01 3.352136683e-05 4.700000000e+00 4.700000000e+00 0.000000000e+00 -3.000000000e+00 -3.000000000e+00 -3.440229154e-15 
d 0.000000000e+00 0.000000000e+00 -3.399380709e-05 1.000000000e-01 1.000000000e-01 3.399380710e-05 4.750000000e+00 4.750000000e+00 0.000000000e+00 -3.000000000e+00 -3.000000000e+00 -3.440122169e-15 
d 0.000000000e+00 0.000000000e+00 -3.446579801e-05 1.000000000e-01 1.000000000e-01 3.446579801e-05 4.800000000e+00 4.800000000e+00 0.000000000e+00 -3.000000000e+00 -3.000000000e+00 -3.440017161e-15 
d 0.000000000e+00 0.000000000e+00 -3.493734652e-05 1.000000000e-01 1.000000000e-01 3.493734653e-05 4.850000000e+00 4.850000000e+00 0.000000000e+00 -3.000000000e+00 -3.000000000e+00 -3.439914066e-15 
d 0.000000000e+00 0.000000000e+00 -3.540845936e-05 1.000000000e-01 1.000000000e-01 3.540845937e-05 4.900000000e+00 4.900000000e+00 0.000000000e+00 -3.000000000e+00 -3.000000000e+00 -3.439812822e-15 
d 0.000000000e+00 0.000000000e+00 -3.587914305e-05 1.000000000e-01 1.000000000e-01 3.587914305e-05 4.950000000e+00 4.950000000e+00 0.000000000e+00 -3.000000000e+00 -3.000000000e+00 -3.439713370e-15 
d 0.000000000e+00 0.000000000e+00 -3.634940390e-05 1.000000000e-01 1.000000000e-01 3.634940391e-05 5.000000000e+00 5.000000000e+00 0.000000000e+00 -3.000000000e+00 -3.000000000e+00 -3.439615654e-15 
