v ATLAS
# This file was created by ATLAS version 5.32.1.R on Mon May 25 22:22:35 2026.
#SSF 2.0 generic
##############################################################################
#                    Copyright (c) 1984 - 2021                               #
#                    Silvaco Inc. All rights reserved                        #
#                                                                            #
# This file format and the following Key are copyright Silvaco Inc.          #
# You may not use, this format or key without reproducing this message in    #
# full and obtaining express written permission from Silvaco Inc.            #
#                                                                            #
# To obtain such permission please contact: Silvaco Inc.                     #
#                                           support@silvaco.com              #
#                                                                            #
# KEY=SVC86hn7562asdx                       PROD=345                         #
##############################################################################
y 3 700 711 15
z 1 0.02 300
f 4 "source" "drain" "gate" "substrate" 
p 12 2 601 20 3 602 21 4 603 22 5 604 23 
d 0.000000000e+00 0.000000000e+00 1.544176979e-15 1.000000000e-01 1.000000000e-01 1.585817087e-15 0.000000000e+00 0.000000000e+00 0.000000000e+00 -1.000000000e+00 -1.000000000e+00 -3.149009669e-15 
d 0.000000000e+00 0.000000000e+00 1.553800700e-15 1.000000000e-01 1.000000000e-01 1.614831439e-15 5.000000000e-02 5.000000000e-02 0.000000000e+00 -1.000000000e+00 -1.000000000e+00 -3.173234263e-15 
d 0.000000000e+00 0.000000000e+00 1.575025430e-15 1.000000000e-01 1.000000000e-01 1.618156560e-15 1.000000000e-01 1.000000000e-01 0.000000000e+00 -1.000000000e+00 -1.000000000e+00 -3.193455131e-15 
d 0.000000000e+00 0.000000000e+00 1.553792948e-15 1.000000000e-01 1.000000000e-01 1.652929398e-15 1.500000000e-01 1.500000000e-01 0.000000000e+00 -1.000000000e+00 -1.000000000e+00 -3.212801946e-15 
d 0.000000000e+00 0.000000000e+00 1.455032211e-15 1.000000000e-01 1.000000000e-01 1.765953769e-15 2.000000000e-01 2.000000000e-01 0.000000000e+00 -1.000000000e+00 -1.000000000e+00 -3.233323814e-15 
d 0.000000000e+00 0.000000000e+00 1.049444824e-15 1.000000000e-01 1.000000000e-01 2.196904440e-15 2.500000000e-01 2.500000000e-01 0.000000000e+00 -1.000000000e+00 -1.000000000e+00 -3.256153526e-15 
d 0.000000000e+00 0.000000000e+00 -1.003753409e-15 1.000000000e-01 1.000000000e-01 4.262769221e-15 3.000000000e-01 3.000000000e-01 0.000000000e+00 -1.000000000e+00 -1.000000000e+00 -3.281442513e-15 
d 0.000000000e+00 0.000000000e+00 -1.071906911e-14 1.000000000e-01 1.000000000e-01 1.401594750e-14 3.500000000e-01 3.500000000e-01 0.000000000e+00 -1.000000000e+00 -1.000000000e+00 -3.307728018e-15 
d 0.000000000e+00 0.000000000e+00 -5.696773252e-14 1.000000000e-01 1.000000000e-01 6.028464078e-14 4.000000000e-01 4.000000000e-01 0.000000000e+00 -1.000000000e+00 -1.000000000e+00 -3.330787922e-15 
d 0.000000000e+00 0.000000000e+00 -2.767610327e-13 1.000000000e-01 1.000000000e-01 2.800920002e-13 4.500000000e-01 4.500000000e-01 0.000000000e+00 -1.000000000e+00 -1.000000000e+00 -3.343842029e-15 
d 0.000000000e+00 0.000000000e+00 -1.320787108e-12 1.000000000e-01 1.000000000e-01 1.324110749e-12 5.000000000e-01 5.000000000e-01 0.000000000e+00 -1.000000000e+00 -1.000000000e+00 -3.342746311e-15 
d 0.000000000e+00 0.000000000e+00 -6.277909230e-12 1.000000000e-01 1.000000000e-01 6.281222046e-12 5.500000000e-01 5.500000000e-01 0.000000000e+00 -1.000000000e+00 -1.000000000e+00 -3.329898387e-15 
d 0.000000000e+00 0.000000000e+00 -2.979140130e-11 1.000000000e-01 1.000000000e-01 2.979467900e-11 6.000000000e-01 6.000000000e-01 0.000000000e+00 -1.000000000e+00 -1.000000000e+00 -3.308549084e-15 
d 0.000000000e+00 0.000000000e+00 -1.410948410e-10 1.000000000e-01 1.000000000e-01 1.410980955e-10 6.500000000e-01 6.500000000e-01 0.000000000e+00 -1.000000000e+00 -1.000000000e+00 -3.280327641e-15 
d 0.000000000e+00 0.000000000e+00 -6.653722460e-10 1.000000000e-01 1.000000000e-01 6.653754906e-10 7.000000000e-01 7.000000000e-01 0.000000000e+00 -1.000000000e+00 -1.000000000e+00 -3.246896031e-15 
d 0.000000000e+00 0.000000000e+00 -3.100848222e-09 1.000000000e-01 1.000000000e-01 3.100851448e-09 7.500000000e-01 7.500000000e-01 0.000000000e+00 -1.000000000e+00 -1.000000000e+00 -3.210583904e-15 
d 0.000000000e+00 0.000000000e+00 -1.393307654e-08 1.000000000e-01 1.000000000e-01 1.393307971e-08 8.000000000e-01 8.000000000e-01 0.000000000e+00 -1.000000000e+00 -1.000000000e+00 -3.173658659e-15 
d 0.000000000e+00 0.000000000e+00 -5.636179880e-08 1.000000000e-01 1.000000000e-01 5.636180192e-08 8.500000000e-01 8.500000000e-01 0.000000000e+00 -1.000000000e+00 -1.000000000e+00 -3.140183302e-15 
d 0.000000000e+00 0.000000000e+00 -1.830830129e-07 1.000000000e-01 1.000000000e-01 1.830830160e-07 9.000000000e-01 9.000000000e-01 0.000000000e+00 -1.000000000e+00 -1.000000000e+00 -3.112859194e-15 
d 0.000000000e+00 0.000000000e+00 -4.462461322e-07 1.000000000e-01 1.000000000e-01 4.462461353e-07 9.500000000e-01 9.500000000e-01 0.000000000e+00 -1.000000000e+00 -1.000000000e+00 -3.091885682e-15 
d 0.000000000e+00 0.000000000e+00 -8.421161801e-07 1.000000000e-01 1.000000000e-01 8.421161832e-07 1.000000000e+00 1.000000000e+00 0.000000000e+00 -1.000000000e+00 -1.000000000e+00 -3.076853167e-15 
d 0.000000000e+00 0.000000000e+00 -1.323960824e-06 1.000000000e-01 1.000000000e-01 1.323960827e-06 1.050000000e+00 1.050000000e+00 0.000000000e+00 -1.000000000e+00 -1.000000000e+00 -3.066297039e-15 
d 0.000000000e+00 0.000000000e+00 -1.849813490e-06 1.000000000e-01 1.000000000e-01 1.849813493e-06 1.100000000e+00 1.100000000e+00 0.000000000e+00 -1.000000000e+00 -1.000000000e+00 -3.058693131e-15 
d 0.000000000e+00 0.000000000e+00 -2.396251956e-06 1.000000000e-01 1.000000000e-01 2.396251956e-06 1.150000000e+00 1.150000000e+00 0.000000000e+00 -1.000000000e+00 -1.000000000e+00 -3.052486347e-15 
d 0.000000000e+00 0.000000000e+00 -2.951825747e-06 1.000000000e-01 1.000000000e-01 2.951825749e-06 1.200000000e+00 1.200000000e+00 0.000000000e+00 -1.000000000e+00 -1.000000000e+00 -3.048401745e-15 
d 0.000000000e+00 0.000000000e+00 -3.510917600e-06 1.000000000e-01 1.000000000e-01 3.510917602e-06 1.250000000e+00 1.250000000e+00 0.000000000e+00 -1.000000000e+00 -1.000000000e+00 -3.044869233e-15 
d 0.000000000e+00 0.000000000e+00 -4.070660398e-06 1.000000000e-01 1.000000000e-01 4.070660400e-06 1.300000000e+00 1.300000000e+00 0.000000000e+00 -1.000000000e+00 -1.000000000e+00 -3.041887958e-15 
d 0.000000000e+00 0.000000000e+00 -4.629538542e-06 1.000000000e-01 1.000000000e-01 4.629538544e-06 1.350000000e+00 1.350000000e+00 0.000000000e+00 -1.000000000e+00 -1.000000000e+00 -3.039349619e-15 
d 0.000000000e+00 0.000000000e+00 -5.186735831e-06 1.000000000e-01 1.000000000e-01 5.186735834e-06 1.400000000e+00 1.400000000e+00 0.000000000e+00 -1.000000000e+00 -1.000000000e+00 -3.037158710e-15 
d 0.000000000e+00 0.000000000e+00 -5.741815946e-06 1.000000000e-01 1.000000000e-01 5.741815948e-06 1.450000000e+00 1.450000000e+00 0.000000000e+00 -1.000000000e+00 -1.000000000e+00 -3.035243355e-15 
d 0.000000000e+00 0.000000000e+00 -6.294557214e-06 1.000000000e-01 1.000000000e-01 6.294557217e-06 1.500000000e+00 1.500000000e+00 0.000000000e+00 -1.000000000e+00 -1.000000000e+00 -3.033550280e-15 
d 0.000000000e+00 0.000000000e+00 -6.844862910e-06 1.000000000e-01 1.000000000e-01 6.844862913e-06 1.550000000e+00 1.550000000e+00 0.000000000e+00 -1.000000000e+00 -1.000000000e+00 -3.032039466e-15 
d 0.000000000e+00 0.000000000e+00 -7.392710476e-06 1.000000000e-01 1.000000000e-01 7.392710479e-06 1.600000000e+00 1.600000000e+00 0.000000000e+00 -1.000000000e+00 -1.000000000e+00 -3.030680296e-15 
d 0.000000000e+00 0.000000000e+00 -7.938121780e-06 1.000000000e-01 1.000000000e-01 7.938121783e-06 1.650000000e+00 1.650000000e+00 0.000000000e+00 -1.000000000e+00 -1.000000000e+00 -3.029448911e-15 
d 0.000000000e+00 0.000000000e+00 -8.481145165e-06 1.000000000e-01 1.000000000e-01 8.481145168e-06 1.700000000e+00 1.700000000e+00 0.000000000e+00 -1.000000000e+00 -1.000000000e+00 -3.028326406e-15 
d 0.000000000e+00 0.000000000e+00 -9.021844392e-06 1.000000000e-01 1.000000000e-01 9.021844395e-06 1.750000000e+00 1.750000000e+00 0.000000000e+00 -1.000000000e+00 -1.000000000e+00 -3.027297583e-15 
d 0.000000000e+00 0.000000000e+00 -9.560291691e-06 1.000000000e-01 1.000000000e-01 9.560291694e-06 1.800000000e+00 1.800000000e+00 0.000000000e+00 -1.000000000e+00 -1.000000000e+00 -3.026350057e-15 
d 0.000000000e+00 0.000000000e+00 -1.009656336e-05 1.000000000e-01 1.000000000e-01 1.009656336e-05 1.850000000e+00 1.850000000e+00 0.000000000e+00 -1.000000000e+00 -1.000000000e+00 -3.025473627e-15 
d 0.000000000e+00 0.000000000e+00 -1.063073694e-05 1.000000000e-01 1.000000000e-01 1.063073694e-05 1.900000000e+00 1.900000000e+00 0.000000000e+00 -1.000000000e+00 -1.000000000e+00 -3.024659794e-15 
d 0.000000000e+00 0.000000000e+00 -1.116288944e-05 1.000000000e-01 1.000000000e-01 1.116288944e-05 1.950000000e+00 1.950000000e+00 0.000000000e+00 -1.000000000e+00 -1.000000000e+00 -3.023901420e-15 
d 0.000000000e+00 0.000000000e+00 -1.169309618e-05 1.000000000e-01 1.000000000e-01 1.169309619e-05 2.000000000e+00 2.000000000e+00 0.000000000e+00 -1.000000000e+00 -1.000000000e+00 -3.023192454e-15 
d 0.000000000e+00 0.000000000e+00 -1.222143014e-05 1.000000000e-01 1.000000000e-01 1.222143014e-05 2.050000000e+00 2.050000000e+00 0.000000000e+00 -1.000000000e+00 -1.000000000e+00 -3.022527729e-15 
d 0.000000000e+00 0.000000000e+00 -1.274796150e-05 1.000000000e-01 1.000000000e-01 1.274796151e-05 2.100000000e+00 2.100000000e+00 0.000000000e+00 -1.000000000e+00 -1.000000000e+00 -3.021902805e-15 
d 0.000000000e+00 0.000000000e+00 -1.327275748e-05 1.000000000e-01 1.000000000e-01 1.327275749e-05 2.150000000e+00 2.150000000e+00 0.000000000e+00 -1.000000000e+00 -1.000000000e+00 -3.021313837e-15 
d 0.000000000e+00 0.000000000e+00 -1.379588223e-05 1.000000000e-01 1.000000000e-01 1.379588223e-05 2.200000000e+00 2.200000000e+00 0.000000000e+00 -1.000000000e+00 -1.000000000e+00 -3.020757484e-15 
d 0.000000000e+00 0.000000000e+00 -1.431739681e-05 1.000000000e-01 1.000000000e-01 1.431739681e-05 2.250000000e+00 2.250000000e+00 0.000000000e+00 -1.000000000e+00 -1.000000000e+00 -3.020230820e-15 
d 0.000000000e+00 0.000000000e+00 -1.483735931e-05 1.000000000e-01 1.000000000e-01 1.483735931e-05 2.300000000e+00 2.300000000e+00 0.000000000e+00 -1.000000000e+00 -1.000000000e+00 -3.019731274e-15 
d 0.000000000e+00 0.000000000e+00 -1.535582487e-05 1.000000000e-01 1.000000000e-01 1.535582487e-05 2.350000000e+00 2.350000000e+00 0.000000000e+00 -1.000000000e+00 -1.000000000e+00 -3.019256575e-15 
d 0.000000000e+00 0.000000000e+00 -1.587284586e-05 1.000000000e-01 1.000000000e-01 1.587284586e-05 2.400000000e+00 2.400000000e+00 0.000000000e+00 -1.000000000e+00 -1.000000000e+00 -3.018804709e-15 
d 0.000000000e+00 0.000000000e+00 -1.638847195e-05 1.000000000e-01 1.000000000e-01 1.638847195e-05 2.450000000e+00 2.450000000e+00 0.000000000e+00 -1.000000000e+00 -1.000000000e+00 -3.018373884e-15 
d 0.000000000e+00 0.000000000e+00 -1.690275029e-05 1.000000000e-01 1.000000000e-01 1.690275029e-05 2.500000000e+00 2.500000000e+00 0.000000000e+00 -1.000000000e+00 -1.000000000e+00 -3.017962497e-15 
d 0.000000000e+00 0.000000000e+00 -1.741572560e-05 1.000000000e-01 1.000000000e-01 1.741572560e-05 2.550000000e+00 2.550000000e+00 0.000000000e+00 -1.000000000e+00 -1.000000000e+00 -3.017569111e-15 
d 0.000000000e+00 0.000000000e+00 -1.792744034e-05 1.000000000e-01 1.000000000e-01 1.792744034e-05 2.600000000e+00 2.600000000e+00 0.000000000e+00 -1.000000000e+00 -1.000000000e+00 -3.017192434e-15 
d 0.000000000e+00 0.000000000e+00 -1.843793482e-05 1.000000000e-01 1.000000000e-01 1.843793482e-05 2.650000000e+00 2.650000000e+00 0.000000000e+00 -1.000000000e+00 -1.000000000e+00 -3.016831298e-15 
d 0.000000000e+00 0.000000000e+00 -1.894724733e-05 1.000000000e-01 1.000000000e-01 1.894724733e-05 2.700000000e+00 2.700000000e+00 0.000000000e+00 -1.000000000e+00 -1.000000000e+00 -3.016484649e-15 
d 0.000000000e+00 0.000000000e+00 -1.945541424e-05 1.000000000e-01 1.000000000e-01 1.945541424e-05 2.750000000e+00 2.750000000e+00 0.000000000e+00 -1.000000000e+00 -1.000000000e+00 -3.016151527e-15 
d 0.000000000e+00 0.000000000e+00 -1.996247016e-05 1.000000000e-01 1.000000000e-01 1.996247016e-05 2.800000000e+00 2.800000000e+00 0.000000000e+00 -1.000000000e+00 -1.000000000e+00 -3.015831061e-15 
d 0.000000000e+00 0.000000000e+00 -2.046844797e-05 1.000000000e-01 1.000000000e-01 2.046844798e-05 2.850000000e+00 2.850000000e+00 0.000000000e+00 -1.000000000e+00 -1.000000000e+00 -3.015522455e-15 
d 0.000000000e+00 0.000000000e+00 -2.097337901e-05 1.000000000e-01 1.000000000e-01 2.097337902e-05 2.900000000e+00 2.900000000e+00 0.000000000e+00 -1.000000000e+00 -1.000000000e+00 -3.015224983e-15 
d 0.000000000e+00 0.000000000e+00 -2.147729310e-05 1.000000000e-01 1.000000000e-01 2.147729311e-05 2.950000000e+00 2.950000000e+00 0.000000000e+00 -1.000000000e+00 -1.000000000e+00 -3.014937978e-15 
d 0.000000000e+00 0.000000000e+00 -2.198021867e-05 1.000000000e-01 1.000000000e-01 2.198021867e-05 3.000000000e+00 3.000000000e+00 0.000000000e+00 -1.000000000e+00 -1.000000000e+00 -3.014660828e-15 
d 0.000000000e+00 0.000000000e+00 -2.248218280e-05 1.000000000e-01 1.000000000e-01 2.248218281e-05 3.050000000e+00 3.050000000e+00 0.000000000e+00 -1.000000000e+00 -1.000000000e+00 -3.014392970e-15 
d 0.000000000e+00 0.000000000e+00 -2.298321138e-05 1.000000000e-01 1.000000000e-01 2.298321138e-05 3.100000000e+00 3.100000000e+00 0.000000000e+00 -1.000000000e+00 -1.000000000e+00 -3.014133886e-15 
d 0.000000000e+00 0.000000000e+00 -2.348332907e-05 1.000000000e-01 1.000000000e-01 2.348332908e-05 3.150000000e+00 3.150000000e+00 0.000000000e+00 -1.000000000e+00 -1.000000000e+00 -3.013883097e-15 
d 0.000000000e+00 0.000000000e+00 -2.398255947e-05 1.000000000e-01 1.000000000e-01 2.398255948e-05 3.200000000e+00 3.200000000e+00 0.000000000e+00 -1.000000000e+00 -1.000000000e+00 -3.013640159e-15 
d 0.000000000e+00 0.000000000e+00 -2.448092513e-05 1.000000000e-01 1.000000000e-01 2.448092513e-05 3.250000000e+00 3.250000000e+00 0.000000000e+00 -1.000000000e+00 -1.000000000e+00 -3.013404660e-15 
d 0.000000000e+00 0.000000000e+00 -2.497844759e-05 1.000000000e-01 1.000000000e-01 2.497844759e-05 3.300000000e+00 3.300000000e+00 0.000000000e+00 -1.000000000e+00 -1.000000000e+00 -3.013176221e-15 
d 0.000000000e+00 0.000000000e+00 -2.547514750e-05 1.000000000e-01 1.000000000e-01 2.547514750e-05 3.350000000e+00 3.350000000e+00 0.000000000e+00 -1.000000000e+00 -1.000000000e+00 -3.012954487e-15 
d 0.000000000e+00 0.000000000e+00 -2.597104462e-05 1.000000000e-01 1.000000000e-01 2.597104462e-05 3.400000000e+00 3.400000000e+00 0.000000000e+00 -1.000000000e+00 -1.000000000e+00 -3.012739127e-15 
d 0.000000000e+00 0.000000000e+00 -2.646615788e-05 1.000000000e-01 1.000000000e-01 2.646615788e-05 3.450000000e+00 3.450000000e+00 0.000000000e+00 -1.000000000e+00 -1.000000000e+00 -3.012529834e-15 
d 0.000000000e+00 0.000000000e+00 -2.696050543e-05 1.000000000e-01 1.000000000e-01 2.696050543e-05 3.500000000e+00 3.500000000e+00 0.000000000e+00 -1.000000000e+00 -1.000000000e+00 -3.012326321e-15 
d 0.000000000e+00 0.000000000e+00 -2.745410469e-05 1.000000000e-01 1.000000000e-01 2.745410469e-05 3.550000000e+00 3.550000000e+00 0.000000000e+00 -1.000000000e+00 -1.000000000e+00 -3.012128320e-15 
d 0.000000000e+00 0.000000000e+00 -2.794697237e-05 1.000000000e-01 1.000000000e-01 2.794697237e-05 3.600000000e+00 3.600000000e+00 0.000000000e+00 -1.000000000e+00 -1.000000000e+00 -3.011935578e-15 
d 0.000000000e+00 0.000000000e+00 -2.843912452e-05 1.000000000e-01 1.000000000e-01 2.843912453e-05 3.650000000e+00 3.650000000e+00 0.000000000e+00 -1.000000000e+00 -1.000000000e+00 -3.011747861e-15 
d 0.000000000e+00 0.000000000e+00 -2.893057657e-05 1.000000000e-01 1.000000000e-01 2.893057657e-05 3.700000000e+00 3.700000000e+00 0.000000000e+00 -1.000000000e+00 -1.000000000e+00 -3.011564947e-15 
d 0.000000000e+00 0.000000000e+00 -2.942134333e-05 1.000000000e-01 1.000000000e-01 2.942134333e-05 3.750000000e+00 3.750000000e+00 0.000000000e+00 -1.000000000e+00 -1.000000000e+00 -3.011386630e-15 
d 0.000000000e+00 0.000000000e+00 -2.991143908e-05 1.000000000e-01 1.000000000e-01 2.991143908e-05 3.800000000e+00 3.800000000e+00 0.000000000e+00 -1.000000000e+00 -1.000000000e+00 -3.011212713e-15 
d 0.000000000e+00 0.000000000e+00 -3.040087752e-05 1.000000000e-01 1.000000000e-01 3.040087753e-05 3.850000000e+00 3.850000000e+00 0.000000000e+00 -1.000000000e+00 -1.000000000e+00 -3.011043014e-15 
d 0.000000000e+00 0.000000000e+00 -3.088967189e-05 1.000000000e-01 1.000000000e-01 3.088967189e-05 3.900000000e+00 3.900000000e+00 0.000000000e+00 -1.000000000e+00 -1.000000000e+00 -3.010877359e-15 
d 0.000000000e+00 0.000000000e+00 -3.137783490e-05 1.000000000e-01 1.000000000e-01 3.137783490e-05 3.950000000e+00 3.950000000e+00 0.000000000e+00 -1.000000000e+00 -1.000000000e+00 -3.010715585e-15 
d 0.000000000e+00 0.000000000e+00 -3.186537883e-05 1.000000000e-01 1.000000000e-01 3.186537883e-05 4.000000000e+00 4.000000000e+00 0.000000000e+00 -1.000000000e+00 -1.000000000e+00 -3.010557537e-15 
d 0.000000000e+00 0.000000000e+00 -3.235231550e-05 1.000000000e-01 1.000000000e-01 3.235231550e-05 4.050000000e+00 4.050000000e+00 0.000000000e+00 -1.000000000e+00 -1.000000000e+00 -3.010403071e-15 
d 0.000000000e+00 0.000000000e+00 -3.283865632e-05 1.000000000e-01 1.000000000e-01 3.283865633e-05 4.100000000e+00 4.100000000e+00 0.000000000e+00 -1.000000000e+00 -1.000000000e+00 -3.010252047e-15 
d 0.000000000e+00 0.000000000e+00 -3.332441231e-05 1.000000000e-01 1.000000000e-01 3.332441232e-05 4.150000000e+00 4.150000000e+00 0.000000000e+00 -1.000000000e+00 -1.000000000e+00 -3.010104337e-15 
d 0.000000000e+00 0.000000000e+00 -3.380959410e-05 1.000000000e-01 1.000000000e-01 3.380959411e-05 4.200000000e+00 4.200000000e+00 0.000000000e+00 -1.000000000e+00 -1.000000000e+00 -3.009959816e-15 
d 0.000000000e+00 0.000000000e+00 -3.429421197e-05 1.000000000e-01 1.000000000e-01 3.429421197e-05 4.250000000e+00 4.250000000e+00 0.000000000e+00 -1.000000000e+00 -1.000000000e+00 -3.009818367e-15 
d 0.000000000e+00 0.000000000e+00 -3.477827583e-05 1.000000000e-01 1.000000000e-01 3.477827583e-05 4.300000000e+00 4.300000000e+00 0.000000000e+00 -1.000000000e+00 -1.000000000e+00 -3.009679879e-15 
d 0.000000000e+00 0.000000000e+00 -3.526179528e-05 1.000000000e-01 1.000000000e-01 3.526179528e-05 4.350000000e+00 4.350000000e+00 0.000000000e+00 -1.000000000e+00 -1.000000000e+00 -3.009544246e-15 
d 0.000000000e+00 0.000000000e+00 -3.574477961e-05 1.000000000e-01 1.000000000e-01 3.574477961e-05 4.400000000e+00 4.400000000e+00 0.000000000e+00 -1.000000000e+00 -1.000000000e+00 -3.009411368e-15 
d 0.000000000e+00 0.000000000e+00 -3.622723778e-05 1.000000000e-01 1.000000000e-01 3.622723778e-05 4.450000000e+00 4.450000000e+00 0.000000000e+00 -1.000000000e+00 -1.000000000e+00 -3.009281150e-15 
d 0.000000000e+00 0.000000000e+00 -3.670917850e-05 1.000000000e-01 1.000000000e-01 3.670917850e-05 4.500000000e+00 4.500000000e+00 0.000000000e+00 -1.000000000e+00 -1.000000000e+00 -3.009153500e-15 
d 0.000000000e+00 0.000000000e+00 -3.719061018e-05 1.000000000e-01 1.000000000e-01 3.719061018e-05 4.550000000e+00 4.550000000e+00 0.000000000e+00 -1.000000000e+00 -1.000000000e+00 -3.009028332e-15 
d 0.000000000e+00 0.000000000e+00 -3.767154096e-05 1.000000000e-01 1.000000000e-01 3.767154097e-05 4.600000000e+00 4.600000000e+00 0.000000000e+00 -1.000000000e+00 -1.000000000e+00 -3.008905564e-15 
d 0.000000000e+00 0.000000000e+00 -3.815197875e-05 1.000000000e-01 1.000000000e-01 3.815197876e-05 4.650000000e+00 4.650000000e+00 0.000000000e+00 -1.000000000e+00 -1.000000000e+00 -3.008785116e-15 
d 0.000000000e+00 0.000000000e+00 -3.863193121e-05 1.000000000e-01 1.000000000e-01 3.863193121e-05 4.700000000e+00 4.700000000e+00 0.000000000e+00 -1.000000000e+00 -1.000000000e+00 -3.008666915e-15 
d 0.000000000e+00 0.000000000e+00 -3.911140575e-05 1.000000000e-01 1.000000000e-01 3.911140576e-05 4.750000000e+00 4.750000000e+00 0.000000000e+00 -1.000000000e+00 -1.000000000e+00 -3.008550887e-15 
d 0.000000000e+00 0.000000000e+00 -3.959040958e-05 1.000000000e-01 1.000000000e-01 3.959040959e-05 4.800000000e+00 4.800000000e+00 0.000000000e+00 -1.000000000e+00 -1.000000000e+00 -3.008436965e-15 
d 0.000000000e+00 0.000000000e+00 -4.006894969e-05 1.000000000e-01 1.000000000e-01 4.006894969e-05 4.850000000e+00 4.850000000e+00 0.000000000e+00 -1.000000000e+00 -1.000000000e+00 -3.008325083e-15 
d 0.000000000e+00 0.000000000e+00 -4.054703285e-05 1.000000000e-01 1.000000000e-01 4.054703286e-05 4.900000000e+00 4.900000000e+00 0.000000000e+00 -1.000000000e+00 -1.000000000e+00 -3.008215178e-15 
d 0.000000000e+00 0.000000000e+00 -4.102466566e-05 1.000000000e-01 1.000000000e-01 4.102466566e-05 4.950000000e+00 4.950000000e+00 0.000000000e+00 -1.000000000e+00 -1.000000000e+00 -3.008107190e-15 
d 0.000000000e+00 0.000000000e+00 -4.150185451e-05 1.000000000e-01 1.000000000e-01 4.150185451e-05 5.000000000e+00 5.000000000e+00 0.000000000e+00 -1.000000000e+00 -1.000000000e+00 -3.008001063e-15 
