v ATLAS
# This file was created by ATLAS version 5.32.1.R on Mon May 25 22:20:27 2026.
#SSF 2.0 generic
##############################################################################
#                    Copyright (c) 1984 - 2021                               #
#                    Silvaco Inc. All rights reserved                        #
#                                                                            #
# This file format and the following Key are copyright Silvaco Inc.          #
# You may not use, this format or key without reproducing this message in    #
# full and obtaining express written permission from Silvaco Inc.            #
#                                                                            #
# To obtain such permission please contact: Silvaco Inc.                     #
#                                           support@silvaco.com              #
#                                                                            #
# KEY=SVC86hn7562asdx                       PROD=345                         #
##############################################################################
y 3 700 711 15
z 1 0.02 300
f 4 "source" "drain" "gate" "substrate" 
p 12 2 601 20 3 602 21 4 603 22 5 604 23 
d 0.000000000e+00 0.000000000e+00 -7.008085409e-16 1.000000000e-01 1.000000000e-01 1.061603487e-15 0.000000000e+00 0.000000000e+00 0.000000000e+00 0.000000000e+00 0.000000000e+00 -3.591313356e-16 
d 0.000000000e+00 0.000000000e+00 -2.554133526e-15 1.000000000e-01 1.000000000e-01 2.920056689e-15 5.000000000e-02 5.000000000e-02 0.000000000e+00 0.000000000e+00 0.000000000e+00 -3.744872220e-16 
d 0.000000000e+00 0.000000000e+00 -9.871528311e-15 1.000000000e-01 1.000000000e-01 1.026705408e-14 1.000000000e-01 1.000000000e-01 0.000000000e+00 0.000000000e+00 0.000000000e+00 -3.959067022e-16 
d 0.000000000e+00 0.000000000e+00 -3.957419410e-14 1.000000000e-01 1.000000000e-01 3.998082441e-14 1.500000000e-01 1.500000000e-01 0.000000000e+00 0.000000000e+00 0.000000000e+00 -4.271124280e-16 
d 0.000000000e+00 0.000000000e+00 -1.629536803e-13 1.000000000e-01 1.000000000e-01 1.634037929e-13 2.000000000e-01 2.000000000e-01 0.000000000e+00 0.000000000e+00 0.000000000e+00 -4.661858881e-16 
d 0.000000000e+00 0.000000000e+00 -6.863766169e-13 1.000000000e-01 1.000000000e-01 6.868755494e-13 2.500000000e-01 2.500000000e-01 0.000000000e+00 0.000000000e+00 0.000000000e+00 -4.985372240e-16 
d 0.000000000e+00 0.000000000e+00 -2.944066244e-12 1.000000000e-01 1.000000000e-01 2.944559284e-12 3.000000000e-01 3.000000000e-01 0.000000000e+00 0.000000000e+00 0.000000000e+00 -5.139663964e-16 
d 0.000000000e+00 0.000000000e+00 -1.281785217e-11 1.000000000e-01 1.000000000e-01 1.281837718e-11 3.500000000e-01 3.500000000e-01 0.000000000e+00 0.000000000e+00 0.000000000e+00 -5.185115215e-16 
d 0.000000000e+00 0.000000000e+00 -5.650000147e-11 1.000000000e-01 1.000000000e-01 5.650049190e-11 4.000000000e-01 4.000000000e-01 0.000000000e+00 0.000000000e+00 0.000000000e+00 -5.201913877e-16 
d 0.000000000e+00 0.000000000e+00 -2.514497338e-10 1.000000000e-01 1.000000000e-01 2.514502356e-10 4.500000000e-01 4.500000000e-01 0.000000000e+00 0.000000000e+00 0.000000000e+00 -5.219002161e-16 
d 0.000000000e+00 0.000000000e+00 -1.124668476e-09 1.000000000e-01 1.000000000e-01 1.124668981e-09 5.000000000e-01 5.000000000e-01 0.000000000e+00 0.000000000e+00 0.000000000e+00 -5.241960188e-16 
d 0.000000000e+00 0.000000000e+00 -4.997898671e-09 1.000000000e-01 1.000000000e-01 4.997899197e-09 5.500000000e-01 5.500000000e-01 0.000000000e+00 0.000000000e+00 0.000000000e+00 -5.276399240e-16 
d 0.000000000e+00 0.000000000e+00 -2.133667672e-08 1.000000000e-01 1.000000000e-01 2.133667726e-08 6.000000000e-01 6.000000000e-01 0.000000000e+00 0.000000000e+00 0.000000000e+00 -5.339768471e-16 
d 0.000000000e+00 0.000000000e+00 -8.054154222e-08 1.000000000e-01 1.000000000e-01 8.054154275e-08 6.500000000e-01 6.500000000e-01 0.000000000e+00 0.000000000e+00 0.000000000e+00 -5.459715781e-16 
d 0.000000000e+00 0.000000000e+00 -2.401875919e-07 1.000000000e-01 1.000000000e-01 2.401875925e-07 7.000000000e-01 7.000000000e-01 0.000000000e+00 0.000000000e+00 0.000000000e+00 -5.695512030e-16 
d 0.000000000e+00 0.000000000e+00 -5.423804984e-07 1.000000000e-01 1.000000000e-01 5.423804990e-07 7.500000000e-01 7.500000000e-01 0.000000000e+00 0.000000000e+00 0.000000000e+00 -5.905799760e-16 
d 0.000000000e+00 0.000000000e+00 -9.705259493e-07 1.000000000e-01 1.000000000e-01 9.705259499e-07 8.000000000e-01 8.000000000e-01 0.000000000e+00 0.000000000e+00 0.000000000e+00 -6.157271970e-16 
d 0.000000000e+00 0.000000000e+00 -1.476783590e-06 1.000000000e-01 1.000000000e-01 1.476783590e-06 8.500000000e-01 8.500000000e-01 0.000000000e+00 0.000000000e+00 0.000000000e+00 -6.299788282e-16 
d 0.000000000e+00 0.000000000e+00 -2.023090523e-06 1.000000000e-01 1.000000000e-01 2.023090523e-06 9.000000000e-01 9.000000000e-01 0.000000000e+00 0.000000000e+00 0.000000000e+00 -6.394263666e-16 
d 0.000000000e+00 0.000000000e+00 -2.588417267e-06 1.000000000e-01 1.000000000e-01 2.588417267e-06 9.500000000e-01 9.500000000e-01 0.000000000e+00 0.000000000e+00 0.000000000e+00 -6.455860818e-16 
d 0.000000000e+00 0.000000000e+00 -3.162158282e-06 1.000000000e-01 1.000000000e-01 3.162158278e-06 1.000000000e+00 1.000000000e+00 0.000000000e+00 0.000000000e+00 0.000000000e+00 2.117705755e-14 
d 0.000000000e+00 0.000000000e+00 -3.738905003e-06 1.000000000e-01 1.000000000e-01 3.738905001e-06 1.050000000e+00 1.050000000e+00 0.000000000e+00 0.000000000e+00 0.000000000e+00 5.061499341e-15 
d 0.000000000e+00 0.000000000e+00 -4.315806972e-06 1.000000000e-01 1.000000000e-01 4.315806971e-06 1.100000000e+00 1.100000000e+00 0.000000000e+00 0.000000000e+00 0.000000000e+00 1.046267348e-15 
d 0.000000000e+00 0.000000000e+00 -4.891322438e-06 1.000000000e-01 1.000000000e-01 4.891322437e-06 1.150000000e+00 1.150000000e+00 0.000000000e+00 0.000000000e+00 0.000000000e+00 -8.747198442e-17 
d 0.000000000e+00 0.000000000e+00 -5.464611678e-06 1.000000000e-01 1.000000000e-01 5.464611677e-06 1.200000000e+00 1.200000000e+00 0.000000000e+00 0.000000000e+00 0.000000000e+00 -4.476808270e-16 
d 0.000000000e+00 0.000000000e+00 -6.035227417e-06 1.000000000e-01 1.000000000e-01 6.035227417e-06 1.250000000e+00 1.250000000e+00 0.000000000e+00 0.000000000e+00 0.000000000e+00 -5.748550358e-16 
d 0.000000000e+00 0.000000000e+00 -6.602949095e-06 1.000000000e-01 1.000000000e-01 6.602949095e-06 1.300000000e+00 1.300000000e+00 0.000000000e+00 0.000000000e+00 0.000000000e+00 -6.241832448e-16 
d 0.000000000e+00 0.000000000e+00 -7.167690210e-06 1.000000000e-01 1.000000000e-01 7.167690210e-06 1.350000000e+00 1.350000000e+00 0.000000000e+00 0.000000000e+00 0.000000000e+00 -6.450393088e-16 
d 0.000000000e+00 0.000000000e+00 -7.729444629e-06 1.000000000e-01 1.000000000e-01 7.729444629e-06 1.400000000e+00 1.400000000e+00 0.000000000e+00 0.000000000e+00 0.000000000e+00 -6.546174884e-16 
d 0.000000000e+00 0.000000000e+00 -8.288254492e-06 1.000000000e-01 1.000000000e-01 8.288254493e-06 1.450000000e+00 1.450000000e+00 0.000000000e+00 0.000000000e+00 0.000000000e+00 -6.593989015e-16 
d 0.000000000e+00 0.000000000e+00 -8.844190596e-06 1.000000000e-01 1.000000000e-01 8.844190597e-06 1.500000000e+00 1.500000000e+00 0.000000000e+00 0.000000000e+00 0.000000000e+00 -6.620023809e-16 
d 0.000000000e+00 0.000000000e+00 -9.397340130e-06 1.000000000e-01 1.000000000e-01 9.397340131e-06 1.550000000e+00 1.550000000e+00 0.000000000e+00 0.000000000e+00 0.000000000e+00 -6.635539160e-16 
d 0.000000000e+00 0.000000000e+00 -9.947798937e-06 1.000000000e-01 1.000000000e-01 9.947798937e-06 1.600000000e+00 1.600000000e+00 0.000000000e+00 0.000000000e+00 0.000000000e+00 -6.645653853e-16 
d 0.000000000e+00 0.000000000e+00 -1.049566658e-05 1.000000000e-01 1.000000000e-01 1.049566658e-05 1.650000000e+00 1.650000000e+00 0.000000000e+00 0.000000000e+00 0.000000000e+00 -6.652820367e-16 
d 0.000000000e+00 0.000000000e+00 -1.104104320e-05 1.000000000e-01 1.000000000e-01 1.104104320e-05 1.700000000e+00 1.700000000e+00 0.000000000e+00 0.000000000e+00 0.000000000e+00 -6.658270533e-16 
d 0.000000000e+00 0.000000000e+00 -1.158402748e-05 1.000000000e-01 1.000000000e-01 1.158402748e-05 1.750000000e+00 1.750000000e+00 0.000000000e+00 0.000000000e+00 0.000000000e+00 -6.662656375e-16 
d 0.000000000e+00 0.000000000e+00 -1.212471543e-05 1.000000000e-01 1.000000000e-01 1.212471543e-05 1.800000000e+00 1.800000000e+00 0.000000000e+00 0.000000000e+00 0.000000000e+00 -6.666336374e-16 
d 0.000000000e+00 0.000000000e+00 -1.266319961e-05 1.000000000e-01 1.000000000e-01 1.266319961e-05 1.850000000e+00 1.850000000e+00 0.000000000e+00 0.000000000e+00 0.000000000e+00 -6.669521179e-16 
d 0.000000000e+00 0.000000000e+00 -1.319956869e-05 1.000000000e-01 1.000000000e-01 1.319956869e-05 1.900000000e+00 1.900000000e+00 0.000000000e+00 0.000000000e+00 0.000000000e+00 -6.672337528e-16 
d 0.000000000e+00 0.000000000e+00 -1.373390730e-05 1.000000000e-01 1.000000000e-01 1.373390730e-05 1.950000000e+00 1.950000000e+00 0.000000000e+00 0.000000000e+00 0.000000000e+00 -6.674867868e-16 
d 0.000000000e+00 0.000000000e+00 -1.426629592e-05 1.000000000e-01 1.000000000e-01 1.426629592e-05 2.000000000e+00 2.000000000e+00 0.000000000e+00 0.000000000e+00 0.000000000e+00 -6.677166692e-16 
d 0.000000000e+00 0.000000000e+00 -1.479681097e-05 1.000000000e-01 1.000000000e-01 1.479681097e-05 2.050000000e+00 2.050000000e+00 0.000000000e+00 0.000000000e+00 0.000000000e+00 -6.679273414e-16 
d 0.000000000e+00 0.000000000e+00 -1.532552486e-05 1.000000000e-01 1.000000000e-01 1.532552486e-05 2.100000000e+00 2.100000000e+00 0.000000000e+00 0.000000000e+00 0.000000000e+00 -6.681216103e-16 
d 0.000000000e+00 0.000000000e+00 -1.585250618e-05 1.000000000e-01 1.000000000e-01 1.585250618e-05 2.150000000e+00 2.150000000e+00 0.000000000e+00 0.000000000e+00 0.000000000e+00 -6.683017204e-16 
d 0.000000000e+00 0.000000000e+00 -1.637781984e-05 1.000000000e-01 1.000000000e-01 1.637781984e-05 2.200000000e+00 2.200000000e+00 0.000000000e+00 0.000000000e+00 0.000000000e+00 -6.684694042e-16 
d 0.000000000e+00 0.000000000e+00 -1.690152727e-05 1.000000000e-01 1.000000000e-01 1.690152727e-05 2.250000000e+00 2.250000000e+00 0.000000000e+00 0.000000000e+00 0.000000000e+00 -6.686260452e-16 
d 0.000000000e+00 0.000000000e+00 -1.742368658e-05 1.000000000e-01 1.000000000e-01 1.742368658e-05 2.300000000e+00 2.300000000e+00 0.000000000e+00 0.000000000e+00 0.000000000e+00 -6.687727675e-16 
d 0.000000000e+00 0.000000000e+00 -1.794435277e-05 1.000000000e-01 1.000000000e-01 1.794435277e-05 2.350000000e+00 2.350000000e+00 0.000000000e+00 0.000000000e+00 0.000000000e+00 -6.689106334e-16 
d 0.000000000e+00 0.000000000e+00 -1.846357788e-05 1.000000000e-01 1.000000000e-01 1.846357788e-05 2.400000000e+00 2.400000000e+00 0.000000000e+00 0.000000000e+00 0.000000000e+00 -6.690403476e-16 
d 0.000000000e+00 0.000000000e+00 -1.898141121e-05 1.000000000e-01 1.000000000e-01 1.898141121e-05 2.450000000e+00 2.450000000e+00 0.000000000e+00 0.000000000e+00 0.000000000e+00 -6.691627810e-16 
d 0.000000000e+00 0.000000000e+00 -1.949789943e-05 1.000000000e-01 1.000000000e-01 1.949789943e-05 2.500000000e+00 2.500000000e+00 0.000000000e+00 0.000000000e+00 0.000000000e+00 -6.692784555e-16 
d 0.000000000e+00 0.000000000e+00 -2.001308681e-05 1.000000000e-01 1.000000000e-01 2.001308681e-05 2.550000000e+00 2.550000000e+00 0.000000000e+00 0.000000000e+00 0.000000000e+00 -6.693879960e-16 
d 0.000000000e+00 0.000000000e+00 -2.052701529e-05 1.000000000e-01 1.000000000e-01 2.052701529e-05 2.600000000e+00 2.600000000e+00 0.000000000e+00 0.000000000e+00 0.000000000e+00 -6.694918345e-16 
d 0.000000000e+00 0.000000000e+00 -2.103972469e-05 1.000000000e-01 1.000000000e-01 2.103972469e-05 2.650000000e+00 2.650000000e+00 0.000000000e+00 0.000000000e+00 0.000000000e+00 -6.695904790e-16 
d 0.000000000e+00 0.000000000e+00 -2.155125280e-05 1.000000000e-01 1.000000000e-01 2.155125280e-05 2.700000000e+00 2.700000000e+00 0.000000000e+00 0.000000000e+00 0.000000000e+00 -6.696842764e-16 
d 0.000000000e+00 0.000000000e+00 -2.206163552e-05 1.000000000e-01 1.000000000e-01 2.206163552e-05 2.750000000e+00 2.750000000e+00 0.000000000e+00 0.000000000e+00 0.000000000e+00 -6.697735621e-16 
d 0.000000000e+00 0.000000000e+00 -2.257090699e-05 1.000000000e-01 1.000000000e-01 2.257090699e-05 2.800000000e+00 2.800000000e+00 0.000000000e+00 0.000000000e+00 0.000000000e+00 -6.698587276e-16 
d 0.000000000e+00 0.000000000e+00 -2.307909966e-05 1.000000000e-01 1.000000000e-01 2.307909967e-05 2.850000000e+00 2.850000000e+00 0.000000000e+00 0.000000000e+00 0.000000000e+00 -6.699399334e-16 
d 0.000000000e+00 0.000000000e+00 -2.358624446e-05 1.000000000e-01 1.000000000e-01 2.358624446e-05 2.900000000e+00 2.900000000e+00 0.000000000e+00 0.000000000e+00 0.000000000e+00 -6.700175661e-16 
d 0.000000000e+00 0.000000000e+00 -2.409237080e-05 1.000000000e-01 1.000000000e-01 2.409237080e-05 2.950000000e+00 2.950000000e+00 0.000000000e+00 0.000000000e+00 0.000000000e+00 -6.700918218e-16 
d 0.000000000e+00 0.000000000e+00 -2.459750675e-05 1.000000000e-01 1.000000000e-01 2.459750675e-05 3.000000000e+00 3.000000000e+00 0.000000000e+00 0.000000000e+00 0.000000000e+00 -6.701629612e-16 
d 0.000000000e+00 0.000000000e+00 -2.510167905e-05 1.000000000e-01 1.000000000e-01 2.510167906e-05 3.050000000e+00 3.050000000e+00 0.000000000e+00 0.000000000e+00 0.000000000e+00 -6.702310953e-16 
d 0.000000000e+00 0.000000000e+00 -2.560491326e-05 1.000000000e-01 1.000000000e-01 2.560491326e-05 3.100000000e+00 3.100000000e+00 0.000000000e+00 0.000000000e+00 0.000000000e+00 -6.702964575e-16 
d 0.000000000e+00 0.000000000e+00 -2.610723374e-05 1.000000000e-01 1.000000000e-01 2.610723374e-05 3.150000000e+00 3.150000000e+00 0.000000000e+00 0.000000000e+00 0.000000000e+00 -6.703592283e-16 
d 0.000000000e+00 0.000000000e+00 -2.660866382e-05 1.000000000e-01 1.000000000e-01 2.660866382e-05 3.200000000e+00 3.200000000e+00 0.000000000e+00 0.000000000e+00 0.000000000e+00 -6.704194882e-16 
d 0.000000000e+00 0.000000000e+00 -2.710922576e-05 1.000000000e-01 1.000000000e-01 2.710922576e-05 3.250000000e+00 3.250000000e+00 0.000000000e+00 0.000000000e+00 0.000000000e+00 -6.704775164e-16 
d 0.000000000e+00 0.000000000e+00 -2.760894089e-05 1.000000000e-01 1.000000000e-01 2.760894089e-05 3.300000000e+00 3.300000000e+00 0.000000000e+00 0.000000000e+00 0.000000000e+00 -6.705332559e-16 
d 0.000000000e+00 0.000000000e+00 -2.810782963e-05 1.000000000e-01 1.000000000e-01 2.810782963e-05 3.350000000e+00 3.350000000e+00 0.000000000e+00 0.000000000e+00 0.000000000e+00 -6.705870373e-16 
d 0.000000000e+00 0.000000000e+00 -2.860591153e-05 1.000000000e-01 1.000000000e-01 2.860591153e-05 3.400000000e+00 3.400000000e+00 0.000000000e+00 0.000000000e+00 0.000000000e+00 -6.706388177e-16 
d 0.000000000e+00 0.000000000e+00 -2.910320534e-05 1.000000000e-01 1.000000000e-01 2.910320534e-05 3.450000000e+00 3.450000000e+00 0.000000000e+00 0.000000000e+00 0.000000000e+00 -6.706887669e-16 
d 0.000000000e+00 0.000000000e+00 -2.959972903e-05 1.000000000e-01 1.000000000e-01 2.959972903e-05 3.500000000e+00 3.500000000e+00 0.000000000e+00 0.000000000e+00 0.000000000e+00 -6.707369553e-16 
d 0.000000000e+00 0.000000000e+00 -3.009549985e-05 1.000000000e-01 1.000000000e-01 3.009549985e-05 3.550000000e+00 3.550000000e+00 0.000000000e+00 0.000000000e+00 0.000000000e+00 -6.707834740e-16 
d 0.000000000e+00 0.000000000e+00 -3.059053438e-05 1.000000000e-01 1.000000000e-01 3.059053439e-05 3.600000000e+00 3.600000000e+00 0.000000000e+00 0.000000000e+00 0.000000000e+00 -6.708284722e-16 
d 0.000000000e+00 0.000000000e+00 -3.108484854e-05 1.000000000e-01 1.000000000e-01 3.108484854e-05 3.650000000e+00 3.650000000e+00 0.000000000e+00 0.000000000e+00 0.000000000e+00 -6.708719272e-16 
d 0.000000000e+00 0.000000000e+00 -3.157845761e-05 1.000000000e-01 1.000000000e-01 3.157845761e-05 3.700000000e+00 3.700000000e+00 0.000000000e+00 0.000000000e+00 0.000000000e+00 -6.709139872e-16 
d 0.000000000e+00 0.000000000e+00 -3.207137632e-05 1.000000000e-01 1.000000000e-01 3.207137632e-05 3.750000000e+00 3.750000000e+00 0.000000000e+00 0.000000000e+00 0.000000000e+00 -6.709546942e-16 
d 0.000000000e+00 0.000000000e+00 -3.256361883e-05 1.000000000e-01 1.000000000e-01 3.256361883e-05 3.800000000e+00 3.800000000e+00 0.000000000e+00 0.000000000e+00 0.000000000e+00 -6.709940863e-16 
d 0.000000000e+00 0.000000000e+00 -3.305519876e-05 1.000000000e-01 1.000000000e-01 3.305519876e-05 3.850000000e+00 3.850000000e+00 0.000000000e+00 0.000000000e+00 0.000000000e+00 -6.710323212e-16 
d 0.000000000e+00 0.000000000e+00 -3.354612925e-05 1.000000000e-01 1.000000000e-01 3.354612925e-05 3.900000000e+00 3.900000000e+00 0.000000000e+00 0.000000000e+00 0.000000000e+00 -6.710693080e-16 
d 0.000000000e+00 0.000000000e+00 -3.403642296e-05 1.000000000e-01 1.000000000e-01 3.403642296e-05 3.950000000e+00 3.950000000e+00 0.000000000e+00 0.000000000e+00 0.000000000e+00 -6.711052183e-16 
d 0.000000000e+00 0.000000000e+00 -3.452609208e-05 1.000000000e-01 1.000000000e-01 3.452609208e-05 4.000000000e+00 4.000000000e+00 0.000000000e+00 0.000000000e+00 0.000000000e+00 -6.711400122e-16 
d 0.000000000e+00 0.000000000e+00 -3.501514839e-05 1.000000000e-01 1.000000000e-01 3.501514839e-05 4.050000000e+00 4.050000000e+00 0.000000000e+00 0.000000000e+00 0.000000000e+00 -6.711738495e-16 
d 0.000000000e+00 0.000000000e+00 -3.550360324e-05 1.000000000e-01 1.000000000e-01 3.550360324e-05 4.100000000e+00 4.100000000e+00 0.000000000e+00 0.000000000e+00 0.000000000e+00 -6.712066713e-16 
d 0.000000000e+00 0.000000000e+00 -3.599146760e-05 1.000000000e-01 1.000000000e-01 3.599146760e-05 4.150000000e+00 4.150000000e+00 0.000000000e+00 0.000000000e+00 0.000000000e+00 -6.712385806e-16 
d 0.000000000e+00 0.000000000e+00 -3.647875205e-05 1.000000000e-01 1.000000000e-01 3.647875206e-05 4.200000000e+00 4.200000000e+00 0.000000000e+00 0.000000000e+00 0.000000000e+00 -6.712696165e-16 
d 0.000000000e+00 0.000000000e+00 -3.696546685e-05 1.000000000e-01 1.000000000e-01 3.696546685e-05 4.250000000e+00 4.250000000e+00 0.000000000e+00 0.000000000e+00 0.000000000e+00 -6.712997609e-16 
d 0.000000000e+00 0.000000000e+00 -3.745162188e-05 1.000000000e-01 1.000000000e-01 3.745162188e-05 4.300000000e+00 4.300000000e+00 0.000000000e+00 0.000000000e+00 0.000000000e+00 -6.713290930e-16 
d 0.000000000e+00 0.000000000e+00 -3.793722671e-05 1.000000000e-01 1.000000000e-01 3.793722671e-05 4.350000000e+00 4.350000000e+00 0.000000000e+00 0.000000000e+00 0.000000000e+00 -6.713576848e-16 
d 0.000000000e+00 0.000000000e+00 -3.842229060e-05 1.000000000e-01 1.000000000e-01 3.842229060e-05 4.400000000e+00 4.400000000e+00 0.000000000e+00 0.000000000e+00 0.000000000e+00 -6.713854331e-16 
d 0.000000000e+00 0.000000000e+00 -3.890682251e-05 1.000000000e-01 1.000000000e-01 3.890682251e-05 4.450000000e+00 4.450000000e+00 0.000000000e+00 0.000000000e+00 0.000000000e+00 -6.714125025e-16 
d 0.000000000e+00 0.000000000e+00 -3.939083112e-05 1.000000000e-01 1.000000000e-01 3.939083112e-05 4.500000000e+00 4.500000000e+00 0.000000000e+00 0.000000000e+00 0.000000000e+00 -6.714388921e-16 
d 0.000000000e+00 0.000000000e+00 -3.987432483e-05 1.000000000e-01 1.000000000e-01 3.987432483e-05 4.550000000e+00 4.550000000e+00 0.000000000e+00 0.000000000e+00 0.000000000e+00 -6.714645710e-16 
d 0.000000000e+00 0.000000000e+00 -4.035731179e-05 1.000000000e-01 1.000000000e-01 4.035731179e-05 4.600000000e+00 4.600000000e+00 0.000000000e+00 0.000000000e+00 0.000000000e+00 -6.714896969e-16 
d 0.000000000e+00 0.000000000e+00 -4.083979990e-05 1.000000000e-01 1.000000000e-01 4.083979990e-05 4.650000000e+00 4.650000000e+00 0.000000000e+00 0.000000000e+00 0.000000000e+00 -6.715141083e-16 
d 0.000000000e+00 0.000000000e+00 -4.132179679e-05 1.000000000e-01 1.000000000e-01 4.132179679e-05 4.700000000e+00 4.700000000e+00 0.000000000e+00 0.000000000e+00 0.000000000e+00 -6.715379701e-16 
d 0.000000000e+00 0.000000000e+00 -4.180330991e-05 1.000000000e-01 1.000000000e-01 4.180330991e-05 4.750000000e+00 4.750000000e+00 0.000000000e+00 0.000000000e+00 0.000000000e+00 -6.715611978e-16 
d 0.000000000e+00 0.000000000e+00 -4.228434646e-05 1.000000000e-01 1.000000000e-01 4.228434646e-05 4.800000000e+00 4.800000000e+00 0.000000000e+00 0.000000000e+00 0.000000000e+00 -6.715839460e-16 
d 0.000000000e+00 0.000000000e+00 -4.276491342e-05 1.000000000e-01 1.000000000e-01 4.276491343e-05 4.850000000e+00 4.850000000e+00 0.000000000e+00 0.000000000e+00 0.000000000e+00 -6.716061173e-16 
d 0.000000000e+00 0.000000000e+00 -4.324501760e-05 1.000000000e-01 1.000000000e-01 4.324501760e-05 4.900000000e+00 4.900000000e+00 0.000000000e+00 0.000000000e+00 0.000000000e+00 -6.716277896e-16 
d 0.000000000e+00 0.000000000e+00 -4.372466558e-05 1.000000000e-01 1.000000000e-01 4.372466558e-05 4.950000000e+00 4.950000000e+00 0.000000000e+00 0.000000000e+00 0.000000000e+00 -6.716489367e-16 
d 0.000000000e+00 0.000000000e+00 -4.420386377e-05 1.000000000e-01 1.000000000e-01 4.420386377e-05 5.000000000e+00 5.000000000e+00 0.000000000e+00 0.000000000e+00 0.000000000e+00 -6.716696557e-16 
