v ATLAS
# This file was created by ATLAS version 5.32.1.R on Mon May 25 22:22:47 2026.
#SSF 2.0 generic
##############################################################################
#                    Copyright (c) 1984 - 2021                               #
#                    Silvaco Inc. All rights reserved                        #
#                                                                            #
# This file format and the following Key are copyright Silvaco Inc.          #
# You may not use, this format or key without reproducing this message in    #
# full and obtaining express written permission from Silvaco Inc.            #
#                                                                            #
# To obtain such permission please contact: Silvaco Inc.                     #
#                                           support@silvaco.com              #
#                                                                            #
# KEY=SVC86hn7562asdx                       PROD=345                         #
##############################################################################
y 3 700 711 15
z 1 0.02 300
f 4 "source" "drain" "gate" "substrate" 
p 12 2 601 20 3 602 21 4 603 22 5 604 23 
d 0.000000000e+00 0.000000000e+00 1.903035611e-15 1.000000000e-01 1.000000000e-01 1.921459526e-15 0.000000000e+00 0.000000000e+00 0.000000000e+00 -2.000000000e+00 -2.000000000e+00 -3.832142473e-15 
d 0.000000000e+00 0.000000000e+00 1.903252226e-15 1.000000000e-01 1.000000000e-01 1.934794791e-15 5.000000000e-02 5.000000000e-02 0.000000000e+00 -2.000000000e+00 -2.000000000e+00 -3.828584381e-15 
d 0.000000000e+00 0.000000000e+00 1.886921556e-15 1.000000000e-01 1.000000000e-01 1.936783091e-15 1.000000000e-01 1.000000000e-01 0.000000000e+00 -2.000000000e+00 -2.000000000e+00 -3.824522030e-15 
d 0.000000000e+00 0.000000000e+00 1.906367666e-15 1.000000000e-01 1.000000000e-01 1.912524304e-15 1.500000000e-01 1.500000000e-01 0.000000000e+00 -2.000000000e+00 -2.000000000e+00 -3.819966330e-15 
d 0.000000000e+00 0.000000000e+00 1.901084837e-15 1.000000000e-01 1.000000000e-01 1.924378235e-15 2.000000000e-01 2.000000000e-01 0.000000000e+00 -2.000000000e+00 -2.000000000e+00 -3.814840653e-15 
d 0.000000000e+00 0.000000000e+00 1.884040271e-15 1.000000000e-01 1.000000000e-01 1.939053481e-15 2.500000000e-01 2.500000000e-01 0.000000000e+00 -2.000000000e+00 -2.000000000e+00 -3.809066358e-15 
d 0.000000000e+00 0.000000000e+00 1.874354134e-15 1.000000000e-01 1.000000000e-01 1.917848739e-15 3.000000000e-01 3.000000000e-01 0.000000000e+00 -2.000000000e+00 -2.000000000e+00 -3.802537916e-15 
d 0.000000000e+00 0.000000000e+00 1.860945949e-15 1.000000000e-01 1.000000000e-01 1.928464979e-15 3.500000000e-01 3.500000000e-01 0.000000000e+00 -2.000000000e+00 -2.000000000e+00 -3.795112840e-15 
d 0.000000000e+00 0.000000000e+00 1.794539780e-15 1.000000000e-01 1.000000000e-01 2.017103898e-15 4.000000000e-01 4.000000000e-01 0.000000000e+00 -2.000000000e+00 -2.000000000e+00 -3.786590827e-15 
d 0.000000000e+00 0.000000000e+00 1.475690310e-15 1.000000000e-01 1.000000000e-01 2.326626218e-15 4.500000000e-01 4.500000000e-01 0.000000000e+00 -2.000000000e+00 -2.000000000e+00 -3.776656853e-15 
d 0.000000000e+00 0.000000000e+00 -2.761570496e-17 1.000000000e-01 1.000000000e-01 3.789273628e-15 5.000000000e-01 5.000000000e-01 0.000000000e+00 -2.000000000e+00 -2.000000000e+00 -3.764737497e-15 
d 0.000000000e+00 0.000000000e+00 -7.255627489e-15 1.000000000e-01 1.000000000e-01 1.098151393e-14 5.500000000e-01 5.500000000e-01 0.000000000e+00 -2.000000000e+00 -2.000000000e+00 -3.749740283e-15 
d 0.000000000e+00 0.000000000e+00 -4.190480462e-14 1.000000000e-01 1.000000000e-01 4.561773162e-14 6.000000000e-01 6.000000000e-01 0.000000000e+00 -2.000000000e+00 -2.000000000e+00 -3.729647247e-15 
d 0.000000000e+00 0.000000000e+00 -2.085073974e-13 1.000000000e-01 1.000000000e-01 2.122007694e-13 6.500000000e-01 6.500000000e-01 0.000000000e+00 -2.000000000e+00 -2.000000000e+00 -3.701987582e-15 
d 0.000000000e+00 0.000000000e+00 -1.008796859e-12 1.000000000e-01 1.000000000e-01 1.012464139e-12 7.000000000e-01 7.000000000e-01 0.000000000e+00 -2.000000000e+00 -2.000000000e+00 -3.666890774e-15 
d 0.000000000e+00 0.000000000e+00 -4.850317239e-12 1.000000000e-01 1.000000000e-01 4.853908584e-12 7.500000000e-01 7.500000000e-01 0.000000000e+00 -2.000000000e+00 -2.000000000e+00 -3.628223049e-15 
d 0.000000000e+00 0.000000000e+00 -2.326340747e-11 1.000000000e-01 1.000000000e-01 2.326699978e-11 8.000000000e-01 8.000000000e-01 0.000000000e+00 -2.000000000e+00 -2.000000000e+00 -3.589485279e-15 
d 0.000000000e+00 0.000000000e+00 -1.112959759e-10 1.000000000e-01 1.000000000e-01 1.112995244e-10 8.500000000e-01 8.500000000e-01 0.000000000e+00 -2.000000000e+00 -2.000000000e+00 -3.552007444e-15 
d 0.000000000e+00 0.000000000e+00 -5.299747506e-10 1.000000000e-01 1.000000000e-01 5.299782514e-10 9.000000000e-01 9.000000000e-01 0.000000000e+00 -2.000000000e+00 -2.000000000e+00 -3.516239677e-15 
d 0.000000000e+00 0.000000000e+00 -2.495021399e-09 1.000000000e-01 1.000000000e-01 2.495024872e-09 9.500000000e-01 9.500000000e-01 0.000000000e+00 -2.000000000e+00 -2.000000000e+00 -3.482496067e-15 
d 0.000000000e+00 0.000000000e+00 -1.136359540e-08 1.000000000e-01 1.000000000e-01 1.136359882e-08 1.000000000e+00 1.000000000e+00 0.000000000e+00 -2.000000000e+00 -2.000000000e+00 -3.451543034e-15 
d 0.000000000e+00 0.000000000e+00 -4.706617070e-08 1.000000000e-01 1.000000000e-01 4.706617411e-08 1.050000000e+00 1.050000000e+00 0.000000000e+00 -2.000000000e+00 -2.000000000e+00 -3.423650489e-15 
d 0.000000000e+00 0.000000000e+00 -1.584993609e-07 1.000000000e-01 1.000000000e-01 1.584993643e-07 1.100000000e+00 1.100000000e+00 0.000000000e+00 -2.000000000e+00 -2.000000000e+00 -3.402447771e-15 
d 0.000000000e+00 0.000000000e+00 -4.007813812e-07 1.000000000e-01 1.000000000e-01 4.007813846e-07 1.150000000e+00 1.150000000e+00 0.000000000e+00 -2.000000000e+00 -2.000000000e+00 -3.387064232e-15 
d 0.000000000e+00 0.000000000e+00 -7.772235837e-07 1.000000000e-01 1.000000000e-01 7.772235871e-07 1.200000000e+00 1.200000000e+00 0.000000000e+00 -2.000000000e+00 -2.000000000e+00 -3.375329130e-15 
d 0.000000000e+00 0.000000000e+00 -1.242959348e-06 1.000000000e-01 1.000000000e-01 1.242959351e-06 1.250000000e+00 1.250000000e+00 0.000000000e+00 -2.000000000e+00 -2.000000000e+00 -3.366317933e-15 
d 0.000000000e+00 0.000000000e+00 -1.754334922e-06 1.000000000e-01 1.000000000e-01 1.754334925e-06 1.300000000e+00 1.300000000e+00 0.000000000e+00 -2.000000000e+00 -2.000000000e+00 -3.359411158e-15 
d 0.000000000e+00 0.000000000e+00 -2.286708438e-06 1.000000000e-01 1.000000000e-01 2.286708441e-06 1.350000000e+00 1.350000000e+00 0.000000000e+00 -2.000000000e+00 -2.000000000e+00 -3.354050488e-15 
d 0.000000000e+00 0.000000000e+00 -2.828252129e-06 1.000000000e-01 1.000000000e-01 2.828252132e-06 1.400000000e+00 1.400000000e+00 0.000000000e+00 -2.000000000e+00 -2.000000000e+00 -3.349801839e-15 
d 0.000000000e+00 0.000000000e+00 -3.373323458e-06 1.000000000e-01 1.000000000e-01 3.373323461e-06 1.450000000e+00 1.450000000e+00 0.000000000e+00 -2.000000000e+00 -2.000000000e+00 -3.346358800e-15 
d 0.000000000e+00 0.000000000e+00 -3.919123716e-06 1.000000000e-01 1.000000000e-01 3.919123719e-06 1.500000000e+00 1.500000000e+00 0.000000000e+00 -2.000000000e+00 -2.000000000e+00 -3.343510744e-15 
d 0.000000000e+00 0.000000000e+00 -4.464213028e-06 1.000000000e-01 1.000000000e-01 4.464213031e-06 1.550000000e+00 1.550000000e+00 0.000000000e+00 -2.000000000e+00 -2.000000000e+00 -3.341112055e-15 
d 0.000000000e+00 0.000000000e+00 -5.007835414e-06 1.000000000e-01 1.000000000e-01 5.007835417e-06 1.600000000e+00 1.600000000e+00 0.000000000e+00 -2.000000000e+00 -2.000000000e+00 -3.339060240e-15 
d 0.000000000e+00 0.000000000e+00 -5.549596699e-06 1.000000000e-01 1.000000000e-01 5.549596702e-06 1.650000000e+00 1.650000000e+00 0.000000000e+00 -2.000000000e+00 -2.000000000e+00 -3.337281593e-15 
d 0.000000000e+00 0.000000000e+00 -6.089302104e-06 1.000000000e-01 1.000000000e-01 6.089302107e-06 1.700000000e+00 1.700000000e+00 0.000000000e+00 -2.000000000e+00 -2.000000000e+00 -3.335721950e-15 
d 0.000000000e+00 0.000000000e+00 -6.626870178e-06 1.000000000e-01 1.000000000e-01 6.626870181e-06 1.750000000e+00 1.750000000e+00 0.000000000e+00 -2.000000000e+00 -2.000000000e+00 -3.334340698e-15 
d 0.000000000e+00 0.000000000e+00 -7.162285178e-06 1.000000000e-01 1.000000000e-01 7.162285182e-06 1.800000000e+00 1.800000000e+00 0.000000000e+00 -2.000000000e+00 -2.000000000e+00 -3.333106806e-15 
d 0.000000000e+00 0.000000000e+00 -7.695569772e-06 1.000000000e-01 1.000000000e-01 7.695569775e-06 1.850000000e+00 1.850000000e+00 0.000000000e+00 -2.000000000e+00 -2.000000000e+00 -3.331996164e-15 
d 0.000000000e+00 0.000000000e+00 -8.226768917e-06 1.000000000e-01 1.000000000e-01 8.226768920e-06 1.900000000e+00 1.900000000e+00 0.000000000e+00 -2.000000000e+00 -2.000000000e+00 -3.330989753e-15 
d 0.000000000e+00 0.000000000e+00 -8.755940126e-06 1.000000000e-01 1.000000000e-01 8.755940129e-06 1.950000000e+00 1.950000000e+00 0.000000000e+00 -2.000000000e+00 -2.000000000e+00 -3.330072363e-15 
d 0.000000000e+00 0.000000000e+00 -9.283147486e-06 1.000000000e-01 1.000000000e-01 9.283147490e-06 2.000000000e+00 2.000000000e+00 0.000000000e+00 -2.000000000e+00 -2.000000000e+00 -3.329231678e-15 
d 0.000000000e+00 0.000000000e+00 -9.808457944e-06 1.000000000e-01 1.000000000e-01 9.808457948e-06 2.050000000e+00 2.050000000e+00 0.000000000e+00 -2.000000000e+00 -2.000000000e+00 -3.328457614e-15 
d 0.000000000e+00 0.000000000e+00 -1.033193899e-05 1.000000000e-01 1.000000000e-01 1.033193899e-05 2.100000000e+00 2.100000000e+00 0.000000000e+00 -2.000000000e+00 -2.000000000e+00 -3.327741830e-15 
d 0.000000000e+00 0.000000000e+00 -1.085365722e-05 1.000000000e-01 1.000000000e-01 1.085365722e-05 2.150000000e+00 2.150000000e+00 0.000000000e+00 -2.000000000e+00 -2.000000000e+00 -3.327077364e-15 
d 0.000000000e+00 0.000000000e+00 -1.137367745e-05 1.000000000e-01 1.000000000e-01 1.137367745e-05 2.200000000e+00 2.200000000e+00 0.000000000e+00 -2.000000000e+00 -2.000000000e+00 -3.326458354e-15 
d 0.000000000e+00 0.000000000e+00 -1.189206224e-05 1.000000000e-01 1.000000000e-01 1.189206224e-05 2.250000000e+00 2.250000000e+00 0.000000000e+00 -2.000000000e+00 -2.000000000e+00 -3.325879827e-15 
d 0.000000000e+00 0.000000000e+00 -1.240887155e-05 1.000000000e-01 1.000000000e-01 1.240887156e-05 2.300000000e+00 2.300000000e+00 0.000000000e+00 -2.000000000e+00 -2.000000000e+00 -3.325337535e-15 
d 0.000000000e+00 0.000000000e+00 -1.292416269e-05 1.000000000e-01 1.000000000e-01 1.292416269e-05 2.350000000e+00 2.350000000e+00 0.000000000e+00 -2.000000000e+00 -2.000000000e+00 -3.324827826e-15 
d 0.000000000e+00 0.000000000e+00 -1.343799021e-05 1.000000000e-01 1.000000000e-01 1.343799022e-05 2.400000000e+00 2.400000000e+00 0.000000000e+00 -2.000000000e+00 -2.000000000e+00 -3.324347537e-15 
d 0.000000000e+00 0.000000000e+00 -1.395040601e-05 1.000000000e-01 1.000000000e-01 1.395040602e-05 2.450000000e+00 2.450000000e+00 0.000000000e+00 -2.000000000e+00 -2.000000000e+00 -3.323893919e-15 
d 0.000000000e+00 0.000000000e+00 -1.446145937e-05 1.000000000e-01 1.000000000e-01 1.446145937e-05 2.500000000e+00 2.500000000e+00 0.000000000e+00 -2.000000000e+00 -2.000000000e+00 -3.323464569e-15 
d 0.000000000e+00 0.000000000e+00 -1.497119704e-05 1.000000000e-01 1.000000000e-01 1.497119705e-05 2.550000000e+00 2.550000000e+00 0.000000000e+00 -2.000000000e+00 -2.000000000e+00 -3.323057373e-15 
d 0.000000000e+00 0.000000000e+00 -1.547966342e-05 1.000000000e-01 1.000000000e-01 1.547966343e-05 2.600000000e+00 2.600000000e+00 0.000000000e+00 -2.000000000e+00 -2.000000000e+00 -3.322670465e-15 
d 0.000000000e+00 0.000000000e+00 -1.598690061e-05 1.000000000e-01 1.000000000e-01 1.598690061e-05 2.650000000e+00 2.650000000e+00 0.000000000e+00 -2.000000000e+00 -2.000000000e+00 -3.322302195e-15 
d 0.000000000e+00 0.000000000e+00 -1.649294854e-05 1.000000000e-01 1.000000000e-01 1.649294855e-05 2.700000000e+00 2.700000000e+00 0.000000000e+00 -2.000000000e+00 -2.000000000e+00 -3.321951089e-15 
d 0.000000000e+00 0.000000000e+00 -1.699784515e-05 1.000000000e-01 1.000000000e-01 1.699784515e-05 2.750000000e+00 2.750000000e+00 0.000000000e+00 -2.000000000e+00 -2.000000000e+00 -3.321615835e-15 
d 0.000000000e+00 0.000000000e+00 -1.750162643e-05 1.000000000e-01 1.000000000e-01 1.750162643e-05 2.800000000e+00 2.800000000e+00 0.000000000e+00 -2.000000000e+00 -2.000000000e+00 -3.321295256e-15 
d 0.000000000e+00 0.000000000e+00 -1.800432659e-05 1.000000000e-01 1.000000000e-01 1.800432659e-05 2.850000000e+00 2.850000000e+00 0.000000000e+00 -2.000000000e+00 -2.000000000e+00 -3.320988293e-15 
d 0.000000000e+00 0.000000000e+00 -1.850597812e-05 1.000000000e-01 1.000000000e-01 1.850597812e-05 2.900000000e+00 2.900000000e+00 0.000000000e+00 -2.000000000e+00 -2.000000000e+00 -3.320693990e-15 
d 0.000000000e+00 0.000000000e+00 -1.900661194e-05 1.000000000e-01 1.000000000e-01 1.900661194e-05 2.950000000e+00 2.950000000e+00 0.000000000e+00 -2.000000000e+00 -2.000000000e+00 -3.320411485e-15 
d 0.000000000e+00 0.000000000e+00 -1.950625746e-05 1.000000000e-01 1.000000000e-01 1.950625746e-05 3.000000000e+00 3.000000000e+00 0.000000000e+00 -2.000000000e+00 -2.000000000e+00 -3.320139994e-15 
d 0.000000000e+00 0.000000000e+00 -2.000494268e-05 1.000000000e-01 1.000000000e-01 2.000494268e-05 3.050000000e+00 3.050000000e+00 0.000000000e+00 -2.000000000e+00 -2.000000000e+00 -3.319878804e-15 
d 0.000000000e+00 0.000000000e+00 -2.050269428e-05 1.000000000e-01 1.000000000e-01 2.050269428e-05 3.100000000e+00 3.100000000e+00 0.000000000e+00 -2.000000000e+00 -2.000000000e+00 -3.319627266e-15 
d 0.000000000e+00 0.000000000e+00 -2.099953769e-05 1.000000000e-01 1.000000000e-01 2.099953770e-05 3.150000000e+00 3.150000000e+00 0.000000000e+00 -2.000000000e+00 -2.000000000e+00 -3.319384787e-15 
d 0.000000000e+00 0.000000000e+00 -2.149549718e-05 1.000000000e-01 1.000000000e-01 2.149549718e-05 3.200000000e+00 3.200000000e+00 0.000000000e+00 -2.000000000e+00 -2.000000000e+00 -3.319150823e-15 
d 0.000000000e+00 0.000000000e+00 -2.199059590e-05 1.000000000e-01 1.000000000e-01 2.199059590e-05 3.250000000e+00 3.250000000e+00 0.000000000e+00 -2.000000000e+00 -2.000000000e+00 -3.318924874e-15 
d 0.000000000e+00 0.000000000e+00 -2.248485597e-05 1.000000000e-01 1.000000000e-01 2.248485598e-05 3.300000000e+00 3.300000000e+00 0.000000000e+00 -2.000000000e+00 -2.000000000e+00 -3.318706483e-15 
d 0.000000000e+00 0.000000000e+00 -2.297829854e-05 1.000000000e-01 1.000000000e-01 2.297829854e-05 3.350000000e+00 3.350000000e+00 0.000000000e+00 -2.000000000e+00 -2.000000000e+00 -3.318495226e-15 
d 0.000000000e+00 0.000000000e+00 -2.347094382e-05 1.000000000e-01 1.000000000e-01 2.347094382e-05 3.400000000e+00 3.400000000e+00 0.000000000e+00 -2.000000000e+00 -2.000000000e+00 -3.318290712e-15 
d 0.000000000e+00 0.000000000e+00 -2.396281115e-05 1.000000000e-01 1.000000000e-01 2.396281116e-05 3.450000000e+00 3.450000000e+00 0.000000000e+00 -2.000000000e+00 -2.000000000e+00 -3.318092581e-15 
d 0.000000000e+00 0.000000000e+00 -2.445391908e-05 1.000000000e-01 1.000000000e-01 2.445391908e-05 3.500000000e+00 3.500000000e+00 0.000000000e+00 -2.000000000e+00 -2.000000000e+00 -3.317900499e-15 
d 0.000000000e+00 0.000000000e+00 -2.494428534e-05 1.000000000e-01 1.000000000e-01 2.494428534e-05 3.550000000e+00 3.550000000e+00 0.000000000e+00 -2.000000000e+00 -2.000000000e+00 -3.317714155e-15 
d 0.000000000e+00 0.000000000e+00 -2.543392695e-05 1.000000000e-01 1.000000000e-01 2.543392695e-05 3.600000000e+00 3.600000000e+00 0.000000000e+00 -2.000000000e+00 -2.000000000e+00 -3.317533260e-15 
d 0.000000000e+00 0.000000000e+00 -2.592286024e-05 1.000000000e-01 1.000000000e-01 2.592286025e-05 3.650000000e+00 3.650000000e+00 0.000000000e+00 -2.000000000e+00 -2.000000000e+00 -3.317357547e-15 
d 0.000000000e+00 0.000000000e+00 -2.641110089e-05 1.000000000e-01 1.000000000e-01 2.641110089e-05 3.700000000e+00 3.700000000e+00 0.000000000e+00 -2.000000000e+00 -2.000000000e+00 -3.317186764e-15 
d 0.000000000e+00 0.000000000e+00 -2.689866392e-05 1.000000000e-01 1.000000000e-01 2.689866392e-05 3.750000000e+00 3.750000000e+00 0.000000000e+00 -2.000000000e+00 -2.000000000e+00 -3.317020679e-15 
d 0.000000000e+00 0.000000000e+00 -2.738556381e-05 1.000000000e-01 1.000000000e-01 2.738556381e-05 3.800000000e+00 3.800000000e+00 0.000000000e+00 -2.000000000e+00 -2.000000000e+00 -3.316859073e-15 
d 0.000000000e+00 0.000000000e+00 -2.787181445e-05 1.000000000e-01 1.000000000e-01 2.787181445e-05 3.850000000e+00 3.850000000e+00 0.000000000e+00 -2.000000000e+00 -2.000000000e+00 -3.316701742e-15 
d 0.000000000e+00 0.000000000e+00 -2.835742921e-05 1.000000000e-01 1.000000000e-01 2.835742921e-05 3.900000000e+00 3.900000000e+00 0.000000000e+00 -2.000000000e+00 -2.000000000e+00 -3.316548494e-15 
d 0.000000000e+00 0.000000000e+00 -2.884242095e-05 1.000000000e-01 1.000000000e-01 2.884242096e-05 3.950000000e+00 3.950000000e+00 0.000000000e+00 -2.000000000e+00 -2.000000000e+00 -3.316399151e-15 
d 0.000000000e+00 0.000000000e+00 -2.932680208e-05 1.000000000e-01 1.000000000e-01 2.932680208e-05 4.000000000e+00 4.000000000e+00 0.000000000e+00 -2.000000000e+00 -2.000000000e+00 -3.316253543e-15 
d 0.000000000e+00 0.000000000e+00 -2.981058452e-05 1.000000000e-01 1.000000000e-01 2.981058452e-05 4.050000000e+00 4.050000000e+00 0.000000000e+00 -2.000000000e+00 -2.000000000e+00 -3.316111511e-15 
d 0.000000000e+00 0.000000000e+00 -3.029377978e-05 1.000000000e-01 1.000000000e-01 3.029377978e-05 4.100000000e+00 4.100000000e+00 0.000000000e+00 -2.000000000e+00 -2.000000000e+00 -3.315972907e-15 
d 0.000000000e+00 0.000000000e+00 -3.077639894e-05 1.000000000e-01 1.000000000e-01 3.077639895e-05 4.150000000e+00 4.150000000e+00 0.000000000e+00 -2.000000000e+00 -2.000000000e+00 -3.315837591e-15 
d 0.000000000e+00 0.000000000e+00 -3.125845273e-05 1.000000000e-01 1.000000000e-01 3.125845273e-05 4.200000000e+00 4.200000000e+00 0.000000000e+00 -2.000000000e+00 -2.000000000e+00 -3.315705428e-15 
d 0.000000000e+00 0.000000000e+00 -3.173995145e-05 1.000000000e-01 1.000000000e-01 3.173995146e-05 4.250000000e+00 4.250000000e+00 0.000000000e+00 -2.000000000e+00 -2.000000000e+00 -3.315576295e-15 
d 0.000000000e+00 0.000000000e+00 -3.222090509e-05 1.000000000e-01 1.000000000e-01 3.222090510e-05 4.300000000e+00 4.300000000e+00 0.000000000e+00 -2.000000000e+00 -2.000000000e+00 -3.315450073e-15 
d 0.000000000e+00 0.000000000e+00 -3.270132329e-05 1.000000000e-01 1.000000000e-01 3.270132329e-05 4.350000000e+00 4.350000000e+00 0.000000000e+00 -2.000000000e+00 -2.000000000e+00 -3.315326650e-15 
d 0.000000000e+00 0.000000000e+00 -3.318121534e-05 1.000000000e-01 1.000000000e-01 3.318121535e-05 4.400000000e+00 4.400000000e+00 0.000000000e+00 -2.000000000e+00 -2.000000000e+00 -3.315205920e-15 
d 0.000000000e+00 0.000000000e+00 -3.366059026e-05 1.000000000e-01 1.000000000e-01 3.366059027e-05 4.450000000e+00 4.450000000e+00 0.000000000e+00 -2.000000000e+00 -2.000000000e+00 -3.315087783e-15 
d 0.000000000e+00 0.000000000e+00 -3.413945676e-05 1.000000000e-01 1.000000000e-01 3.413945676e-05 4.500000000e+00 4.500000000e+00 0.000000000e+00 -2.000000000e+00 -2.000000000e+00 -3.314972144e-15 
d 0.000000000e+00 0.000000000e+00 -3.461782326e-05 1.000000000e-01 1.000000000e-01 3.461782326e-05 4.550000000e+00 4.550000000e+00 0.000000000e+00 -2.000000000e+00 -2.000000000e+00 -3.314858913e-15 
d 0.000000000e+00 0.000000000e+00 -3.509569791e-05 1.000000000e-01 1.000000000e-01 3.509569791e-05 4.600000000e+00 4.600000000e+00 0.000000000e+00 -2.000000000e+00 -2.000000000e+00 -3.314748003e-15 
d 0.000000000e+00 0.000000000e+00 -3.557308861e-05 1.000000000e-01 1.000000000e-01 3.557308861e-05 4.650000000e+00 4.650000000e+00 0.000000000e+00 -2.000000000e+00 -2.000000000e+00 -3.314639333e-15 
d 0.000000000e+00 0.000000000e+00 -3.605000302e-05 1.000000000e-01 1.000000000e-01 3.605000302e-05 4.700000000e+00 4.700000000e+00 0.000000000e+00 -2.000000000e+00 -2.000000000e+00 -3.314532826e-15 
d 0.000000000e+00 0.000000000e+00 -3.652644854e-05 1.000000000e-01 1.000000000e-01 3.652644854e-05 4.750000000e+00 4.750000000e+00 0.000000000e+00 -2.000000000e+00 -2.000000000e+00 -3.314428409e-15 
d 0.000000000e+00 0.000000000e+00 -3.700243237e-05 1.000000000e-01 1.000000000e-01 3.700243237e-05 4.800000000e+00 4.800000000e+00 0.000000000e+00 -2.000000000e+00 -2.000000000e+00 -3.314326010e-15 
d 0.000000000e+00 0.000000000e+00 -3.747796148e-05 1.000000000e-01 1.000000000e-01 3.747796148e-05 4.850000000e+00 4.850000000e+00 0.000000000e+00 -2.000000000e+00 -2.000000000e+00 -3.314225562e-15 
d 0.000000000e+00 0.000000000e+00 -3.795304262e-05 1.000000000e-01 1.000000000e-01 3.795304262e-05 4.900000000e+00 4.900000000e+00 0.000000000e+00 -2.000000000e+00 -2.000000000e+00 -3.314127003e-15 
d 0.000000000e+00 0.000000000e+00 -3.842768236e-05 1.000000000e-01 1.000000000e-01 3.842768237e-05 4.950000000e+00 4.950000000e+00 0.000000000e+00 -2.000000000e+00 -2.000000000e+00 -3.314030271e-15 
d 0.000000000e+00 0.000000000e+00 -3.890188707e-05 1.000000000e-01 1.000000000e-01 3.890188707e-05 5.000000000e+00 5.000000000e+00 0.000000000e+00 -2.000000000e+00 -2.000000000e+00 -3.313935307e-15 
