v ATLAS
# This file was created by ATLAS version 5.32.1.R on Mon May 25 22:20:51 2026.
#SSF 2.0 generic
##############################################################################
#                    Copyright (c) 1984 - 2021                               #
#                    Silvaco Inc. All rights reserved                        #
#                                                                            #
# This file format and the following Key are copyright Silvaco Inc.          #
# You may not use, this format or key without reproducing this message in    #
# full and obtaining express written permission from Silvaco Inc.            #
#                                                                            #
# To obtain such permission please contact: Silvaco Inc.                     #
#                                           support@silvaco.com              #
#                                                                            #
# KEY=SVC86hn7562asdx                       PROD=345                         #
##############################################################################
y 3 700 711 15
z 1 0.02 300
f 4 "source" "drain" "gate" "substrate" 
p 12 2 601 20 3 602 21 4 603 22 5 604 23 
d 0.000000000e+00 0.000000000e+00 -1.031124399e-15 2.000000000e+00 2.000000000e+00 2.399488658e-15 0.000000000e+00 0.000000000e+00 0.000000000e+00 0.000000000e+00 0.000000000e+00 -1.053100914e-15 
d 0.000000000e+00 0.000000000e+00 -3.878917483e-15 2.000000000e+00 2.000000000e+00 4.906290689e-15 5.000000000e-02 5.000000000e-02 0.000000000e+00 0.000000000e+00 0.000000000e+00 -1.083516561e-15 
d 0.000000000e+00 0.000000000e+00 -1.529630570e-14 2.000000000e+00 2.000000000e+00 1.631744539e-14 1.000000000e-01 1.000000000e-01 0.000000000e+00 0.000000000e+00 0.000000000e+00 -1.121400448e-15 
d 0.000000000e+00 0.000000000e+00 -6.232332998e-14 2.000000000e+00 2.000000000e+00 6.364343713e-14 1.500000000e-01 1.500000000e-01 0.000000000e+00 0.000000000e+00 0.000000000e+00 -1.169625058e-15 
d 0.000000000e+00 0.000000000e+00 -2.609620288e-13 2.000000000e+00 2.000000000e+00 2.620773420e-13 2.000000000e-01 2.000000000e-01 0.000000000e+00 0.000000000e+00 0.000000000e+00 -1.224340514e-15 
d 0.000000000e+00 0.000000000e+00 -1.115649081e-12 2.000000000e+00 2.000000000e+00 1.116960030e-12 2.500000000e-01 2.500000000e-01 0.000000000e+00 0.000000000e+00 0.000000000e+00 -1.268917699e-15 
d 0.000000000e+00 0.000000000e+00 -4.850158273e-12 2.000000000e+00 2.000000000e+00 4.851265401e-12 3.000000000e-01 3.000000000e-01 0.000000000e+00 0.000000000e+00 0.000000000e+00 -1.283303824e-15 
d 0.000000000e+00 0.000000000e+00 -2.137437493e-11 2.000000000e+00 2.000000000e+00 2.137536205e-11 3.500000000e-01 3.500000000e-01 0.000000000e+00 0.000000000e+00 0.000000000e+00 -1.253984488e-15 
d 0.000000000e+00 0.000000000e+00 -9.522546911e-11 2.000000000e+00 2.000000000e+00 9.522641688e-11 4.000000000e-01 4.000000000e-01 0.000000000e+00 0.000000000e+00 0.000000000e+00 -1.197430433e-15 
d 0.000000000e+00 0.000000000e+00 -4.274905361e-10 2.000000000e+00 2.000000000e+00 4.274913379e-10 4.500000000e-01 4.500000000e-01 0.000000000e+00 0.000000000e+00 0.000000000e+00 -1.149046029e-15 
d 0.000000000e+00 0.000000000e+00 -1.922876789e-09 2.000000000e+00 2.000000000e+00 1.922877940e-09 5.000000000e-01 5.000000000e-01 0.000000000e+00 0.000000000e+00 0.000000000e+00 -1.116257318e-15 
d 0.000000000e+00 0.000000000e+00 -8.545870678e-09 2.000000000e+00 2.000000000e+00 8.545871852e-09 5.500000000e-01 5.500000000e-01 0.000000000e+00 0.000000000e+00 0.000000000e+00 -1.095124367e-15 
d 0.000000000e+00 0.000000000e+00 -3.609226318e-08 2.000000000e+00 2.000000000e+00 3.609226422e-08 6.000000000e-01 6.000000000e-01 0.000000000e+00 0.000000000e+00 0.000000000e+00 -1.084437900e-15 
d 0.000000000e+00 0.000000000e+00 -1.329327142e-07 2.000000000e+00 2.000000000e+00 1.329327154e-07 6.500000000e-01 6.500000000e-01 0.000000000e+00 0.000000000e+00 0.000000000e+00 -1.087449919e-15 
d 0.000000000e+00 0.000000000e+00 -3.881005231e-07 2.000000000e+00 2.000000000e+00 3.881005240e-07 7.000000000e-01 7.000000000e-01 0.000000000e+00 0.000000000e+00 0.000000000e+00 -1.107976516e-15 
d 0.000000000e+00 0.000000000e+00 -8.852448869e-07 2.000000000e+00 2.000000000e+00 8.852448883e-07 7.500000000e-01 7.500000000e-01 0.000000000e+00 0.000000000e+00 0.000000000e+00 -1.138362629e-15 
d 0.000000000e+00 0.000000000e+00 -1.663698091e-06 2.000000000e+00 2.000000000e+00 1.663698091e-06 8.000000000e-01 8.000000000e-01 0.000000000e+00 0.000000000e+00 0.000000000e+00 -1.175173104e-15 
d 0.000000000e+00 0.000000000e+00 -2.729010582e-06 2.000000000e+00 2.000000000e+00 2.729010583e-06 8.500000000e-01 8.500000000e-01 0.000000000e+00 0.000000000e+00 0.000000000e+00 -1.210364277e-15 
d 0.000000000e+00 0.000000000e+00 -4.071524313e-06 2.000000000e+00 2.000000000e+00 4.071524314e-06 9.000000000e-01 9.000000000e-01 0.000000000e+00 0.000000000e+00 0.000000000e+00 -1.243984987e-15 
d 0.000000000e+00 0.000000000e+00 -5.676033219e-06 2.000000000e+00 2.000000000e+00 5.676033220e-06 9.500000000e-01 9.500000000e-01 0.000000000e+00 0.000000000e+00 0.000000000e+00 7.591983585e-16 
d 0.000000000e+00 0.000000000e+00 -7.525822576e-06 2.000000000e+00 2.000000000e+00 7.525822578e-06 1.000000000e+00 1.000000000e+00 0.000000000e+00 0.000000000e+00 0.000000000e+00 -7.652451276e-16 
d 0.000000000e+00 0.000000000e+00 -9.604340805e-06 2.000000000e+00 2.000000000e+00 9.604340806e-06 1.050000000e+00 1.050000000e+00 0.000000000e+00 0.000000000e+00 0.000000000e+00 -1.165470973e-15 
d 0.000000000e+00 0.000000000e+00 -1.189588687e-05 2.000000000e+00 2.000000000e+00 1.189588687e-05 1.100000000e+00 1.100000000e+00 0.000000000e+00 0.000000000e+00 0.000000000e+00 -1.300963431e-15 
d 0.000000000e+00 0.000000000e+00 -1.438587449e-05 2.000000000e+00 2.000000000e+00 1.438587449e-05 1.150000000e+00 1.150000000e+00 0.000000000e+00 0.000000000e+00 0.000000000e+00 -1.362935616e-15 
d 0.000000000e+00 0.000000000e+00 -1.706089646e-05 2.000000000e+00 2.000000000e+00 1.706089646e-05 1.200000000e+00 1.200000000e+00 0.000000000e+00 0.000000000e+00 0.000000000e+00 -1.401021342e-15 
d 0.000000000e+00 0.000000000e+00 -1.990869920e-05 2.000000000e+00 2.000000000e+00 1.990869920e-05 1.250000000e+00 1.250000000e+00 0.000000000e+00 0.000000000e+00 0.000000000e+00 -1.429919380e-15 
d 0.000000000e+00 0.000000000e+00 -2.291810994e-05 2.000000000e+00 2.000000000e+00 2.291810994e-05 1.300000000e+00 1.300000000e+00 0.000000000e+00 0.000000000e+00 0.000000000e+00 -1.454587834e-15 
d 0.000000000e+00 0.000000000e+00 -2.607895880e-05 2.000000000e+00 2.000000000e+00 2.607895880e-05 1.350000000e+00 1.350000000e+00 0.000000000e+00 0.000000000e+00 0.000000000e+00 -1.476868184e-15 
d 0.000000000e+00 0.000000000e+00 -2.938196690e-05 2.000000000e+00 2.000000000e+00 2.938196690e-05 1.400000000e+00 1.400000000e+00 0.000000000e+00 0.000000000e+00 0.000000000e+00 -1.497529984e-15 
d 0.000000000e+00 0.000000000e+00 -3.281869432e-05 2.000000000e+00 2.000000000e+00 3.281869432e-05 1.450000000e+00 1.450000000e+00 0.000000000e+00 0.000000000e+00 0.000000000e+00 -1.516923957e-15 
d 0.000000000e+00 0.000000000e+00 -3.638139327e-05 2.000000000e+00 2.000000000e+00 3.638139327e-05 1.500000000e+00 1.500000000e+00 0.000000000e+00 0.000000000e+00 0.000000000e+00 -1.535241358e-15 
d 0.000000000e+00 0.000000000e+00 -4.006303202e-05 2.000000000e+00 2.000000000e+00 4.006303202e-05 1.550000000e+00 1.550000000e+00 0.000000000e+00 0.000000000e+00 0.000000000e+00 -1.552582005e-15 
d 0.000000000e+00 0.000000000e+00 -4.385709734e-05 2.000000000e+00 2.000000000e+00 4.385709734e-05 1.600000000e+00 1.600000000e+00 0.000000000e+00 0.000000000e+00 0.000000000e+00 -1.569035583e-15 
d 0.000000000e+00 0.000000000e+00 -4.775765689e-05 2.000000000e+00 2.000000000e+00 4.775765689e-05 1.650000000e+00 1.650000000e+00 0.000000000e+00 0.000000000e+00 0.000000000e+00 -1.584667505e-15 
d 0.000000000e+00 0.000000000e+00 -5.175923073e-05 2.000000000e+00 2.000000000e+00 5.175923073e-05 1.700000000e+00 1.700000000e+00 0.000000000e+00 0.000000000e+00 0.000000000e+00 -1.599541505e-15 
d 0.000000000e+00 0.000000000e+00 -5.585674215e-05 2.000000000e+00 2.000000000e+00 5.585674215e-05 1.750000000e+00 1.750000000e+00 0.000000000e+00 0.000000000e+00 0.000000000e+00 -1.613716268e-15 
d 0.000000000e+00 0.000000000e+00 -6.004553383e-05 2.000000000e+00 2.000000000e+00 6.004553383e-05 1.800000000e+00 1.800000000e+00 0.000000000e+00 0.000000000e+00 0.000000000e+00 -1.627250308e-15 
d 0.000000000e+00 0.000000000e+00 -6.432125247e-05 2.000000000e+00 2.000000000e+00 6.432125247e-05 1.850000000e+00 1.850000000e+00 0.000000000e+00 0.000000000e+00 0.000000000e+00 -1.640196904e-15 
d 0.000000000e+00 0.000000000e+00 -6.867987721e-05 2.000000000e+00 2.000000000e+00 6.867987721e-05 1.900000000e+00 1.900000000e+00 0.000000000e+00 0.000000000e+00 0.000000000e+00 -1.652605272e-15 
d 0.000000000e+00 0.000000000e+00 -7.311766223e-05 2.000000000e+00 2.000000000e+00 7.311766223e-05 1.950000000e+00 1.950000000e+00 0.000000000e+00 0.000000000e+00 0.000000000e+00 -1.664522020e-15 
d 0.000000000e+00 0.000000000e+00 -7.763110276e-05 2.000000000e+00 2.000000000e+00 7.763110276e-05 2.000000000e+00 2.000000000e+00 0.000000000e+00 0.000000000e+00 0.000000000e+00 -1.675988296e-15 
d 0.000000000e+00 0.000000000e+00 -8.221694608e-05 2.000000000e+00 2.000000000e+00 8.221694608e-05 2.050000000e+00 2.050000000e+00 0.000000000e+00 0.000000000e+00 0.000000000e+00 -1.687040739e-15 
d 0.000000000e+00 0.000000000e+00 -8.687212968e-05 2.000000000e+00 2.000000000e+00 8.687212968e-05 2.100000000e+00 2.100000000e+00 0.000000000e+00 0.000000000e+00 0.000000000e+00 -1.697710728e-15 
d 0.000000000e+00 0.000000000e+00 -9.159378787e-05 2.000000000e+00 2.000000000e+00 9.159378787e-05 2.150000000e+00 2.150000000e+00 0.000000000e+00 0.000000000e+00 0.000000000e+00 -1.708025764e-15 
d 0.000000000e+00 0.000000000e+00 -9.637924111e-05 2.000000000e+00 2.000000000e+00 9.637924111e-05 2.200000000e+00 2.200000000e+00 0.000000000e+00 0.000000000e+00 0.000000000e+00 -1.718010747e-15 
d 0.000000000e+00 0.000000000e+00 -1.012259540e-04 2.000000000e+00 2.000000000e+00 1.012259540e-04 2.250000000e+00 2.250000000e+00 0.000000000e+00 0.000000000e+00 0.000000000e+00 -1.727686463e-15 
d 0.000000000e+00 0.000000000e+00 -1.061315466e-04 2.000000000e+00 2.000000000e+00 1.061315466e-04 2.300000000e+00 2.300000000e+00 0.000000000e+00 0.000000000e+00 0.000000000e+00 -1.737070939e-15 
d 0.000000000e+00 0.000000000e+00 -1.110937831e-04 2.000000000e+00 2.000000000e+00 1.110937831e-04 2.350000000e+00 2.350000000e+00 0.000000000e+00 0.000000000e+00 0.000000000e+00 -1.746179791e-15 
d 0.000000000e+00 0.000000000e+00 -1.161105454e-04 2.000000000e+00 2.000000000e+00 1.161105454e-04 2.400000000e+00 2.400000000e+00 0.000000000e+00 0.000000000e+00 0.000000000e+00 -1.755026049e-15 
d 0.000000000e+00 0.000000000e+00 -1.211798310e-04 2.000000000e+00 2.000000000e+00 1.211798310e-04 2.450000000e+00 2.450000000e+00 0.000000000e+00 0.000000000e+00 0.000000000e+00 -1.763622103e-15 
d 0.000000000e+00 0.000000000e+00 -1.262997540e-04 2.000000000e+00 2.000000000e+00 1.262997540e-04 2.500000000e+00 2.500000000e+00 0.000000000e+00 0.000000000e+00 0.000000000e+00 -1.771978903e-15 
d 0.000000000e+00 0.000000000e+00 -1.314685229e-04 2.000000000e+00 2.000000000e+00 1.314685229e-04 2.550000000e+00 2.550000000e+00 0.000000000e+00 0.000000000e+00 0.000000000e+00 -1.780106174e-15 
d 0.000000000e+00 0.000000000e+00 -1.366844390e-04 2.000000000e+00 2.000000000e+00 1.366844390e-04 2.600000000e+00 2.600000000e+00 0.000000000e+00 0.000000000e+00 0.000000000e+00 -1.788012641e-15 
d 0.000000000e+00 0.000000000e+00 -1.419458890e-04 2.000000000e+00 2.000000000e+00 1.419458890e-04 2.650000000e+00 2.650000000e+00 0.000000000e+00 0.000000000e+00 0.000000000e+00 -1.795706305e-15 
d 0.000000000e+00 0.000000000e+00 -1.472513409e-04 2.000000000e+00 2.000000000e+00 1.472513409e-04 2.700000000e+00 2.700000000e+00 0.000000000e+00 0.000000000e+00 0.000000000e+00 -1.803194184e-15 
d 0.000000000e+00 0.000000000e+00 -1.525993379e-04 2.000000000e+00 2.000000000e+00 1.525993379e-04 2.750000000e+00 2.750000000e+00 0.000000000e+00 0.000000000e+00 0.000000000e+00 -1.810483519e-15 
d 0.000000000e+00 0.000000000e+00 -1.579884937e-04 2.000000000e+00 2.000000000e+00 1.579884937e-04 2.800000000e+00 2.800000000e+00 0.000000000e+00 0.000000000e+00 0.000000000e+00 -1.817581245e-15 
d 0.000000000e+00 0.000000000e+00 -1.634174857e-04 2.000000000e+00 2.000000000e+00 1.634174857e-04 2.850000000e+00 2.850000000e+00 0.000000000e+00 0.000000000e+00 0.000000000e+00 -1.824493615e-15 
d 0.000000000e+00 0.000000000e+00 -1.688850526e-04 2.000000000e+00 2.000000000e+00 1.688850526e-04 2.900000000e+00 2.900000000e+00 0.000000000e+00 0.000000000e+00 0.000000000e+00 -1.831227154e-15 
d 0.000000000e+00 0.000000000e+00 -1.743899896e-04 2.000000000e+00 2.000000000e+00 1.743899896e-04 2.950000000e+00 2.950000000e+00 0.000000000e+00 0.000000000e+00 0.000000000e+00 -1.837788009e-15 
d 0.000000000e+00 0.000000000e+00 -1.799311275e-04 2.000000000e+00 2.000000000e+00 1.799311275e-04 3.000000000e+00 3.000000000e+00 0.000000000e+00 0.000000000e+00 0.000000000e+00 -1.844182211e-15 
d 0.000000000e+00 0.000000000e+00 -1.855073776e-04 2.000000000e+00 2.000000000e+00 1.855073776e-04 3.050000000e+00 3.050000000e+00 0.000000000e+00 0.000000000e+00 0.000000000e+00 -1.850415380e-15 
d 0.000000000e+00 0.000000000e+00 -1.911176860e-04 2.000000000e+00 2.000000000e+00 1.911176860e-04 3.100000000e+00 3.100000000e+00 0.000000000e+00 0.000000000e+00 0.000000000e+00 -1.856492782e-15 
d 0.000000000e+00 0.000000000e+00 -1.967610402e-04 2.000000000e+00 2.000000000e+00 1.967610402e-04 3.150000000e+00 3.150000000e+00 0.000000000e+00 0.000000000e+00 0.000000000e+00 -1.862419904e-15 
d 0.000000000e+00 0.000000000e+00 -2.024364687e-04 2.000000000e+00 2.000000000e+00 2.024364687e-04 3.200000000e+00 3.200000000e+00 0.000000000e+00 0.000000000e+00 0.000000000e+00 -1.868202265e-15 
d 0.000000000e+00 0.000000000e+00 -2.081430379e-04 2.000000000e+00 2.000000000e+00 2.081430379e-04 3.250000000e+00 3.250000000e+00 0.000000000e+00 0.000000000e+00 0.000000000e+00 -1.873844957e-15 
d 0.000000000e+00 0.000000000e+00 -2.138798499e-04 2.000000000e+00 2.000000000e+00 2.138798499e-04 3.300000000e+00 3.300000000e+00 0.000000000e+00 0.000000000e+00 0.000000000e+00 -1.879352994e-15 
d 0.000000000e+00 0.000000000e+00 -2.196460404e-04 2.000000000e+00 2.000000000e+00 2.196460404e-04 3.350000000e+00 3.350000000e+00 0.000000000e+00 0.000000000e+00 0.000000000e+00 -1.884730974e-15 
d 0.000000000e+00 0.000000000e+00 -2.254407764e-04 2.000000000e+00 2.000000000e+00 2.254407764e-04 3.400000000e+00 3.400000000e+00 0.000000000e+00 0.000000000e+00 0.000000000e+00 -1.889983900e-15 
d 0.000000000e+00 0.000000000e+00 -2.312632533e-04 2.000000000e+00 2.000000000e+00 2.312632533e-04 3.450000000e+00 3.450000000e+00 0.000000000e+00 0.000000000e+00 0.000000000e+00 -1.895116143e-15 
d 0.000000000e+00 0.000000000e+00 -2.371126956e-04 2.000000000e+00 2.000000000e+00 2.371126956e-04 3.500000000e+00 3.500000000e+00 0.000000000e+00 0.000000000e+00 0.000000000e+00 -1.900132164e-15 
d 0.000000000e+00 0.000000000e+00 -2.429883528e-04 2.000000000e+00 2.000000000e+00 2.429883528e-04 3.550000000e+00 3.550000000e+00 0.000000000e+00 0.000000000e+00 0.000000000e+00 -1.905036112e-15 
d 0.000000000e+00 0.000000000e+00 -2.488894985e-04 2.000000000e+00 2.000000000e+00 2.488894985e-04 3.600000000e+00 3.600000000e+00 0.000000000e+00 0.000000000e+00 0.000000000e+00 -1.909831793e-15 
d 0.000000000e+00 0.000000000e+00 -2.548154282e-04 2.000000000e+00 2.000000000e+00 2.548154282e-04 3.650000000e+00 3.650000000e+00 0.000000000e+00 0.000000000e+00 0.000000000e+00 -1.914523324e-15 
d 0.000000000e+00 0.000000000e+00 -2.607654536e-04 2.000000000e+00 2.000000000e+00 2.607654536e-04 3.700000000e+00 3.700000000e+00 0.000000000e+00 0.000000000e+00 0.000000000e+00 -1.919114159e-15 
d 0.000000000e+00 0.000000000e+00 -2.667389144e-04 2.000000000e+00 2.000000000e+00 2.667389144e-04 3.750000000e+00 3.750000000e+00 0.000000000e+00 0.000000000e+00 0.000000000e+00 -1.923607840e-15 
d 0.000000000e+00 0.000000000e+00 -2.727351650e-04 2.000000000e+00 2.000000000e+00 2.727351650e-04 3.800000000e+00 3.800000000e+00 0.000000000e+00 0.000000000e+00 0.000000000e+00 -1.928007871e-15 
d 0.000000000e+00 0.000000000e+00 -2.787535755e-04 2.000000000e+00 2.000000000e+00 2.787535755e-04 3.850000000e+00 3.850000000e+00 0.000000000e+00 0.000000000e+00 0.000000000e+00 -1.932317353e-15 
d 0.000000000e+00 0.000000000e+00 -2.847935311e-04 2.000000000e+00 2.000000000e+00 2.847935311e-04 3.900000000e+00 3.900000000e+00 0.000000000e+00 0.000000000e+00 0.000000000e+00 -1.936539362e-15 
d 0.000000000e+00 0.000000000e+00 -2.908544309e-04 2.000000000e+00 2.000000000e+00 2.908544309e-04 3.950000000e+00 3.950000000e+00 0.000000000e+00 0.000000000e+00 0.000000000e+00 -1.940676725e-15 
d 0.000000000e+00 0.000000000e+00 -2.969356864e-04 2.000000000e+00 2.000000000e+00 2.969356864e-04 4.000000000e+00 4.000000000e+00 0.000000000e+00 0.000000000e+00 0.000000000e+00 -1.944731833e-15 
d 0.000000000e+00 0.000000000e+00 -3.030367209e-04 2.000000000e+00 2.000000000e+00 3.030367209e-04 4.050000000e+00 4.050000000e+00 0.000000000e+00 0.000000000e+00 0.000000000e+00 -1.948707510e-15 
d 0.000000000e+00 0.000000000e+00 -3.091569676e-04 2.000000000e+00 2.000000000e+00 3.091569676e-04 4.100000000e+00 4.100000000e+00 0.000000000e+00 0.000000000e+00 0.000000000e+00 -1.952606180e-15 
d 0.000000000e+00 0.000000000e+00 -3.152958690e-04 2.000000000e+00 2.000000000e+00 3.152958690e-04 4.150000000e+00 4.150000000e+00 0.000000000e+00 0.000000000e+00 0.000000000e+00 -1.956430002e-15 
d 0.000000000e+00 0.000000000e+00 -3.214528755e-04 2.000000000e+00 2.000000000e+00 3.214528755e-04 4.200000000e+00 4.200000000e+00 0.000000000e+00 0.000000000e+00 0.000000000e+00 -1.960180956e-15 
d 0.000000000e+00 0.000000000e+00 -3.276274446e-04 2.000000000e+00 2.000000000e+00 3.276274446e-04 4.250000000e+00 4.250000000e+00 0.000000000e+00 0.000000000e+00 0.000000000e+00 -1.963861195e-15 
d 0.000000000e+00 0.000000000e+00 -3.338190397e-04 2.000000000e+00 2.000000000e+00 3.338190397e-04 4.300000000e+00 4.300000000e+00 0.000000000e+00 0.000000000e+00 0.000000000e+00 -1.967472539e-15 
d 0.000000000e+00 0.000000000e+00 -3.400271292e-04 2.000000000e+00 2.000000000e+00 3.400271292e-04 4.350000000e+00 4.350000000e+00 0.000000000e+00 0.000000000e+00 0.000000000e+00 -1.971016698e-15 
d 0.000000000e+00 0.000000000e+00 -3.462511856e-04 2.000000000e+00 2.000000000e+00 3.462511856e-04 4.400000000e+00 4.400000000e+00 0.000000000e+00 0.000000000e+00 0.000000000e+00 -1.974495221e-15 
d 0.000000000e+00 0.000000000e+00 -3.524906839e-04 2.000000000e+00 2.000000000e+00 3.524906839e-04 4.450000000e+00 4.450000000e+00 0.000000000e+00 0.000000000e+00 0.000000000e+00 -1.977909466e-15 
d 0.000000000e+00 0.000000000e+00 -3.587451024e-04 2.000000000e+00 2.000000000e+00 3.587451024e-04 4.500000000e+00 4.500000000e+00 0.000000000e+00 0.000000000e+00 0.000000000e+00 -1.981260826e-15 
d 0.000000000e+00 0.000000000e+00 -3.650139220e-04 2.000000000e+00 2.000000000e+00 3.650139220e-04 4.550000000e+00 4.550000000e+00 0.000000000e+00 0.000000000e+00 0.000000000e+00 -1.984550639e-15 
d 0.000000000e+00 0.000000000e+00 -3.712966241e-04 2.000000000e+00 2.000000000e+00 3.712966241e-04 4.600000000e+00 4.600000000e+00 0.000000000e+00 0.000000000e+00 0.000000000e+00 -1.987779965e-15 
d 0.000000000e+00 0.000000000e+00 -3.775926911e-04 2.000000000e+00 2.000000000e+00 3.775926911e-04 4.650000000e+00 4.650000000e+00 0.000000000e+00 0.000000000e+00 0.000000000e+00 -1.990949805e-15 
d 0.000000000e+00 0.000000000e+00 -3.839016064e-04 2.000000000e+00 2.000000000e+00 3.839016064e-04 4.700000000e+00 4.700000000e+00 0.000000000e+00 0.000000000e+00 0.000000000e+00 -1.994061097e-15 
d 0.000000000e+00 0.000000000e+00 -3.902228536e-04 2.000000000e+00 2.000000000e+00 3.902228536e-04 4.750000000e+00 4.750000000e+00 0.000000000e+00 0.000000000e+00 0.000000000e+00 -1.997114823e-15 
d 0.000000000e+00 0.000000000e+00 -3.965559172e-04 2.000000000e+00 2.000000000e+00 3.965559172e-04 4.800000000e+00 4.800000000e+00 0.000000000e+00 0.000000000e+00 0.000000000e+00 -2.000111736e-15 
d 0.000000000e+00 0.000000000e+00 -4.029002824e-04 2.000000000e+00 2.000000000e+00 4.029002824e-04 4.850000000e+00 4.850000000e+00 0.000000000e+00 0.000000000e+00 0.000000000e+00 -2.003052473e-15 
d 0.000000000e+00 0.000000000e+00 -4.092554358e-04 2.000000000e+00 2.000000000e+00 4.092554358e-04 4.900000000e+00 4.900000000e+00 0.000000000e+00 0.000000000e+00 0.000000000e+00 -2.005937600e-15 
d 0.000000000e+00 0.000000000e+00 -4.156208657e-04 2.000000000e+00 2.000000000e+00 4.156208657e-04 4.950000000e+00 4.950000000e+00 0.000000000e+00 0.000000000e+00 0.000000000e+00 -2.008767573e-15 
d 0.000000000e+00 0.000000000e+00 -4.219960633e-04 2.000000000e+00 2.000000000e+00 4.219960633e-04 5.000000000e+00 5.000000000e+00 0.000000000e+00 0.000000000e+00 0.000000000e+00 -2.011543276e-15 
